Nov 24, 2014 1:01:59 PM org.apache.catalina.core.AprLifecycleListener init
INFO: The APR based Apache Tomcat Native library which allows optimal performance in production environments was not found on the java.library.path: /usr/lib/jvm/java-6-openjdk-amd64/jre/lib/amd64/server:/usr/lib/jvm/java-6-openjdk-amd64/jre/lib/amd64:/usr/lib/jvm/java-6-openjdk-amd64/jre/../lib/amd64:/oracle/lib:/usr/java/packages/lib/amd64:/usr/lib/x86_64-linux-gnu/jni:/lib/x86_64-linux-gnu:/usr/lib/x86_64-linux-gnu:/usr/lib/jni:/lib:/usr/lib
Nov 24, 2014 1:02:00 PM org.apache.coyote.http11.Http11Protocol init
INFO: Initializing Coyote HTTP/1.1 on http-16310
Nov 24, 2014 1:02:00 PM org.apache.catalina.startup.Catalina load
INFO: Initialization processed in 825 ms
Nov 24, 2014 1:02:00 PM org.apache.catalina.core.StandardService start
INFO: Starting service Catalina
Nov 24, 2014 1:02:00 PM org.apache.catalina.core.StandardEngine start
INFO: Starting Servlet Engine: Apache Tomcat/6.0.35
Nov 24, 2014 1:02:00 PM org.apache.catalina.startup.HostConfig deployDirectory
INFO: Deploying web application directory Concur
Nov 24, 2014 1:02:00 PM org.apache.catalina.startup.HostConfig deployDirectory
INFO: Deploying web application directory ROOT
Nov 24, 2014 1:02:00 PM org.apache.catalina.startup.HostConfig deployDirectory
INFO: Deploying web application directory OnlineImageProcess
Nov 24, 2014 1:02:01 PM org.apache.catalina.startup.HostConfig deployDirectory
INFO: Deploying web application directory File Upload Applet_files
Nov 24, 2014 1:02:01 PM org.apache.catalina.startup.HostConfig deployDirectory
INFO: Deploying web application directory proj1
Nov 24, 2014 1:02:01 PM org.apache.catalina.startup.HostConfig deployDirectory
INFO: Deploying web application directory Banff Park_files
Nov 24, 2014 1:02:01 PM org.apache.coyote.http11.Http11Protocol start
INFO: Starting Coyote HTTP/1.1 on http-16310
Nov 24, 2014 1:02:01 PM org.apache.jk.common.ChannelSocket init
INFO: JK: ajp13 listening on /0.0.0.0:8009
Nov 24, 2014 1:02:01 PM org.apache.jk.server.JkMain start
INFO: Jk running ID=0 time=0/12  config=null
Nov 24, 2014 1:02:01 PM org.apache.catalina.startup.Catalina start
INFO: Server startup in 1328 ms
Nov 24, 2014 1:04:12 PM org.apache.catalina.startup.HostConfig checkResources
INFO: Undeploying context [/OnlineImageProcess]
Nov 24, 2014 1:04:12 PM org.apache.catalina.startup.HostConfig deployDirectory
INFO: Deploying web application directory OnlineImageProcess5
Nov 24, 2014 1:04:22 PM org.apache.catalina.startup.HostConfig checkResources
INFO: Undeploying context [/OnlineImageProcess5]
Nov 24, 2014 1:04:22 PM org.apache.catalina.startup.HostConfig deployDirectory
INFO: Deploying web application directory OnlineImageProcess
Nov 24, 2014 1:15:10 PM org.apache.coyote.http11.Http11Protocol pause
INFO: Pausing Coyote HTTP/1.1 on http-16310
Nov 24, 2014 1:15:11 PM org.apache.catalina.core.StandardService stop
INFO: Stopping service Catalina
Nov 24, 2014 1:15:11 PM org.apache.coyote.http11.Http11Protocol destroy
INFO: Stopping Coyote HTTP/1.1 on http-16310
Nov 24, 2014 1:15:32 PM org.apache.catalina.core.AprLifecycleListener init
INFO: The APR based Apache Tomcat Native library which allows optimal performance in production environments was not found on the java.library.path: /usr/lib/jvm/java-6-openjdk-amd64/jre/lib/amd64/server:/usr/lib/jvm/java-6-openjdk-amd64/jre/lib/amd64:/usr/lib/jvm/java-6-openjdk-amd64/jre/../lib/amd64:/oracle/lib:/usr/java/packages/lib/amd64:/usr/lib/x86_64-linux-gnu/jni:/lib/x86_64-linux-gnu:/usr/lib/x86_64-linux-gnu:/usr/lib/jni:/lib:/usr/lib
Nov 24, 2014 1:15:32 PM org.apache.coyote.http11.Http11Protocol init
INFO: Initializing Coyote HTTP/1.1 on http-16310
Nov 24, 2014 1:15:32 PM org.apache.catalina.startup.Catalina load
INFO: Initialization processed in 335 ms
Nov 24, 2014 1:15:32 PM org.apache.catalina.core.StandardService start
INFO: Starting service Catalina
Nov 24, 2014 1:15:32 PM org.apache.catalina.core.StandardEngine start
INFO: Starting Servlet Engine: Apache Tomcat/6.0.35
Nov 24, 2014 1:15:32 PM org.apache.catalina.startup.HostConfig deployDirectory
INFO: Deploying web application directory Concur
Nov 24, 2014 1:15:32 PM org.apache.catalina.startup.HostConfig deployDirectory
INFO: Deploying web application directory ROOT
Nov 24, 2014 1:15:33 PM org.apache.catalina.startup.HostConfig deployDirectory
INFO: Deploying web application directory OnlineImageProcess
Nov 24, 2014 1:15:33 PM org.apache.catalina.startup.HostConfig deployDirectory
INFO: Deploying web application directory File Upload Applet_files
Nov 24, 2014 1:15:33 PM org.apache.catalina.startup.HostConfig deployDirectory
INFO: Deploying web application directory proj1
Nov 24, 2014 1:15:33 PM org.apache.catalina.startup.HostConfig deployDirectory
INFO: Deploying web application directory Banff Park_files
Nov 24, 2014 1:15:33 PM org.apache.coyote.http11.Http11Protocol start
INFO: Starting Coyote HTTP/1.1 on http-16310
Nov 24, 2014 1:15:33 PM org.apache.jk.common.ChannelSocket init
INFO: JK: ajp13 listening on /0.0.0.0:8009
Nov 24, 2014 1:15:33 PM org.apache.jk.server.JkMain start
INFO: Jk running ID=0 time=0/10  config=null
Nov 24, 2014 1:15:33 PM org.apache.catalina.startup.Catalina start
INFO: Server startup in 316 ms
Nov 24, 2014 1:18:36 PM org.apache.coyote.http11.Http11Protocol pause
INFO: Pausing Coyote HTTP/1.1 on http-16310
Nov 24, 2014 1:18:37 PM org.apache.catalina.core.StandardService stop
INFO: Stopping service Catalina
Nov 24, 2014 1:18:37 PM org.apache.catalina.loader.WebappClassLoader clearReferencesJdbc
SEVERE: The web application [/OnlineImageProcess] registered the JDBC driver [oracle.jdbc.OracleDriver] but failed to unregister it when the web application was stopped. To prevent a memory leak, the JDBC Driver has been forcibly unregistered.
Nov 24, 2014 1:18:37 PM org.apache.coyote.http11.Http11Protocol destroy
INFO: Stopping Coyote HTTP/1.1 on http-16310
Nov 24, 2014 1:18:39 PM org.apache.catalina.core.AprLifecycleListener init
INFO: The APR based Apache Tomcat Native library which allows optimal performance in production environments was not found on the java.library.path: /usr/lib/jvm/java-6-openjdk-amd64/jre/lib/amd64/server:/usr/lib/jvm/java-6-openjdk-amd64/jre/lib/amd64:/usr/lib/jvm/java-6-openjdk-amd64/jre/../lib/amd64:/oracle/lib:/usr/java/packages/lib/amd64:/usr/lib/x86_64-linux-gnu/jni:/lib/x86_64-linux-gnu:/usr/lib/x86_64-linux-gnu:/usr/lib/jni:/lib:/usr/lib
Nov 24, 2014 1:18:40 PM org.apache.coyote.http11.Http11Protocol init
INFO: Initializing Coyote HTTP/1.1 on http-16310
Nov 24, 2014 1:18:40 PM org.apache.catalina.startup.Catalina load
INFO: Initialization processed in 340 ms
Nov 24, 2014 1:18:40 PM org.apache.catalina.core.StandardService start
INFO: Starting service Catalina
Nov 24, 2014 1:18:40 PM org.apache.catalina.core.StandardEngine start
INFO: Starting Servlet Engine: Apache Tomcat/6.0.35
Nov 24, 2014 1:18:40 PM org.apache.catalina.startup.HostConfig deployDirectory
INFO: Deploying web application directory Concur
Nov 24, 2014 1:18:40 PM org.apache.catalina.startup.HostConfig deployDirectory
INFO: Deploying web application directory ROOT
Nov 24, 2014 1:18:40 PM org.apache.catalina.startup.HostConfig deployDirectory
INFO: Deploying web application directory OnlineImageProcess
Nov 24, 2014 1:18:40 PM org.apache.catalina.startup.HostConfig deployDirectory
INFO: Deploying web application directory File Upload Applet_files
Nov 24, 2014 1:18:40 PM org.apache.catalina.startup.HostConfig deployDirectory
INFO: Deploying web application directory proj1
Nov 24, 2014 1:18:40 PM org.apache.catalina.startup.HostConfig deployDirectory
INFO: Deploying web application directory Banff Park_files
Nov 24, 2014 1:18:40 PM org.apache.coyote.http11.Http11Protocol start
INFO: Starting Coyote HTTP/1.1 on http-16310
Nov 24, 2014 1:18:40 PM org.apache.jk.common.ChannelSocket init
INFO: JK: ajp13 listening on /0.0.0.0:8009
Nov 24, 2014 1:18:40 PM org.apache.jk.server.JkMain start
INFO: Jk running ID=0 time=0/11  config=null
Nov 24, 2014 1:18:40 PM org.apache.catalina.startup.Catalina start
INFO: Server startup in 333 ms
Nov 24, 2014 1:38:53 PM org.apache.coyote.http11.Http11Protocol pause
INFO: Pausing Coyote HTTP/1.1 on http-16310
Nov 24, 2014 1:38:54 PM org.apache.catalina.core.StandardService stop
INFO: Stopping service Catalina
Nov 24, 2014 1:38:54 PM org.apache.catalina.loader.WebappClassLoader clearReferencesJdbc
SEVERE: The web application [/OnlineImageProcess] registered the JDBC driver [oracle.jdbc.OracleDriver] but failed to unregister it when the web application was stopped. To prevent a memory leak, the JDBC Driver has been forcibly unregistered.
Nov 24, 2014 1:38:54 PM org.apache.coyote.http11.Http11Protocol destroy
INFO: Stopping Coyote HTTP/1.1 on http-16310
Nov 24, 2014 1:39:00 PM org.apache.catalina.core.AprLifecycleListener init
INFO: The APR based Apache Tomcat Native library which allows optimal performance in production environments was not found on the java.library.path: /usr/lib/jvm/java-6-openjdk-amd64/jre/lib/amd64/server:/usr/lib/jvm/java-6-openjdk-amd64/jre/lib/amd64:/usr/lib/jvm/java-6-openjdk-amd64/jre/../lib/amd64:/oracle/lib:/usr/java/packages/lib/amd64:/usr/lib/x86_64-linux-gnu/jni:/lib/x86_64-linux-gnu:/usr/lib/x86_64-linux-gnu:/usr/lib/jni:/lib:/usr/lib
Nov 24, 2014 1:39:00 PM org.apache.coyote.http11.Http11Protocol init
INFO: Initializing Coyote HTTP/1.1 on http-16310
Nov 24, 2014 1:39:00 PM org.apache.catalina.startup.Catalina load
INFO: Initialization processed in 342 ms
Nov 24, 2014 1:39:00 PM org.apache.catalina.core.StandardService start
INFO: Starting service Catalina
Nov 24, 2014 1:39:00 PM org.apache.catalina.core.StandardEngine start
INFO: Starting Servlet Engine: Apache Tomcat/6.0.35
Nov 24, 2014 1:39:00 PM org.apache.catalina.startup.HostConfig deployDirectory
INFO: Deploying web application directory Concur
Nov 24, 2014 1:39:00 PM org.apache.catalina.startup.HostConfig deployDirectory
INFO: Deploying web application directory ROOT
Nov 24, 2014 1:39:00 PM org.apache.catalina.startup.HostConfig deployDirectory
INFO: Deploying web application directory OnlineImageProcess
Nov 24, 2014 1:39:00 PM org.apache.catalina.startup.HostConfig deployDirectory
INFO: Deploying web application directory File Upload Applet_files
Nov 24, 2014 1:39:00 PM org.apache.catalina.startup.HostConfig deployDirectory
INFO: Deploying web application directory proj1
Nov 24, 2014 1:39:00 PM org.apache.catalina.startup.HostConfig deployDirectory
INFO: Deploying web application directory Banff Park_files
Nov 24, 2014 1:39:00 PM org.apache.coyote.http11.Http11Protocol start
INFO: Starting Coyote HTTP/1.1 on http-16310
Nov 24, 2014 1:39:00 PM org.apache.jk.common.ChannelSocket init
INFO: JK: ajp13 listening on /0.0.0.0:8009
Nov 24, 2014 1:39:00 PM org.apache.jk.server.JkMain start
INFO: Jk running ID=0 time=0/12  config=null
Nov 24, 2014 1:39:00 PM org.apache.catalina.startup.Catalina start
INFO: Server startup in 341 ms
Nov 24, 2014 1:43:48 PM org.apache.coyote.http11.Http11Protocol pause
INFO: Pausing Coyote HTTP/1.1 on http-16310
Nov 24, 2014 1:43:49 PM org.apache.catalina.core.StandardService stop
INFO: Stopping service Catalina
Nov 24, 2014 1:43:49 PM org.apache.catalina.loader.WebappClassLoader clearReferencesJdbc
SEVERE: The web application [/OnlineImageProcess] registered the JDBC driver [oracle.jdbc.OracleDriver] but failed to unregister it when the web application was stopped. To prevent a memory leak, the JDBC Driver has been forcibly unregistered.
Nov 24, 2014 1:43:49 PM org.apache.coyote.http11.Http11Protocol destroy
INFO: Stopping Coyote HTTP/1.1 on http-16310
Nov 24, 2014 1:43:51 PM org.apache.catalina.core.AprLifecycleListener init
INFO: The APR based Apache Tomcat Native library which allows optimal performance in production environments was not found on the java.library.path: /usr/lib/jvm/java-6-openjdk-amd64/jre/lib/amd64/server:/usr/lib/jvm/java-6-openjdk-amd64/jre/lib/amd64:/usr/lib/jvm/java-6-openjdk-amd64/jre/../lib/amd64:/oracle/lib:/usr/java/packages/lib/amd64:/usr/lib/x86_64-linux-gnu/jni:/lib/x86_64-linux-gnu:/usr/lib/x86_64-linux-gnu:/usr/lib/jni:/lib:/usr/lib
Nov 24, 2014 1:43:52 PM org.apache.coyote.http11.Http11Protocol init
INFO: Initializing Coyote HTTP/1.1 on http-16310
Nov 24, 2014 1:43:52 PM org.apache.catalina.startup.Catalina load
INFO: Initialization processed in 338 ms
Nov 24, 2014 1:43:52 PM org.apache.catalina.core.StandardService start
INFO: Starting service Catalina
Nov 24, 2014 1:43:52 PM org.apache.catalina.core.StandardEngine start
INFO: Starting Servlet Engine: Apache Tomcat/6.0.35
Nov 24, 2014 1:43:52 PM org.apache.catalina.startup.HostConfig deployDirectory
INFO: Deploying web application directory Concur
Nov 24, 2014 1:43:52 PM org.apache.catalina.startup.HostConfig deployDirectory
INFO: Deploying web application directory ROOT
Nov 24, 2014 1:43:52 PM org.apache.catalina.startup.HostConfig deployDirectory
INFO: Deploying web application directory OnlineImageProcess
Nov 24, 2014 1:43:52 PM org.apache.catalina.startup.HostConfig deployDirectory
INFO: Deploying web application directory File Upload Applet_files
Nov 24, 2014 1:43:52 PM org.apache.catalina.startup.HostConfig deployDirectory
INFO: Deploying web application directory proj1
Nov 24, 2014 1:43:52 PM org.apache.catalina.startup.HostConfig deployDirectory
INFO: Deploying web application directory Banff Park_files
Nov 24, 2014 1:43:52 PM org.apache.coyote.http11.Http11Protocol start
INFO: Starting Coyote HTTP/1.1 on http-16310
Nov 24, 2014 1:43:52 PM org.apache.jk.common.ChannelSocket init
INFO: JK: ajp13 listening on /0.0.0.0:8009
Nov 24, 2014 1:43:52 PM org.apache.jk.server.JkMain start
INFO: Jk running ID=0 time=0/11  config=null
Nov 24, 2014 1:43:52 PM org.apache.catalina.startup.Catalina start
INFO: Server startup in 350 ms
Nov 24, 2014 2:00:20 PM org.apache.coyote.http11.Http11Protocol pause
INFO: Pausing Coyote HTTP/1.1 on http-16310
Nov 24, 2014 2:00:21 PM org.apache.catalina.core.StandardService stop
INFO: Stopping service Catalina
Nov 24, 2014 2:00:21 PM org.apache.catalina.loader.WebappClassLoader clearReferencesJdbc
SEVERE: The web application [/OnlineImageProcess] registered the JDBC driver [oracle.jdbc.OracleDriver] but failed to unregister it when the web application was stopped. To prevent a memory leak, the JDBC Driver has been forcibly unregistered.
Nov 24, 2014 2:00:21 PM org.apache.coyote.http11.Http11Protocol destroy
INFO: Stopping Coyote HTTP/1.1 on http-16310
Nov 24, 2014 3:15:59 PM org.apache.catalina.core.AprLifecycleListener init
INFO: The APR based Apache Tomcat Native library which allows optimal performance in production environments was not found on the java.library.path: /usr/lib/jvm/java-6-openjdk-amd64/jre/lib/amd64/server:/usr/lib/jvm/java-6-openjdk-amd64/jre/lib/amd64:/usr/lib/jvm/java-6-openjdk-amd64/jre/../lib/amd64:/oracle/lib:/usr/java/packages/lib/amd64:/usr/lib/x86_64-linux-gnu/jni:/lib/x86_64-linux-gnu:/usr/lib/x86_64-linux-gnu:/usr/lib/jni:/lib:/usr/lib
Nov 24, 2014 3:15:59 PM org.apache.coyote.http11.Http11Protocol init
INFO: Initializing Coyote HTTP/1.1 on http-16310
Nov 24, 2014 3:15:59 PM org.apache.catalina.startup.Catalina load
INFO: Initialization processed in 447 ms
Nov 24, 2014 3:16:00 PM org.apache.catalina.core.StandardService start
INFO: Starting service Catalina
Nov 24, 2014 3:16:00 PM org.apache.catalina.core.StandardEngine start
INFO: Starting Servlet Engine: Apache Tomcat/6.0.35
Nov 24, 2014 3:16:00 PM org.apache.catalina.startup.HostConfig deployDirectory
INFO: Deploying web application directory Concur
Nov 24, 2014 3:16:00 PM org.apache.catalina.startup.HostConfig deployDirectory
INFO: Deploying web application directory ROOT
Nov 24, 2014 3:16:00 PM org.apache.catalina.startup.HostConfig deployDirectory
INFO: Deploying web application directory OnlineImageProcess
Nov 24, 2014 3:16:00 PM org.apache.catalina.startup.HostConfig deployDirectory
INFO: Deploying web application directory File Upload Applet_files
Nov 24, 2014 3:16:00 PM org.apache.catalina.startup.HostConfig deployDirectory
INFO: Deploying web application directory proj1
Nov 24, 2014 3:16:00 PM org.apache.catalina.startup.HostConfig deployDirectory
INFO: Deploying web application directory Banff Park_files
Nov 24, 2014 3:16:01 PM org.apache.coyote.http11.Http11Protocol start
INFO: Starting Coyote HTTP/1.1 on http-16310
Nov 24, 2014 3:16:01 PM org.apache.jk.common.ChannelSocket init
INFO: JK: ajp13 listening on /0.0.0.0:8009
Nov 24, 2014 3:16:01 PM org.apache.jk.server.JkMain start
INFO: Jk running ID=0 time=0/11  config=null
Nov 24, 2014 3:16:01 PM org.apache.catalina.startup.Catalina start
INFO: Server startup in 1072 ms
Nov 24, 2014 3:24:15 PM org.apache.coyote.http11.Http11Protocol pause
INFO: Pausing Coyote HTTP/1.1 on http-16310
Nov 24, 2014 3:24:16 PM org.apache.catalina.core.StandardService stop
INFO: Stopping service Catalina
Nov 24, 2014 3:24:16 PM org.apache.coyote.http11.Http11Protocol destroy
INFO: Stopping Coyote HTTP/1.1 on http-16310
Nov 24, 2014 3:24:50 PM org.apache.catalina.core.AprLifecycleListener init
INFO: The APR based Apache Tomcat Native library which allows optimal performance in production environments was not found on the java.library.path: /usr/lib/jvm/java-6-openjdk-amd64/jre/lib/amd64/server:/usr/lib/jvm/java-6-openjdk-amd64/jre/lib/amd64:/usr/lib/jvm/java-6-openjdk-amd64/jre/../lib/amd64:/oracle/lib:/usr/java/packages/lib/amd64:/usr/lib/x86_64-linux-gnu/jni:/lib/x86_64-linux-gnu:/usr/lib/x86_64-linux-gnu:/usr/lib/jni:/lib:/usr/lib
Nov 24, 2014 3:24:50 PM org.apache.coyote.http11.Http11Protocol init
INFO: Initializing Coyote HTTP/1.1 on http-16310
Nov 24, 2014 3:24:50 PM org.apache.catalina.startup.Catalina load
INFO: Initialization processed in 344 ms
Nov 24, 2014 3:24:51 PM org.apache.catalina.core.StandardService start
INFO: Starting service Catalina
Nov 24, 2014 3:24:51 PM org.apache.catalina.core.StandardEngine start
INFO: Starting Servlet Engine: Apache Tomcat/6.0.35
Nov 24, 2014 3:24:51 PM org.apache.catalina.startup.HostConfig deployDirectory
INFO: Deploying web application directory Concur
Nov 24, 2014 3:24:51 PM org.apache.catalina.startup.HostConfig deployDirectory
INFO: Deploying web application directory ROOT
Nov 24, 2014 3:24:51 PM org.apache.catalina.startup.HostConfig deployDirectory
INFO: Deploying web application directory OnlineImageProcess
Nov 24, 2014 3:24:51 PM org.apache.catalina.startup.HostConfig deployDirectory
INFO: Deploying web application directory File Upload Applet_files
Nov 24, 2014 3:24:51 PM org.apache.catalina.startup.HostConfig deployDirectory
INFO: Deploying web application directory proj1
Nov 24, 2014 3:24:51 PM org.apache.catalina.startup.HostConfig deployDirectory
INFO: Deploying web application directory Banff Park_files
Nov 24, 2014 3:24:51 PM org.apache.coyote.http11.Http11Protocol start
INFO: Starting Coyote HTTP/1.1 on http-16310
Nov 24, 2014 3:24:51 PM org.apache.jk.common.ChannelSocket init
INFO: JK: ajp13 listening on /0.0.0.0:8009
Nov 24, 2014 3:24:51 PM org.apache.jk.server.JkMain start
INFO: Jk running ID=0 time=0/11  config=null
Nov 24, 2014 3:24:51 PM org.apache.catalina.startup.Catalina start
INFO: Server startup in 361 ms
Nov 24, 2014 3:32:22 PM org.apache.coyote.http11.Http11Protocol pause
INFO: Pausing Coyote HTTP/1.1 on http-16310
Nov 24, 2014 3:32:23 PM org.apache.catalina.core.StandardService stop
INFO: Stopping service Catalina
Nov 24, 2014 3:32:23 PM org.apache.coyote.http11.Http11Protocol destroy
INFO: Stopping Coyote HTTP/1.1 on http-16310
Nov 24, 2014 4:37:17 PM org.apache.catalina.core.AprLifecycleListener init
INFO: The APR based Apache Tomcat Native library which allows optimal performance in production environments was not found on the java.library.path: /usr/lib/jvm/java-6-openjdk-amd64/jre/lib/amd64/server:/usr/lib/jvm/java-6-openjdk-amd64/jre/lib/amd64:/usr/lib/jvm/java-6-openjdk-amd64/jre/../lib/amd64:/oracle/lib:/usr/java/packages/lib/amd64:/usr/lib/x86_64-linux-gnu/jni:/lib/x86_64-linux-gnu:/usr/lib/x86_64-linux-gnu:/usr/lib/jni:/lib:/usr/lib
Nov 24, 2014 4:37:18 PM org.apache.coyote.http11.Http11Protocol init
INFO: Initializing Coyote HTTP/1.1 on http-16310
Nov 24, 2014 4:37:18 PM org.apache.catalina.startup.Catalina load
INFO: Initialization processed in 354 ms
Nov 24, 2014 4:37:18 PM org.apache.catalina.core.StandardService start
INFO: Starting service Catalina
Nov 24, 2014 4:37:18 PM org.apache.catalina.core.StandardEngine start
INFO: Starting Servlet Engine: Apache Tomcat/6.0.35
Nov 24, 2014 4:37:18 PM org.apache.catalina.startup.HostConfig deployDirectory
INFO: Deploying web application directory Concur
Nov 24, 2014 4:37:18 PM org.apache.catalina.startup.HostConfig deployDirectory
INFO: Deploying web application directory ROOT
Nov 24, 2014 4:37:18 PM org.apache.catalina.startup.HostConfig deployDirectory
INFO: Deploying web application directory OnlineImageProcess
Nov 24, 2014 4:37:18 PM org.apache.catalina.startup.HostConfig deployDirectory
INFO: Deploying web application directory File Upload Applet_files
Nov 24, 2014 4:37:18 PM org.apache.catalina.startup.HostConfig deployDirectory
INFO: Deploying web application directory proj1
Nov 24, 2014 4:37:18 PM org.apache.catalina.startup.HostConfig deployDirectory
INFO: Deploying web application directory Banff Park_files
Nov 24, 2014 4:37:18 PM org.apache.coyote.http11.Http11Protocol start
INFO: Starting Coyote HTTP/1.1 on http-16310
Nov 24, 2014 4:37:18 PM org.apache.jk.common.ChannelSocket init
INFO: JK: ajp13 listening on /0.0.0.0:8009
Nov 24, 2014 4:37:18 PM org.apache.jk.server.JkMain start
INFO: Jk running ID=0 time=0/11  config=null
Nov 24, 2014 4:37:18 PM org.apache.catalina.startup.Catalina start
INFO: Server startup in 331 ms
Nov 24, 2014 4:38:41 PM org.apache.coyote.http11.Http11Protocol pause
INFO: Pausing Coyote HTTP/1.1 on http-16310
Nov 24, 2014 4:38:42 PM org.apache.catalina.core.StandardService stop
INFO: Stopping service Catalina
Nov 24, 2014 4:38:42 PM org.apache.catalina.loader.WebappClassLoader clearReferencesJdbc
SEVERE: The web application [/OnlineImageProcess] registered the JDBC driver [oracle.jdbc.OracleDriver] but failed to unregister it when the web application was stopped. To prevent a memory leak, the JDBC Driver has been forcibly unregistered.
Nov 24, 2014 4:38:43 PM org.apache.coyote.http11.Http11Protocol destroy
INFO: Stopping Coyote HTTP/1.1 on http-16310
Nov 24, 2014 4:38:47 PM org.apache.catalina.core.AprLifecycleListener init
INFO: The APR based Apache Tomcat Native library which allows optimal performance in production environments was not found on the java.library.path: /usr/lib/jvm/java-6-openjdk-amd64/jre/lib/amd64/server:/usr/lib/jvm/java-6-openjdk-amd64/jre/lib/amd64:/usr/lib/jvm/java-6-openjdk-amd64/jre/../lib/amd64:/oracle/lib:/usr/java/packages/lib/amd64:/usr/lib/x86_64-linux-gnu/jni:/lib/x86_64-linux-gnu:/usr/lib/x86_64-linux-gnu:/usr/lib/jni:/lib:/usr/lib
Nov 24, 2014 4:38:47 PM org.apache.coyote.http11.Http11Protocol init
INFO: Initializing Coyote HTTP/1.1 on http-16310
Nov 24, 2014 4:38:47 PM org.apache.catalina.startup.Catalina load
INFO: Initialization processed in 337 ms
Nov 24, 2014 4:38:47 PM org.apache.catalina.core.StandardService start
INFO: Starting service Catalina
Nov 24, 2014 4:38:47 PM org.apache.catalina.core.StandardEngine start
INFO: Starting Servlet Engine: Apache Tomcat/6.0.35
Nov 24, 2014 4:38:47 PM org.apache.catalina.startup.HostConfig deployDirectory
INFO: Deploying web application directory Concur
Nov 24, 2014 4:38:48 PM org.apache.catalina.startup.HostConfig deployDirectory
INFO: Deploying web application directory ROOT
Nov 24, 2014 4:38:48 PM org.apache.catalina.startup.HostConfig deployDirectory
INFO: Deploying web application directory OnlineImageProcess
Nov 24, 2014 4:38:48 PM org.apache.catalina.startup.HostConfig deployDirectory
INFO: Deploying web application directory File Upload Applet_files
Nov 24, 2014 4:38:48 PM org.apache.catalina.startup.HostConfig deployDirectory
INFO: Deploying web application directory proj1
Nov 24, 2014 4:38:48 PM org.apache.catalina.startup.HostConfig deployDirectory
INFO: Deploying web application directory Banff Park_files
Nov 24, 2014 4:38:48 PM org.apache.coyote.http11.Http11Protocol start
INFO: Starting Coyote HTTP/1.1 on http-16310
Nov 24, 2014 4:38:48 PM org.apache.jk.common.ChannelSocket init
INFO: JK: ajp13 listening on /0.0.0.0:8009
Nov 24, 2014 4:38:48 PM org.apache.jk.server.JkMain start
INFO: Jk running ID=0 time=0/11  config=null
Nov 24, 2014 4:38:48 PM org.apache.catalina.startup.Catalina start
INFO: Server startup in 335 ms
Nov 24, 2014 4:52:55 PM org.apache.coyote.http11.Http11Protocol pause
INFO: Pausing Coyote HTTP/1.1 on http-16310
Nov 24, 2014 4:52:56 PM org.apache.catalina.core.StandardService stop
INFO: Stopping service Catalina
Nov 24, 2014 4:52:56 PM org.apache.catalina.loader.WebappClassLoader clearReferencesJdbc
SEVERE: The web application [/OnlineImageProcess] registered the JDBC driver [oracle.jdbc.OracleDriver] but failed to unregister it when the web application was stopped. To prevent a memory leak, the JDBC Driver has been forcibly unregistered.
Nov 24, 2014 4:52:56 PM org.apache.coyote.http11.Http11Protocol destroy
INFO: Stopping Coyote HTTP/1.1 on http-16310
Nov 24, 2014 4:53:00 PM org.apache.catalina.core.AprLifecycleListener init
INFO: The APR based Apache Tomcat Native library which allows optimal performance in production environments was not found on the java.library.path: /usr/lib/jvm/java-6-openjdk-amd64/jre/lib/amd64/server:/usr/lib/jvm/java-6-openjdk-amd64/jre/lib/amd64:/usr/lib/jvm/java-6-openjdk-amd64/jre/../lib/amd64:/oracle/lib:/usr/java/packages/lib/amd64:/usr/lib/x86_64-linux-gnu/jni:/lib/x86_64-linux-gnu:/usr/lib/x86_64-linux-gnu:/usr/lib/jni:/lib:/usr/lib
Nov 24, 2014 4:53:00 PM org.apache.coyote.http11.Http11Protocol init
INFO: Initializing Coyote HTTP/1.1 on http-16310
Nov 24, 2014 4:53:00 PM org.apache.catalina.startup.Catalina load
INFO: Initialization processed in 328 ms
Nov 24, 2014 4:53:00 PM org.apache.catalina.core.StandardService start
INFO: Starting service Catalina
Nov 24, 2014 4:53:00 PM org.apache.catalina.core.StandardEngine start
INFO: Starting Servlet Engine: Apache Tomcat/6.0.35
Nov 24, 2014 4:53:00 PM org.apache.catalina.startup.HostConfig deployDirectory
INFO: Deploying web application directory Concur
Nov 24, 2014 4:53:00 PM org.apache.catalina.startup.HostConfig deployDirectory
INFO: Deploying web application directory ROOT
Nov 24, 2014 4:53:00 PM org.apache.catalina.startup.HostConfig deployDirectory
INFO: Deploying web application directory OnlineImageProcess
Nov 24, 2014 4:53:01 PM org.apache.catalina.startup.HostConfig deployDirectory
INFO: Deploying web application directory File Upload Applet_files
Nov 24, 2014 4:53:01 PM org.apache.catalina.startup.HostConfig deployDirectory
INFO: Deploying web application directory proj1
Nov 24, 2014 4:53:01 PM org.apache.catalina.startup.HostConfig deployDirectory
INFO: Deploying web application directory Banff Park_files
Nov 24, 2014 4:53:01 PM org.apache.coyote.http11.Http11Protocol start
INFO: Starting Coyote HTTP/1.1 on http-16310
Nov 24, 2014 4:53:01 PM org.apache.jk.common.ChannelSocket init
INFO: JK: ajp13 listening on /0.0.0.0:8009
Nov 24, 2014 4:53:01 PM org.apache.jk.server.JkMain start
INFO: Jk running ID=0 time=0/12  config=null
Nov 24, 2014 4:53:01 PM org.apache.catalina.startup.Catalina start
INFO: Server startup in 349 ms
Nov 24, 2014 4:56:01 PM org.apache.coyote.http11.Http11Protocol pause
INFO: Pausing Coyote HTTP/1.1 on http-16310
Nov 24, 2014 4:56:02 PM org.apache.catalina.core.StandardService stop
INFO: Stopping service Catalina
Nov 24, 2014 4:56:03 PM org.apache.catalina.loader.WebappClassLoader clearReferencesJdbc
SEVERE: The web application [/OnlineImageProcess] registered the JDBC driver [oracle.jdbc.OracleDriver] but failed to unregister it when the web application was stopped. To prevent a memory leak, the JDBC Driver has been forcibly unregistered.
Nov 24, 2014 4:56:03 PM org.apache.coyote.http11.Http11Protocol destroy
INFO: Stopping Coyote HTTP/1.1 on http-16310
Nov 24, 2014 5:01:53 PM org.apache.catalina.core.AprLifecycleListener init
INFO: The APR based Apache Tomcat Native library which allows optimal performance in production environments was not found on the java.library.path: /usr/lib/jvm/java-6-openjdk-amd64/jre/lib/amd64/server:/usr/lib/jvm/java-6-openjdk-amd64/jre/lib/amd64:/usr/lib/jvm/java-6-openjdk-amd64/jre/../lib/amd64:/oracle/lib:/usr/java/packages/lib/amd64:/usr/lib/x86_64-linux-gnu/jni:/lib/x86_64-linux-gnu:/usr/lib/x86_64-linux-gnu:/usr/lib/jni:/lib:/usr/lib
Nov 24, 2014 5:01:53 PM org.apache.coyote.http11.Http11Protocol init
INFO: Initializing Coyote HTTP/1.1 on http-16310
Nov 24, 2014 5:01:53 PM org.apache.catalina.startup.Catalina load
INFO: Initialization processed in 329 ms
Nov 24, 2014 5:01:53 PM org.apache.catalina.core.StandardService start
INFO: Starting service Catalina
Nov 24, 2014 5:01:53 PM org.apache.catalina.core.StandardEngine start
INFO: Starting Servlet Engine: Apache Tomcat/6.0.35
Nov 24, 2014 5:01:53 PM org.apache.catalina.startup.HostConfig deployDirectory
INFO: Deploying web application directory Concur
Nov 24, 2014 5:01:54 PM org.apache.catalina.startup.HostConfig deployDirectory
INFO: Deploying web application directory ROOT
Nov 24, 2014 5:01:54 PM org.apache.catalina.startup.HostConfig deployDirectory
INFO: Deploying web application directory OnlineImageProcess
Nov 24, 2014 5:01:54 PM org.apache.catalina.startup.HostConfig deployDirectory
INFO: Deploying web application directory File Upload Applet_files
Nov 24, 2014 5:01:54 PM org.apache.catalina.startup.HostConfig deployDirectory
INFO: Deploying web application directory proj1
Nov 24, 2014 5:01:54 PM org.apache.catalina.startup.HostConfig deployDirectory
INFO: Deploying web application directory Banff Park_files
Nov 24, 2014 5:01:54 PM org.apache.coyote.http11.Http11Protocol start
INFO: Starting Coyote HTTP/1.1 on http-16310
Nov 24, 2014 5:01:54 PM org.apache.jk.common.ChannelSocket init
INFO: JK: ajp13 listening on /0.0.0.0:8009
Nov 24, 2014 5:01:54 PM org.apache.jk.server.JkMain start
INFO: Jk running ID=0 time=0/17  config=null
Nov 24, 2014 5:01:54 PM org.apache.catalina.startup.Catalina start
INFO: Server startup in 390 ms
Nov 24, 2014 5:02:23 PM org.apache.coyote.http11.Http11Protocol pause
INFO: Pausing Coyote HTTP/1.1 on http-16310
Nov 24, 2014 5:02:24 PM org.apache.catalina.core.StandardService stop
INFO: Stopping service Catalina
Nov 24, 2014 5:02:24 PM org.apache.catalina.loader.WebappClassLoader clearReferencesJdbc
SEVERE: The web application [/OnlineImageProcess] registered the JDBC driver [oracle.jdbc.OracleDriver] but failed to unregister it when the web application was stopped. To prevent a memory leak, the JDBC Driver has been forcibly unregistered.
Nov 24, 2014 5:02:24 PM org.apache.coyote.http11.Http11Protocol destroy
INFO: Stopping Coyote HTTP/1.1 on http-16310
Nov 24, 2014 5:30:09 PM org.apache.catalina.core.AprLifecycleListener init
INFO: The APR based Apache Tomcat Native library which allows optimal performance in production environments was not found on the java.library.path: /usr/lib/jvm/java-6-openjdk-amd64/jre/lib/amd64/server:/usr/lib/jvm/java-6-openjdk-amd64/jre/lib/amd64:/usr/lib/jvm/java-6-openjdk-amd64/jre/../lib/amd64:/oracle/lib:/usr/java/packages/lib/amd64:/usr/lib/x86_64-linux-gnu/jni:/lib/x86_64-linux-gnu:/usr/lib/x86_64-linux-gnu:/usr/lib/jni:/lib:/usr/lib
Nov 24, 2014 5:30:09 PM org.apache.coyote.http11.Http11Protocol init
INFO: Initializing Coyote HTTP/1.1 on http-16310
Nov 24, 2014 5:30:09 PM org.apache.catalina.startup.Catalina load
INFO: Initialization processed in 525 ms
Nov 24, 2014 5:30:09 PM org.apache.catalina.core.StandardService start
INFO: Starting service Catalina
Nov 24, 2014 5:30:09 PM org.apache.catalina.core.StandardEngine start
INFO: Starting Servlet Engine: Apache Tomcat/6.0.35
Nov 24, 2014 5:30:09 PM org.apache.catalina.startup.HostConfig deployDirectory
INFO: Deploying web application directory Concur
Nov 24, 2014 5:30:10 PM org.apache.catalina.startup.HostConfig deployDirectory
INFO: Deploying web application directory ROOT
Nov 24, 2014 5:30:10 PM org.apache.catalina.startup.HostConfig deployDirectory
INFO: Deploying web application directory OnlineImageProcess
Nov 24, 2014 5:30:10 PM org.apache.catalina.startup.HostConfig deployDirectory
INFO: Deploying web application directory File Upload Applet_files
Nov 24, 2014 5:30:10 PM org.apache.catalina.startup.HostConfig deployDirectory
INFO: Deploying web application directory proj1
Nov 24, 2014 5:30:10 PM org.apache.catalina.startup.HostConfig deployDirectory
INFO: Deploying web application directory Banff Park_files
Nov 24, 2014 5:30:10 PM org.apache.coyote.http11.Http11Protocol start
INFO: Starting Coyote HTTP/1.1 on http-16310
Nov 24, 2014 5:30:10 PM org.apache.jk.common.ChannelSocket init
INFO: JK: ajp13 listening on /0.0.0.0:8009
Nov 24, 2014 5:30:10 PM org.apache.jk.server.JkMain start
INFO: Jk running ID=0 time=0/42  config=null
Nov 24, 2014 5:30:10 PM org.apache.catalina.startup.Catalina start
INFO: Server startup in 1261 ms
Nov 24, 2014 5:39:54 PM org.apache.coyote.http11.Http11Protocol pause
INFO: Pausing Coyote HTTP/1.1 on http-16310
Nov 24, 2014 5:39:55 PM org.apache.catalina.core.StandardService stop
INFO: Stopping service Catalina
Nov 24, 2014 5:39:55 PM org.apache.catalina.loader.WebappClassLoader clearReferencesJdbc
SEVERE: The web application [/OnlineImageProcess] registered the JDBC driver [oracle.jdbc.OracleDriver] but failed to unregister it when the web application was stopped. To prevent a memory leak, the JDBC Driver has been forcibly unregistered.
Nov 24, 2014 5:39:55 PM org.apache.coyote.http11.Http11Protocol destroy
INFO: Stopping Coyote HTTP/1.1 on http-16310
Nov 24, 2014 5:43:52 PM org.apache.catalina.core.AprLifecycleListener init
INFO: The APR based Apache Tomcat Native library which allows optimal performance in production environments was not found on the java.library.path: /usr/lib/jvm/java-6-openjdk-amd64/jre/lib/amd64/server:/usr/lib/jvm/java-6-openjdk-amd64/jre/lib/amd64:/usr/lib/jvm/java-6-openjdk-amd64/jre/../lib/amd64:/oracle/lib:/usr/java/packages/lib/amd64:/usr/lib/x86_64-linux-gnu/jni:/lib/x86_64-linux-gnu:/usr/lib/x86_64-linux-gnu:/usr/lib/jni:/lib:/usr/lib
Nov 24, 2014 5:43:52 PM org.apache.coyote.http11.Http11Protocol init
INFO: Initializing Coyote HTTP/1.1 on http-16310
Nov 24, 2014 5:43:52 PM org.apache.catalina.startup.Catalina load
INFO: Initialization processed in 339 ms
Nov 24, 2014 5:43:52 PM org.apache.catalina.core.StandardService start
INFO: Starting service Catalina
Nov 24, 2014 5:43:52 PM org.apache.catalina.core.StandardEngine start
INFO: Starting Servlet Engine: Apache Tomcat/6.0.35
Nov 24, 2014 5:43:52 PM org.apache.catalina.startup.HostConfig deployDirectory
INFO: Deploying web application directory Concur
Nov 24, 2014 5:43:52 PM org.apache.catalina.startup.HostConfig deployDirectory
INFO: Deploying web application directory ROOT
Nov 24, 2014 5:43:52 PM org.apache.catalina.startup.HostConfig deployDirectory
INFO: Deploying web application directory OnlineImageProcess
Nov 24, 2014 5:43:53 PM org.apache.catalina.startup.HostConfig deployDirectory
INFO: Deploying web application directory File Upload Applet_files
Nov 24, 2014 5:43:53 PM org.apache.catalina.startup.HostConfig deployDirectory
INFO: Deploying web application directory proj1
Nov 24, 2014 5:43:53 PM org.apache.catalina.startup.HostConfig deployDirectory
INFO: Deploying web application directory Banff Park_files
Nov 24, 2014 5:43:53 PM org.apache.coyote.http11.Http11Protocol start
INFO: Starting Coyote HTTP/1.1 on http-16310
Nov 24, 2014 5:43:53 PM org.apache.jk.common.ChannelSocket init
INFO: JK: ajp13 listening on /0.0.0.0:8009
Nov 24, 2014 5:43:53 PM org.apache.jk.server.JkMain start
INFO: Jk running ID=0 time=0/11  config=null
Nov 24, 2014 5:43:53 PM org.apache.catalina.startup.Catalina start
INFO: Server startup in 342 ms
Nov 24, 2014 5:43:54 PM org.apache.coyote.http11.Http11Protocol pause
INFO: Pausing Coyote HTTP/1.1 on http-16310
Nov 24, 2014 5:43:55 PM org.apache.catalina.core.StandardService stop
INFO: Stopping service Catalina
Nov 24, 2014 5:43:55 PM org.apache.coyote.http11.Http11Protocol destroy
INFO: Stopping Coyote HTTP/1.1 on http-16310
Nov 24, 2014 5:44:21 PM org.apache.catalina.core.AprLifecycleListener init
INFO: The APR based Apache Tomcat Native library which allows optimal performance in production environments was not found on the java.library.path: /usr/lib/jvm/java-6-openjdk-amd64/jre/lib/amd64/server:/usr/lib/jvm/java-6-openjdk-amd64/jre/lib/amd64:/usr/lib/jvm/java-6-openjdk-amd64/jre/../lib/amd64:/oracle/lib:/usr/java/packages/lib/amd64:/usr/lib/x86_64-linux-gnu/jni:/lib/x86_64-linux-gnu:/usr/lib/x86_64-linux-gnu:/usr/lib/jni:/lib:/usr/lib
Nov 24, 2014 5:44:21 PM org.apache.coyote.http11.Http11Protocol init
INFO: Initializing Coyote HTTP/1.1 on http-16310
Nov 24, 2014 5:44:21 PM org.apache.catalina.startup.Catalina load
INFO: Initialization processed in 342 ms
Nov 24, 2014 5:44:21 PM org.apache.catalina.core.StandardService start
INFO: Starting service Catalina
Nov 24, 2014 5:44:21 PM org.apache.catalina.core.StandardEngine start
INFO: Starting Servlet Engine: Apache Tomcat/6.0.35
Nov 24, 2014 5:44:21 PM org.apache.catalina.startup.HostConfig deployDirectory
INFO: Deploying web application directory Concur
Nov 24, 2014 5:44:22 PM org.apache.catalina.startup.HostConfig deployDirectory
INFO: Deploying web application directory ROOT
Nov 24, 2014 5:44:22 PM org.apache.catalina.startup.HostConfig deployDirectory
INFO: Deploying web application directory OnlineImageProcess
Nov 24, 2014 5:44:22 PM org.apache.catalina.startup.HostConfig deployDirectory
INFO: Deploying web application directory File Upload Applet_files
Nov 24, 2014 5:44:22 PM org.apache.catalina.startup.HostConfig deployDirectory
INFO: Deploying web application directory proj1
Nov 24, 2014 5:44:22 PM org.apache.catalina.startup.HostConfig deployDirectory
INFO: Deploying web application directory Banff Park_files
Nov 24, 2014 5:44:22 PM org.apache.coyote.http11.Http11Protocol start
INFO: Starting Coyote HTTP/1.1 on http-16310
Nov 24, 2014 5:44:22 PM org.apache.jk.common.ChannelSocket init
INFO: JK: ajp13 listening on /0.0.0.0:8009
Nov 24, 2014 5:44:22 PM org.apache.jk.server.JkMain start
INFO: Jk running ID=0 time=0/11  config=null
Nov 24, 2014 5:44:22 PM org.apache.catalina.startup.Catalina start
INFO: Server startup in 327 ms
Nov 24, 2014 5:52:31 PM org.apache.coyote.http11.Http11Protocol pause
INFO: Pausing Coyote HTTP/1.1 on http-16310
Nov 24, 2014 5:52:32 PM org.apache.catalina.core.StandardService stop
INFO: Stopping service Catalina
Nov 24, 2014 5:52:32 PM org.apache.catalina.loader.WebappClassLoader clearReferencesJdbc
SEVERE: The web application [/OnlineImageProcess] registered the JDBC driver [oracle.jdbc.OracleDriver] but failed to unregister it when the web application was stopped. To prevent a memory leak, the JDBC Driver has been forcibly unregistered.
Nov 24, 2014 5:52:32 PM org.apache.coyote.http11.Http11Protocol destroy
INFO: Stopping Coyote HTTP/1.1 on http-16310
Nov 24, 2014 5:53:28 PM org.apache.catalina.core.AprLifecycleListener init
INFO: The APR based Apache Tomcat Native library which allows optimal performance in production environments was not found on the java.library.path: /usr/lib/jvm/java-6-openjdk-amd64/jre/lib/amd64/server:/usr/lib/jvm/java-6-openjdk-amd64/jre/lib/amd64:/usr/lib/jvm/java-6-openjdk-amd64/jre/../lib/amd64:/oracle/lib:/usr/java/packages/lib/amd64:/usr/lib/x86_64-linux-gnu/jni:/lib/x86_64-linux-gnu:/usr/lib/x86_64-linux-gnu:/usr/lib/jni:/lib:/usr/lib
Nov 24, 2014 5:53:28 PM org.apache.coyote.http11.Http11Protocol init
INFO: Initializing Coyote HTTP/1.1 on http-16310
Nov 24, 2014 5:53:28 PM org.apache.catalina.startup.Catalina load
INFO: Initialization processed in 340 ms
Nov 24, 2014 5:53:28 PM org.apache.catalina.core.StandardService start
INFO: Starting service Catalina
Nov 24, 2014 5:53:28 PM org.apache.catalina.core.StandardEngine start
INFO: Starting Servlet Engine: Apache Tomcat/6.0.35
Nov 24, 2014 5:53:28 PM org.apache.catalina.startup.HostConfig deployDirectory
INFO: Deploying web application directory Concur
Nov 24, 2014 5:53:29 PM org.apache.catalina.startup.HostConfig deployDirectory
INFO: Deploying web application directory ROOT
Nov 24, 2014 5:53:29 PM org.apache.catalina.startup.HostConfig deployDirectory
INFO: Deploying web application directory OnlineImageProcess
Nov 24, 2014 5:53:29 PM org.apache.catalina.startup.HostConfig deployDirectory
INFO: Deploying web application directory File Upload Applet_files
Nov 24, 2014 5:53:29 PM org.apache.catalina.startup.HostConfig deployDirectory
INFO: Deploying web application directory proj1
Nov 24, 2014 5:53:29 PM org.apache.catalina.startup.HostConfig deployDirectory
INFO: Deploying web application directory Banff Park_files
Nov 24, 2014 5:53:29 PM org.apache.coyote.http11.Http11Protocol start
INFO: Starting Coyote HTTP/1.1 on http-16310
Nov 24, 2014 5:53:29 PM org.apache.jk.common.ChannelSocket init
INFO: JK: ajp13 listening on /0.0.0.0:8009
Nov 24, 2014 5:53:29 PM org.apache.jk.server.JkMain start
INFO: Jk running ID=0 time=0/11  config=null
Nov 24, 2014 5:53:29 PM org.apache.catalina.startup.Catalina start
INFO: Server startup in 337 ms
Nov 24, 2014 6:00:26 PM org.apache.coyote.http11.Http11Protocol pause
INFO: Pausing Coyote HTTP/1.1 on http-16310
Nov 24, 2014 6:00:27 PM org.apache.catalina.core.StandardService stop
INFO: Stopping service Catalina
Nov 24, 2014 6:00:27 PM org.apache.catalina.loader.WebappClassLoader clearReferencesJdbc
SEVERE: The web application [/OnlineImageProcess] registered the JDBC driver [oracle.jdbc.OracleDriver] but failed to unregister it when the web application was stopped. To prevent a memory leak, the JDBC Driver has been forcibly unregistered.
Nov 24, 2014 6:00:27 PM org.apache.coyote.http11.Http11Protocol destroy
INFO: Stopping Coyote HTTP/1.1 on http-16310
Nov 24, 2014 6:31:25 PM org.apache.catalina.core.AprLifecycleListener init
INFO: The APR based Apache Tomcat Native library which allows optimal performance in production environments was not found on the java.library.path: /usr/lib/jvm/java-6-openjdk-amd64/jre/lib/amd64/server:/usr/lib/jvm/java-6-openjdk-amd64/jre/lib/amd64:/usr/lib/jvm/java-6-openjdk-amd64/jre/../lib/amd64:/oracle/lib:/usr/java/packages/lib/amd64:/usr/lib/x86_64-linux-gnu/jni:/lib/x86_64-linux-gnu:/usr/lib/x86_64-linux-gnu:/usr/lib/jni:/lib:/usr/lib
Nov 24, 2014 6:31:25 PM org.apache.coyote.http11.Http11Protocol init
INFO: Initializing Coyote HTTP/1.1 on http-16310
Nov 24, 2014 6:31:25 PM org.apache.catalina.startup.Catalina load
INFO: Initialization processed in 326 ms
Nov 24, 2014 6:31:25 PM org.apache.catalina.core.StandardService start
INFO: Starting service Catalina
Nov 24, 2014 6:31:25 PM org.apache.catalina.core.StandardEngine start
INFO: Starting Servlet Engine: Apache Tomcat/6.0.35
Nov 24, 2014 6:31:25 PM org.apache.catalina.startup.HostConfig deployDirectory
INFO: Deploying web application directory Concur
Nov 24, 2014 6:31:25 PM org.apache.catalina.startup.HostConfig deployDirectory
INFO: Deploying web application directory ROOT
Nov 24, 2014 6:31:25 PM org.apache.catalina.startup.HostConfig deployDirectory
INFO: Deploying web application directory OnlineImageProcess
Nov 24, 2014 6:31:25 PM org.apache.catalina.startup.HostConfig deployDirectory
INFO: Deploying web application directory File Upload Applet_files
Nov 24, 2014 6:31:25 PM org.apache.catalina.startup.HostConfig deployDirectory
INFO: Deploying web application directory proj1
Nov 24, 2014 6:31:25 PM org.apache.catalina.startup.HostConfig deployDirectory
INFO: Deploying web application directory Banff Park_files
Nov 24, 2014 6:31:25 PM org.apache.coyote.http11.Http11Protocol start
INFO: Starting Coyote HTTP/1.1 on http-16310
Nov 24, 2014 6:31:26 PM org.apache.jk.common.ChannelSocket init
INFO: JK: ajp13 listening on /0.0.0.0:8009
Nov 24, 2014 6:31:26 PM org.apache.jk.server.JkMain start
INFO: Jk running ID=0 time=0/11  config=null
Nov 24, 2014 6:31:26 PM org.apache.catalina.startup.Catalina start
INFO: Server startup in 346 ms
Nov 24, 2014 6:32:17 PM org.apache.coyote.http11.Http11Protocol pause
INFO: Pausing Coyote HTTP/1.1 on http-16310
Nov 24, 2014 6:32:18 PM org.apache.catalina.core.StandardService stop
INFO: Stopping service Catalina
Nov 24, 2014 6:32:18 PM org.apache.catalina.loader.WebappClassLoader clearReferencesJdbc
SEVERE: The web application [/OnlineImageProcess] registered the JDBC driver [oracle.jdbc.OracleDriver] but failed to unregister it when the web application was stopped. To prevent a memory leak, the JDBC Driver has been forcibly unregistered.
Nov 24, 2014 6:32:18 PM org.apache.coyote.http11.Http11Protocol destroy
INFO: Stopping Coyote HTTP/1.1 on http-16310
Nov 24, 2014 6:41:55 PM org.apache.catalina.core.AprLifecycleListener init
INFO: The APR based Apache Tomcat Native library which allows optimal performance in production environments was not found on the java.library.path: /usr/lib/jvm/java-6-openjdk-amd64/jre/lib/amd64/server:/usr/lib/jvm/java-6-openjdk-amd64/jre/lib/amd64:/usr/lib/jvm/java-6-openjdk-amd64/jre/../lib/amd64:/oracle/lib:/usr/java/packages/lib/amd64:/usr/lib/x86_64-linux-gnu/jni:/lib/x86_64-linux-gnu:/usr/lib/x86_64-linux-gnu:/usr/lib/jni:/lib:/usr/lib
Nov 24, 2014 6:41:55 PM org.apache.coyote.http11.Http11Protocol init
INFO: Initializing Coyote HTTP/1.1 on http-16310
Nov 24, 2014 6:41:55 PM org.apache.catalina.startup.Catalina load
INFO: Initialization processed in 329 ms
Nov 24, 2014 6:41:55 PM org.apache.catalina.core.StandardService start
INFO: Starting service Catalina
Nov 24, 2014 6:41:55 PM org.apache.catalina.core.StandardEngine start
INFO: Starting Servlet Engine: Apache Tomcat/6.0.35
Nov 24, 2014 6:41:55 PM org.apache.catalina.startup.HostConfig deployDirectory
INFO: Deploying web application directory Concur
Nov 24, 2014 6:41:55 PM org.apache.catalina.startup.HostConfig deployDirectory
INFO: Deploying web application directory ROOT
Nov 24, 2014 6:41:55 PM org.apache.catalina.startup.HostConfig deployDirectory
INFO: Deploying web application directory OnlineImageProcess
Nov 24, 2014 6:41:55 PM org.apache.catalina.loader.WebappClassLoader validateJarFile
INFO: validateJarFile(/cshome/lingbo/catalina/webapps/OnlineImageProcess/WEB-INF/lib/servlet-api-2.5.jar) - jar not loaded. See Servlet Spec 2.3, section 9.7.2. Offending class: javax/servlet/Servlet.class
Nov 24, 2014 6:41:55 PM org.apache.catalina.startup.HostConfig deployDirectory
INFO: Deploying web application directory File Upload Applet_files
Nov 24, 2014 6:41:55 PM org.apache.catalina.startup.HostConfig deployDirectory
INFO: Deploying web application directory proj1
Nov 24, 2014 6:41:55 PM org.apache.catalina.startup.HostConfig deployDirectory
INFO: Deploying web application directory Banff Park_files
Nov 24, 2014 6:41:55 PM org.apache.coyote.http11.Http11Protocol start
INFO: Starting Coyote HTTP/1.1 on http-16310
Nov 24, 2014 6:41:55 PM org.apache.jk.common.ChannelSocket init
INFO: JK: ajp13 listening on /0.0.0.0:8009
Nov 24, 2014 6:41:55 PM org.apache.jk.server.JkMain start
INFO: Jk running ID=0 time=0/11  config=null
Nov 24, 2014 6:41:55 PM org.apache.catalina.startup.Catalina start
INFO: Server startup in 348 ms
Nov 24, 2014 6:42:45 PM org.apache.coyote.http11.Http11Protocol pause
INFO: Pausing Coyote HTTP/1.1 on http-16310
Nov 24, 2014 6:42:46 PM org.apache.catalina.core.StandardService stop
INFO: Stopping service Catalina
Nov 24, 2014 6:42:46 PM org.apache.catalina.loader.WebappClassLoader clearReferencesJdbc
SEVERE: The web application [/OnlineImageProcess] registered the JDBC driver [oracle.jdbc.OracleDriver] but failed to unregister it when the web application was stopped. To prevent a memory leak, the JDBC Driver has been forcibly unregistered.
Nov 24, 2014 6:42:46 PM org.apache.coyote.http11.Http11Protocol destroy
INFO: Stopping Coyote HTTP/1.1 on http-16310
