Nov 22, 2014 3:23:10 PM org.apache.catalina.core.AprLifecycleListener init
INFO: The APR based Apache Tomcat Native library which allows optimal performance in production environments was not found on the java.library.path: /usr/lib/jvm/java-6-openjdk-amd64/jre/lib/amd64/server:/usr/lib/jvm/java-6-openjdk-amd64/jre/lib/amd64:/usr/lib/jvm/java-6-openjdk-amd64/jre/../lib/amd64:/oracle/lib:/usr/java/packages/lib/amd64:/usr/lib/x86_64-linux-gnu/jni:/lib/x86_64-linux-gnu:/usr/lib/x86_64-linux-gnu:/usr/lib/jni:/lib:/usr/lib
Nov 22, 2014 3:23:11 PM org.apache.coyote.http11.Http11Protocol init
INFO: Initializing Coyote HTTP/1.1 on http-16310
Nov 22, 2014 3:23:11 PM org.apache.catalina.startup.Catalina load
INFO: Initialization processed in 1604 ms
Nov 22, 2014 3:23:11 PM org.apache.catalina.core.StandardService start
INFO: Starting service Catalina
Nov 22, 2014 3:23:11 PM org.apache.catalina.core.StandardEngine start
INFO: Starting Servlet Engine: Apache Tomcat/6.0.35
Nov 22, 2014 3:23:11 PM org.apache.catalina.startup.HostConfig deployDirectory
INFO: Deploying web application directory Concur
Nov 22, 2014 3:23:12 PM org.apache.catalina.startup.HostConfig deployDirectory
INFO: Deploying web application directory ROOT
Nov 22, 2014 3:23:12 PM org.apache.catalina.startup.HostConfig deployDirectory
INFO: Deploying web application directory OnlineImageProcess
Nov 22, 2014 3:23:12 PM org.apache.catalina.startup.HostConfig deployDirectory
INFO: Deploying web application directory File Upload Applet_files
Nov 22, 2014 3:23:12 PM org.apache.catalina.startup.HostConfig deployDirectory
INFO: Deploying web application directory proj1
Nov 22, 2014 3:23:12 PM org.apache.catalina.startup.HostConfig deployDirectory
INFO: Deploying web application directory Banff Park_files
Nov 22, 2014 3:23:12 PM org.apache.coyote.http11.Http11Protocol start
INFO: Starting Coyote HTTP/1.1 on http-16310
Nov 22, 2014 3:23:12 PM org.apache.jk.common.ChannelSocket init
INFO: JK: ajp13 listening on /0.0.0.0:8009
Nov 22, 2014 3:23:12 PM org.apache.jk.server.JkMain start
INFO: Jk running ID=0 time=0/30  config=null
Nov 22, 2014 3:23:12 PM org.apache.catalina.startup.Catalina start
INFO: Server startup in 1394 ms
Nov 22, 2014 5:31:16 PM org.apache.coyote.http11.Http11Protocol pause
INFO: Pausing Coyote HTTP/1.1 on http-16310
Nov 22, 2014 5:31:17 PM org.apache.catalina.core.StandardService stop
INFO: Stopping service Catalina
Nov 22, 2014 5:31:17 PM org.apache.catalina.loader.WebappClassLoader clearReferencesJdbc
SEVERE: The web application [/OnlineImageProcess] registered the JDBC driver [oracle.jdbc.OracleDriver] but failed to unregister it when the web application was stopped. To prevent a memory leak, the JDBC Driver has been forcibly unregistered.
Nov 22, 2014 5:31:18 PM org.apache.coyote.http11.Http11Protocol destroy
INFO: Stopping Coyote HTTP/1.1 on http-16310
Nov 22, 2014 5:31:26 PM org.apache.catalina.core.AprLifecycleListener init
INFO: The APR based Apache Tomcat Native library which allows optimal performance in production environments was not found on the java.library.path: /usr/lib/jvm/java-6-openjdk-amd64/jre/lib/amd64/server:/usr/lib/jvm/java-6-openjdk-amd64/jre/lib/amd64:/usr/lib/jvm/java-6-openjdk-amd64/jre/../lib/amd64:/oracle/lib:/usr/java/packages/lib/amd64:/usr/lib/x86_64-linux-gnu/jni:/lib/x86_64-linux-gnu:/usr/lib/x86_64-linux-gnu:/usr/lib/jni:/lib:/usr/lib
Nov 22, 2014 5:31:26 PM org.apache.coyote.http11.Http11Protocol init
INFO: Initializing Coyote HTTP/1.1 on http-16310
Nov 22, 2014 5:31:26 PM org.apache.catalina.startup.Catalina load
INFO: Initialization processed in 749 ms
Nov 22, 2014 5:31:26 PM org.apache.catalina.core.StandardService start
INFO: Starting service Catalina
Nov 22, 2014 5:31:26 PM org.apache.catalina.core.StandardEngine start
INFO: Starting Servlet Engine: Apache Tomcat/6.0.35
Nov 22, 2014 5:31:26 PM org.apache.catalina.startup.HostConfig deployDirectory
INFO: Deploying web application directory Concur
Nov 22, 2014 5:31:27 PM org.apache.catalina.startup.HostConfig deployDirectory
INFO: Deploying web application directory ROOT
Nov 22, 2014 5:31:27 PM org.apache.catalina.startup.HostConfig deployDirectory
INFO: Deploying web application directory OnlineImageProcess
Nov 22, 2014 5:31:27 PM org.apache.catalina.startup.HostConfig deployDirectory
INFO: Deploying web application directory File Upload Applet_files
Nov 22, 2014 5:31:27 PM org.apache.catalina.startup.HostConfig deployDirectory
INFO: Deploying web application directory proj1
Nov 22, 2014 5:31:27 PM org.apache.catalina.startup.HostConfig deployDirectory
INFO: Deploying web application directory Banff Park_files
Nov 22, 2014 5:31:27 PM org.apache.coyote.http11.Http11Protocol start
INFO: Starting Coyote HTTP/1.1 on http-16310
Nov 22, 2014 5:31:27 PM org.apache.jk.common.ChannelSocket init
INFO: JK: ajp13 listening on /0.0.0.0:8009
Nov 22, 2014 5:31:27 PM org.apache.jk.server.JkMain start
INFO: Jk running ID=0 time=0/25  config=null
Nov 22, 2014 5:31:27 PM org.apache.catalina.startup.Catalina start
INFO: Server startup in 707 ms
Nov 22, 2014 5:37:48 PM org.apache.coyote.http11.Http11Protocol pause
INFO: Pausing Coyote HTTP/1.1 on http-16310
Nov 22, 2014 5:37:49 PM org.apache.catalina.core.StandardService stop
INFO: Stopping service Catalina
Nov 22, 2014 5:37:49 PM org.apache.catalina.loader.WebappClassLoader clearReferencesJdbc
SEVERE: The web application [/OnlineImageProcess] registered the JDBC driver [oracle.jdbc.OracleDriver] but failed to unregister it when the web application was stopped. To prevent a memory leak, the JDBC Driver has been forcibly unregistered.
Nov 22, 2014 5:37:49 PM org.apache.coyote.http11.Http11Protocol destroy
INFO: Stopping Coyote HTTP/1.1 on http-16310
Nov 22, 2014 5:37:54 PM org.apache.catalina.core.AprLifecycleListener init
INFO: The APR based Apache Tomcat Native library which allows optimal performance in production environments was not found on the java.library.path: /usr/lib/jvm/java-6-openjdk-amd64/jre/lib/amd64/server:/usr/lib/jvm/java-6-openjdk-amd64/jre/lib/amd64:/usr/lib/jvm/java-6-openjdk-amd64/jre/../lib/amd64:/oracle/lib:/usr/java/packages/lib/amd64:/usr/lib/x86_64-linux-gnu/jni:/lib/x86_64-linux-gnu:/usr/lib/x86_64-linux-gnu:/usr/lib/jni:/lib:/usr/lib
Nov 22, 2014 5:37:54 PM org.apache.coyote.http11.Http11Protocol init
INFO: Initializing Coyote HTTP/1.1 on http-16310
Nov 22, 2014 5:37:54 PM org.apache.catalina.startup.Catalina load
INFO: Initialization processed in 676 ms
Nov 22, 2014 5:37:54 PM org.apache.catalina.core.StandardService start
INFO: Starting service Catalina
Nov 22, 2014 5:37:54 PM org.apache.catalina.core.StandardEngine start
INFO: Starting Servlet Engine: Apache Tomcat/6.0.35
Nov 22, 2014 5:37:54 PM org.apache.catalina.startup.HostConfig deployDirectory
INFO: Deploying web application directory Concur
Nov 22, 2014 5:37:54 PM org.apache.catalina.startup.HostConfig deployDirectory
INFO: Deploying web application directory ROOT
Nov 22, 2014 5:37:54 PM org.apache.catalina.startup.HostConfig deployDirectory
INFO: Deploying web application directory OnlineImageProcess
Nov 22, 2014 5:37:54 PM org.apache.catalina.startup.HostConfig deployDirectory
INFO: Deploying web application directory File Upload Applet_files
Nov 22, 2014 5:37:54 PM org.apache.catalina.startup.HostConfig deployDirectory
INFO: Deploying web application directory proj1
Nov 22, 2014 5:37:54 PM org.apache.catalina.startup.HostConfig deployDirectory
INFO: Deploying web application directory Banff Park_files
Nov 22, 2014 5:37:54 PM org.apache.coyote.http11.Http11Protocol start
INFO: Starting Coyote HTTP/1.1 on http-16310
Nov 22, 2014 5:37:54 PM org.apache.jk.common.ChannelSocket init
INFO: JK: ajp13 listening on /0.0.0.0:8009
Nov 22, 2014 5:37:54 PM org.apache.jk.server.JkMain start
INFO: Jk running ID=0 time=0/17  config=null
Nov 22, 2014 5:37:54 PM org.apache.catalina.startup.Catalina start
INFO: Server startup in 546 ms
Nov 22, 2014 5:38:30 PM org.apache.coyote.http11.Http11Protocol pause
INFO: Pausing Coyote HTTP/1.1 on http-16310
Nov 22, 2014 5:38:31 PM org.apache.catalina.core.StandardService stop
INFO: Stopping service Catalina
Nov 22, 2014 5:38:31 PM org.apache.coyote.http11.Http11Protocol destroy
INFO: Stopping Coyote HTTP/1.1 on http-16310
Nov 22, 2014 5:38:36 PM org.apache.catalina.core.AprLifecycleListener init
INFO: The APR based Apache Tomcat Native library which allows optimal performance in production environments was not found on the java.library.path: /usr/lib/jvm/java-6-openjdk-amd64/jre/lib/amd64/server:/usr/lib/jvm/java-6-openjdk-amd64/jre/lib/amd64:/usr/lib/jvm/java-6-openjdk-amd64/jre/../lib/amd64:/oracle/lib:/usr/java/packages/lib/amd64:/usr/lib/x86_64-linux-gnu/jni:/lib/x86_64-linux-gnu:/usr/lib/x86_64-linux-gnu:/usr/lib/jni:/lib:/usr/lib
Nov 22, 2014 5:38:36 PM org.apache.coyote.http11.Http11Protocol init
INFO: Initializing Coyote HTTP/1.1 on http-16310
Nov 22, 2014 5:38:36 PM org.apache.catalina.startup.Catalina load
INFO: Initialization processed in 744 ms
Nov 22, 2014 5:38:36 PM org.apache.catalina.core.StandardService start
INFO: Starting service Catalina
Nov 22, 2014 5:38:36 PM org.apache.catalina.core.StandardEngine start
INFO: Starting Servlet Engine: Apache Tomcat/6.0.35
Nov 22, 2014 5:38:36 PM org.apache.catalina.startup.HostConfig deployDirectory
INFO: Deploying web application directory Concur
Nov 22, 2014 5:38:37 PM org.apache.catalina.startup.HostConfig deployDirectory
INFO: Deploying web application directory ROOT
Nov 22, 2014 5:38:37 PM org.apache.catalina.startup.HostConfig deployDirectory
INFO: Deploying web application directory OnlineImageProcess
Nov 22, 2014 5:38:37 PM org.apache.catalina.startup.HostConfig deployDirectory
INFO: Deploying web application directory File Upload Applet_files
Nov 22, 2014 5:38:37 PM org.apache.catalina.startup.HostConfig deployDirectory
INFO: Deploying web application directory proj1
Nov 22, 2014 5:38:37 PM org.apache.catalina.startup.HostConfig deployDirectory
INFO: Deploying web application directory Banff Park_files
Nov 22, 2014 5:38:37 PM org.apache.coyote.http11.Http11Protocol start
INFO: Starting Coyote HTTP/1.1 on http-16310
Nov 22, 2014 5:38:37 PM org.apache.jk.common.ChannelSocket init
INFO: JK: ajp13 listening on /0.0.0.0:8009
Nov 22, 2014 5:38:37 PM org.apache.jk.server.JkMain start
INFO: Jk running ID=0 time=0/28  config=null
Nov 22, 2014 5:38:37 PM org.apache.catalina.startup.Catalina start
INFO: Server startup in 592 ms
Nov 22, 2014 6:36:17 PM org.apache.coyote.http11.Http11Protocol pause
INFO: Pausing Coyote HTTP/1.1 on http-16310
Nov 22, 2014 6:36:18 PM org.apache.catalina.core.StandardService stop
INFO: Stopping service Catalina
Nov 22, 2014 6:36:18 PM org.apache.catalina.loader.WebappClassLoader clearReferencesJdbc
SEVERE: The web application [/OnlineImageProcess] registered the JDBC driver [oracle.jdbc.OracleDriver] but failed to unregister it when the web application was stopped. To prevent a memory leak, the JDBC Driver has been forcibly unregistered.
Nov 22, 2014 6:36:18 PM org.apache.coyote.http11.Http11Protocol destroy
INFO: Stopping Coyote HTTP/1.1 on http-16310
Nov 22, 2014 6:38:32 PM org.apache.catalina.core.AprLifecycleListener init
INFO: The APR based Apache Tomcat Native library which allows optimal performance in production environments was not found on the java.library.path: /usr/lib/jvm/java-6-openjdk-amd64/jre/lib/amd64/server:/usr/lib/jvm/java-6-openjdk-amd64/jre/lib/amd64:/usr/lib/jvm/java-6-openjdk-amd64/jre/../lib/amd64:/oracle/lib:/usr/java/packages/lib/amd64:/usr/lib/x86_64-linux-gnu/jni:/lib/x86_64-linux-gnu:/usr/lib/x86_64-linux-gnu:/usr/lib/jni:/lib:/usr/lib
Nov 22, 2014 6:38:32 PM org.apache.coyote.http11.Http11Protocol init
INFO: Initializing Coyote HTTP/1.1 on http-16310
Nov 22, 2014 6:38:32 PM org.apache.catalina.startup.Catalina load
INFO: Initialization processed in 746 ms
Nov 22, 2014 6:38:32 PM org.apache.catalina.core.StandardService start
INFO: Starting service Catalina
Nov 22, 2014 6:38:32 PM org.apache.catalina.core.StandardEngine start
INFO: Starting Servlet Engine: Apache Tomcat/6.0.35
Nov 22, 2014 6:38:32 PM org.apache.catalina.startup.HostConfig deployDirectory
INFO: Deploying web application directory Concur
Nov 22, 2014 6:38:32 PM org.apache.catalina.startup.HostConfig deployDirectory
INFO: Deploying web application directory ROOT
Nov 22, 2014 6:38:32 PM org.apache.catalina.startup.HostConfig deployDirectory
INFO: Deploying web application directory OnlineImageProcess
Nov 22, 2014 6:38:32 PM org.apache.catalina.startup.HostConfig deployDirectory
INFO: Deploying web application directory File Upload Applet_files
Nov 22, 2014 6:38:32 PM org.apache.catalina.startup.HostConfig deployDirectory
INFO: Deploying web application directory proj1
Nov 22, 2014 6:38:32 PM org.apache.catalina.startup.HostConfig deployDirectory
INFO: Deploying web application directory Banff Park_files
Nov 22, 2014 6:38:32 PM org.apache.coyote.http11.Http11Protocol start
INFO: Starting Coyote HTTP/1.1 on http-16310
Nov 22, 2014 6:38:33 PM org.apache.jk.common.ChannelSocket init
INFO: JK: ajp13 listening on /0.0.0.0:8009
Nov 22, 2014 6:38:33 PM org.apache.jk.server.JkMain start
INFO: Jk running ID=0 time=0/70  config=null
Nov 22, 2014 6:38:33 PM org.apache.catalina.startup.Catalina start
INFO: Server startup in 714 ms
Nov 22, 2014 6:43:33 PM org.apache.coyote.http11.Http11Protocol pause
INFO: Pausing Coyote HTTP/1.1 on http-16310
Nov 22, 2014 6:43:34 PM org.apache.catalina.core.StandardService stop
INFO: Stopping service Catalina
Nov 22, 2014 6:43:34 PM org.apache.catalina.loader.WebappClassLoader clearReferencesJdbc
SEVERE: The web application [/OnlineImageProcess] registered the JDBC driver [oracle.jdbc.OracleDriver] but failed to unregister it when the web application was stopped. To prevent a memory leak, the JDBC Driver has been forcibly unregistered.
Nov 22, 2014 6:43:34 PM org.apache.coyote.http11.Http11Protocol destroy
INFO: Stopping Coyote HTTP/1.1 on http-16310
Nov 22, 2014 6:44:25 PM org.apache.catalina.core.AprLifecycleListener init
INFO: The APR based Apache Tomcat Native library which allows optimal performance in production environments was not found on the java.library.path: /usr/lib/jvm/java-6-openjdk-amd64/jre/lib/amd64/server:/usr/lib/jvm/java-6-openjdk-amd64/jre/lib/amd64:/usr/lib/jvm/java-6-openjdk-amd64/jre/../lib/amd64:/oracle/lib:/usr/java/packages/lib/amd64:/usr/lib/x86_64-linux-gnu/jni:/lib/x86_64-linux-gnu:/usr/lib/x86_64-linux-gnu:/usr/lib/jni:/lib:/usr/lib
Nov 22, 2014 6:44:25 PM org.apache.coyote.http11.Http11Protocol init
INFO: Initializing Coyote HTTP/1.1 on http-16310
Nov 22, 2014 6:44:25 PM org.apache.catalina.startup.Catalina load
INFO: Initialization processed in 818 ms
Nov 22, 2014 6:44:25 PM org.apache.catalina.core.StandardService start
INFO: Starting service Catalina
Nov 22, 2014 6:44:25 PM org.apache.catalina.core.StandardEngine start
INFO: Starting Servlet Engine: Apache Tomcat/6.0.35
Nov 22, 2014 6:44:25 PM org.apache.catalina.startup.HostConfig deployDirectory
INFO: Deploying web application directory Concur
Nov 22, 2014 6:44:25 PM org.apache.catalina.startup.HostConfig deployDirectory
INFO: Deploying web application directory ROOT
Nov 22, 2014 6:44:25 PM org.apache.catalina.startup.HostConfig deployDirectory
INFO: Deploying web application directory OnlineImageProcess
Nov 22, 2014 6:44:26 PM org.apache.catalina.startup.HostConfig deployDirectory
INFO: Deploying web application directory File Upload Applet_files
Nov 22, 2014 6:44:26 PM org.apache.catalina.startup.HostConfig deployDirectory
INFO: Deploying web application directory proj1
Nov 22, 2014 6:44:26 PM org.apache.catalina.startup.HostConfig deployDirectory
INFO: Deploying web application directory Banff Park_files
Nov 22, 2014 6:44:26 PM org.apache.coyote.http11.Http11Protocol start
INFO: Starting Coyote HTTP/1.1 on http-16310
Nov 22, 2014 6:44:26 PM org.apache.jk.common.ChannelSocket init
INFO: JK: ajp13 listening on /0.0.0.0:8009
Nov 22, 2014 6:44:26 PM org.apache.jk.server.JkMain start
INFO: Jk running ID=0 time=0/17  config=null
Nov 22, 2014 6:44:26 PM org.apache.catalina.startup.Catalina start
INFO: Server startup in 701 ms
Nov 22, 2014 6:45:33 PM org.apache.coyote.http11.Http11Protocol pause
INFO: Pausing Coyote HTTP/1.1 on http-16310
Nov 22, 2014 6:45:34 PM org.apache.catalina.core.StandardService stop
INFO: Stopping service Catalina
Nov 22, 2014 6:45:34 PM org.apache.catalina.loader.WebappClassLoader clearReferencesJdbc
SEVERE: The web application [/OnlineImageProcess] registered the JDBC driver [oracle.jdbc.OracleDriver] but failed to unregister it when the web application was stopped. To prevent a memory leak, the JDBC Driver has been forcibly unregistered.
Nov 22, 2014 6:45:35 PM org.apache.coyote.http11.Http11Protocol destroy
INFO: Stopping Coyote HTTP/1.1 on http-16310
Nov 22, 2014 6:45:37 PM org.apache.catalina.core.AprLifecycleListener init
INFO: The APR based Apache Tomcat Native library which allows optimal performance in production environments was not found on the java.library.path: /usr/lib/jvm/java-6-openjdk-amd64/jre/lib/amd64/server:/usr/lib/jvm/java-6-openjdk-amd64/jre/lib/amd64:/usr/lib/jvm/java-6-openjdk-amd64/jre/../lib/amd64:/oracle/lib:/usr/java/packages/lib/amd64:/usr/lib/x86_64-linux-gnu/jni:/lib/x86_64-linux-gnu:/usr/lib/x86_64-linux-gnu:/usr/lib/jni:/lib:/usr/lib
Nov 22, 2014 6:45:37 PM org.apache.coyote.http11.Http11Protocol init
INFO: Initializing Coyote HTTP/1.1 on http-16310
Nov 22, 2014 6:45:37 PM org.apache.catalina.startup.Catalina load
INFO: Initialization processed in 765 ms
Nov 22, 2014 6:45:37 PM org.apache.catalina.core.StandardService start
INFO: Starting service Catalina
Nov 22, 2014 6:45:37 PM org.apache.catalina.core.StandardEngine start
INFO: Starting Servlet Engine: Apache Tomcat/6.0.35
Nov 22, 2014 6:45:37 PM org.apache.catalina.startup.HostConfig deployDirectory
INFO: Deploying web application directory Concur
Nov 22, 2014 6:45:38 PM org.apache.catalina.startup.HostConfig deployDirectory
INFO: Deploying web application directory ROOT
Nov 22, 2014 6:45:38 PM org.apache.catalina.startup.HostConfig deployDirectory
INFO: Deploying web application directory OnlineImageProcess
Nov 22, 2014 6:45:38 PM org.apache.catalina.startup.HostConfig deployDirectory
INFO: Deploying web application directory File Upload Applet_files
Nov 22, 2014 6:45:38 PM org.apache.catalina.startup.HostConfig deployDirectory
INFO: Deploying web application directory proj1
Nov 22, 2014 6:45:38 PM org.apache.catalina.startup.HostConfig deployDirectory
INFO: Deploying web application directory Banff Park_files
Nov 22, 2014 6:45:38 PM org.apache.coyote.http11.Http11Protocol start
INFO: Starting Coyote HTTP/1.1 on http-16310
Nov 22, 2014 6:45:38 PM org.apache.jk.common.ChannelSocket init
INFO: JK: ajp13 listening on /0.0.0.0:8009
Nov 22, 2014 6:45:38 PM org.apache.jk.server.JkMain start
INFO: Jk running ID=0 time=0/82  config=null
Nov 22, 2014 6:45:38 PM org.apache.catalina.startup.Catalina start
INFO: Server startup in 777 ms
Nov 22, 2014 6:47:02 PM org.apache.coyote.http11.Http11Protocol pause
INFO: Pausing Coyote HTTP/1.1 on http-16310
Nov 22, 2014 6:47:03 PM org.apache.catalina.core.StandardService stop
INFO: Stopping service Catalina
Nov 22, 2014 6:47:03 PM org.apache.catalina.loader.WebappClassLoader clearReferencesJdbc
SEVERE: The web application [/OnlineImageProcess] registered the JDBC driver [oracle.jdbc.OracleDriver] but failed to unregister it when the web application was stopped. To prevent a memory leak, the JDBC Driver has been forcibly unregistered.
Nov 22, 2014 6:47:03 PM org.apache.coyote.http11.Http11Protocol destroy
INFO: Stopping Coyote HTTP/1.1 on http-16310
Nov 22, 2014 6:47:44 PM org.apache.catalina.core.AprLifecycleListener init
INFO: The APR based Apache Tomcat Native library which allows optimal performance in production environments was not found on the java.library.path: /usr/lib/jvm/java-6-openjdk-amd64/jre/lib/amd64/server:/usr/lib/jvm/java-6-openjdk-amd64/jre/lib/amd64:/usr/lib/jvm/java-6-openjdk-amd64/jre/../lib/amd64:/oracle/lib:/usr/java/packages/lib/amd64:/usr/lib/x86_64-linux-gnu/jni:/lib/x86_64-linux-gnu:/usr/lib/x86_64-linux-gnu:/usr/lib/jni:/lib:/usr/lib
Nov 22, 2014 6:47:44 PM org.apache.coyote.http11.Http11Protocol init
INFO: Initializing Coyote HTTP/1.1 on http-16310
Nov 22, 2014 6:47:44 PM org.apache.catalina.startup.Catalina load
INFO: Initialization processed in 814 ms
Nov 22, 2014 6:47:44 PM org.apache.catalina.core.StandardService start
INFO: Starting service Catalina
Nov 22, 2014 6:47:44 PM org.apache.catalina.core.StandardEngine start
INFO: Starting Servlet Engine: Apache Tomcat/6.0.35
Nov 22, 2014 6:47:44 PM org.apache.catalina.startup.HostConfig deployDirectory
INFO: Deploying web application directory Concur
Nov 22, 2014 6:47:44 PM org.apache.catalina.startup.HostConfig deployDirectory
INFO: Deploying web application directory ROOT
Nov 22, 2014 6:47:44 PM org.apache.catalina.startup.HostConfig deployDirectory
INFO: Deploying web application directory OnlineImageProcess
Nov 22, 2014 6:47:45 PM org.apache.catalina.startup.HostConfig deployDirectory
INFO: Deploying web application directory File Upload Applet_files
Nov 22, 2014 6:47:45 PM org.apache.catalina.startup.HostConfig deployDirectory
INFO: Deploying web application directory proj1
Nov 22, 2014 6:47:45 PM org.apache.catalina.startup.HostConfig deployDirectory
INFO: Deploying web application directory Banff Park_files
Nov 22, 2014 6:47:45 PM org.apache.coyote.http11.Http11Protocol start
INFO: Starting Coyote HTTP/1.1 on http-16310
Nov 22, 2014 6:47:45 PM org.apache.jk.common.ChannelSocket init
INFO: JK: ajp13 listening on /0.0.0.0:8009
Nov 22, 2014 6:47:45 PM org.apache.jk.server.JkMain start
INFO: Jk running ID=0 time=0/68  config=null
Nov 22, 2014 6:47:45 PM org.apache.catalina.startup.Catalina start
INFO: Server startup in 777 ms
Nov 22, 2014 8:02:24 PM org.apache.coyote.http11.Http11Protocol pause
INFO: Pausing Coyote HTTP/1.1 on http-16310
Nov 22, 2014 8:02:25 PM org.apache.catalina.core.StandardService stop
INFO: Stopping service Catalina
Nov 22, 2014 8:02:25 PM org.apache.catalina.loader.WebappClassLoader clearReferencesJdbc
SEVERE: The web application [/OnlineImageProcess] registered the JDBC driver [oracle.jdbc.OracleDriver] but failed to unregister it when the web application was stopped. To prevent a memory leak, the JDBC Driver has been forcibly unregistered.
Nov 22, 2014 8:02:25 PM org.apache.coyote.http11.Http11Protocol destroy
INFO: Stopping Coyote HTTP/1.1 on http-16310
Nov 22, 2014 8:04:02 PM org.apache.catalina.core.AprLifecycleListener init
INFO: The APR based Apache Tomcat Native library which allows optimal performance in production environments was not found on the java.library.path: /usr/lib/jvm/java-6-openjdk-amd64/jre/lib/amd64/server:/usr/lib/jvm/java-6-openjdk-amd64/jre/lib/amd64:/usr/lib/jvm/java-6-openjdk-amd64/jre/../lib/amd64:/oracle/lib:/usr/java/packages/lib/amd64:/usr/lib/x86_64-linux-gnu/jni:/lib/x86_64-linux-gnu:/usr/lib/x86_64-linux-gnu:/usr/lib/jni:/lib:/usr/lib
Nov 22, 2014 8:04:03 PM org.apache.coyote.http11.Http11Protocol init
INFO: Initializing Coyote HTTP/1.1 on http-16310
Nov 22, 2014 8:04:03 PM org.apache.catalina.startup.Catalina load
INFO: Initialization processed in 828 ms
Nov 22, 2014 8:04:03 PM org.apache.catalina.core.StandardService start
INFO: Starting service Catalina
Nov 22, 2014 8:04:03 PM org.apache.catalina.core.StandardEngine start
INFO: Starting Servlet Engine: Apache Tomcat/6.0.35
Nov 22, 2014 8:04:03 PM org.apache.catalina.startup.HostConfig deployDirectory
INFO: Deploying web application directory Concur
Nov 22, 2014 8:04:03 PM org.apache.catalina.startup.HostConfig deployDirectory
INFO: Deploying web application directory ROOT
Nov 22, 2014 8:04:03 PM org.apache.catalina.startup.HostConfig deployDirectory
INFO: Deploying web application directory OnlineImageProcess
Nov 22, 2014 8:04:03 PM org.apache.catalina.startup.HostConfig deployDirectory
INFO: Deploying web application directory File Upload Applet_files
Nov 22, 2014 8:04:03 PM org.apache.catalina.startup.HostConfig deployDirectory
INFO: Deploying web application directory proj1
Nov 22, 2014 8:04:03 PM org.apache.catalina.startup.HostConfig deployDirectory
INFO: Deploying web application directory Banff Park_files
Nov 22, 2014 8:04:03 PM org.apache.coyote.http11.Http11Protocol start
INFO: Starting Coyote HTTP/1.1 on http-16310
Nov 22, 2014 8:04:03 PM org.apache.jk.common.ChannelSocket init
INFO: JK: ajp13 listening on /0.0.0.0:8009
Nov 22, 2014 8:04:03 PM org.apache.jk.server.JkMain start
INFO: Jk running ID=0 time=0/58  config=null
Nov 22, 2014 8:04:03 PM org.apache.catalina.startup.Catalina start
INFO: Server startup in 688 ms
Nov 22, 2014 8:56:18 PM org.apache.coyote.http11.Http11Protocol pause
INFO: Pausing Coyote HTTP/1.1 on http-16310
Nov 22, 2014 8:56:19 PM org.apache.catalina.core.StandardService stop
INFO: Stopping service Catalina
Nov 22, 2014 8:56:19 PM org.apache.catalina.loader.WebappClassLoader clearReferencesJdbc
SEVERE: The web application [/OnlineImageProcess] registered the JDBC driver [oracle.jdbc.OracleDriver] but failed to unregister it when the web application was stopped. To prevent a memory leak, the JDBC Driver has been forcibly unregistered.
Nov 22, 2014 8:56:19 PM org.apache.coyote.http11.Http11Protocol destroy
INFO: Stopping Coyote HTTP/1.1 on http-16310
Nov 22, 2014 8:56:25 PM org.apache.catalina.core.AprLifecycleListener init
INFO: The APR based Apache Tomcat Native library which allows optimal performance in production environments was not found on the java.library.path: /usr/lib/jvm/java-6-openjdk-amd64/jre/lib/amd64/server:/usr/lib/jvm/java-6-openjdk-amd64/jre/lib/amd64:/usr/lib/jvm/java-6-openjdk-amd64/jre/../lib/amd64:/oracle/lib:/usr/java/packages/lib/amd64:/usr/lib/x86_64-linux-gnu/jni:/lib/x86_64-linux-gnu:/usr/lib/x86_64-linux-gnu:/usr/lib/jni:/lib:/usr/lib
Nov 22, 2014 8:56:26 PM org.apache.coyote.http11.Http11Protocol init
INFO: Initializing Coyote HTTP/1.1 on http-16310
Nov 22, 2014 8:56:26 PM org.apache.catalina.startup.Catalina load
INFO: Initialization processed in 875 ms
Nov 22, 2014 8:56:26 PM org.apache.catalina.core.StandardService start
INFO: Starting service Catalina
Nov 22, 2014 8:56:26 PM org.apache.catalina.core.StandardEngine start
INFO: Starting Servlet Engine: Apache Tomcat/6.0.35
Nov 22, 2014 8:56:26 PM org.apache.catalina.startup.HostConfig deployDirectory
INFO: Deploying web application directory Concur
Nov 22, 2014 8:56:26 PM org.apache.catalina.startup.HostConfig deployDirectory
INFO: Deploying web application directory ROOT
Nov 22, 2014 8:56:26 PM org.apache.catalina.startup.HostConfig deployDirectory
INFO: Deploying web application directory OnlineImageProcess
Nov 22, 2014 8:56:26 PM org.apache.catalina.startup.HostConfig deployDirectory
INFO: Deploying web application directory File Upload Applet_files
Nov 22, 2014 8:56:26 PM org.apache.catalina.startup.HostConfig deployDirectory
INFO: Deploying web application directory proj1
Nov 22, 2014 8:56:26 PM org.apache.catalina.startup.HostConfig deployDirectory
INFO: Deploying web application directory Banff Park_files
Nov 22, 2014 8:56:26 PM org.apache.coyote.http11.Http11Protocol start
INFO: Starting Coyote HTTP/1.1 on http-16310
Nov 22, 2014 8:56:26 PM org.apache.jk.common.ChannelSocket init
INFO: JK: ajp13 listening on /0.0.0.0:8009
Nov 22, 2014 8:56:26 PM org.apache.jk.server.JkMain start
INFO: Jk running ID=0 time=0/24  config=null
Nov 22, 2014 8:56:26 PM org.apache.catalina.startup.Catalina start
INFO: Server startup in 611 ms
Nov 22, 2014 8:57:22 PM org.apache.catalina.core.AprLifecycleListener init
INFO: The APR based Apache Tomcat Native library which allows optimal performance in production environments was not found on the java.library.path: /usr/lib/jvm/java-6-openjdk-amd64/jre/lib/amd64/server:/usr/lib/jvm/java-6-openjdk-amd64/jre/lib/amd64:/usr/lib/jvm/java-6-openjdk-amd64/jre/../lib/amd64:/oracle/lib:/usr/java/packages/lib/amd64:/usr/lib/x86_64-linux-gnu/jni:/lib/x86_64-linux-gnu:/usr/lib/x86_64-linux-gnu:/usr/lib/jni:/lib:/usr/lib
Nov 22, 2014 8:57:22 PM org.apache.coyote.http11.Http11Protocol init
SEVERE: Error initializing endpoint
java.net.BindException: Address already in use <null>:16310
	at org.apache.tomcat.util.net.JIoEndpoint.init(JIoEndpoint.java:549)
	at org.apache.coyote.http11.Http11Protocol.init(Http11Protocol.java:176)
	at org.apache.catalina.connector.Connector.initialize(Connector.java:1049)
	at org.apache.catalina.core.StandardService.initialize(StandardService.java:703)
	at org.apache.catalina.core.StandardServer.initialize(StandardServer.java:838)
	at org.apache.catalina.startup.Catalina.load(Catalina.java:538)
	at org.apache.catalina.startup.Catalina.load(Catalina.java:562)
	at sun.reflect.NativeMethodAccessorImpl.invoke0(Native Method)
	at sun.reflect.NativeMethodAccessorImpl.invoke(NativeMethodAccessorImpl.java:57)
	at sun.reflect.DelegatingMethodAccessorImpl.invoke(DelegatingMethodAccessorImpl.java:43)
	at java.lang.reflect.Method.invoke(Method.java:622)
	at org.apache.catalina.startup.Bootstrap.load(Bootstrap.java:261)
	at org.apache.catalina.startup.Bootstrap.main(Bootstrap.java:413)
Caused by: java.net.BindException: Address already in use
	at java.net.PlainSocketImpl.socketBind(Native Method)
	at java.net.AbstractPlainSocketImpl.bind(AbstractPlainSocketImpl.java:353)
	at java.net.ServerSocket.bind(ServerSocket.java:336)
	at java.net.ServerSocket.<init>(ServerSocket.java:202)
	at java.net.ServerSocket.<init>(ServerSocket.java:158)
	at org.apache.tomcat.util.net.DefaultServerSocketFactory.createSocket(DefaultServerSocketFactory.java:50)
	at org.apache.tomcat.util.net.JIoEndpoint.init(JIoEndpoint.java:538)
	... 12 more
Nov 22, 2014 8:57:22 PM org.apache.catalina.core.StandardService initialize
SEVERE: Failed to initialize connector [Connector[HTTP/1.1-16310]]
LifecycleException:  Protocol handler initialization failed: java.net.BindException: Address already in use <null>:16310
	at org.apache.catalina.connector.Connector.initialize(Connector.java:1051)
	at org.apache.catalina.core.StandardService.initialize(StandardService.java:703)
	at org.apache.catalina.core.StandardServer.initialize(StandardServer.java:838)
	at org.apache.catalina.startup.Catalina.load(Catalina.java:538)
	at org.apache.catalina.startup.Catalina.load(Catalina.java:562)
	at sun.reflect.NativeMethodAccessorImpl.invoke0(Native Method)
	at sun.reflect.NativeMethodAccessorImpl.invoke(NativeMethodAccessorImpl.java:57)
	at sun.reflect.DelegatingMethodAccessorImpl.invoke(DelegatingMethodAccessorImpl.java:43)
	at java.lang.reflect.Method.invoke(Method.java:622)
	at org.apache.catalina.startup.Bootstrap.load(Bootstrap.java:261)
	at org.apache.catalina.startup.Bootstrap.main(Bootstrap.java:413)
Nov 22, 2014 8:57:22 PM org.apache.catalina.startup.Catalina load
INFO: Initialization processed in 759 ms
Nov 22, 2014 8:57:22 PM org.apache.catalina.core.StandardService start
INFO: Starting service Catalina
Nov 22, 2014 8:57:22 PM org.apache.catalina.core.StandardEngine start
INFO: Starting Servlet Engine: Apache Tomcat/6.0.35
Nov 22, 2014 8:57:22 PM org.apache.catalina.startup.HostConfig deployDirectory
INFO: Deploying web application directory Concur
Nov 22, 2014 8:57:22 PM org.apache.catalina.startup.HostConfig deployDirectory
INFO: Deploying web application directory ROOT
Nov 22, 2014 8:57:22 PM org.apache.catalina.startup.HostConfig deployDirectory
INFO: Deploying web application directory OnlineImageProcess
Nov 22, 2014 8:57:22 PM org.apache.catalina.startup.HostConfig deployDirectory
INFO: Deploying web application directory File Upload Applet_files
Nov 22, 2014 8:57:22 PM org.apache.catalina.startup.HostConfig deployDirectory
INFO: Deploying web application directory proj1
Nov 22, 2014 8:57:23 PM org.apache.catalina.startup.HostConfig deployDirectory
INFO: Deploying web application directory Banff Park_files
Nov 22, 2014 8:57:23 PM org.apache.coyote.http11.Http11Protocol start
SEVERE: Error starting endpoint
java.net.BindException: Address already in use <null>:16310
	at org.apache.tomcat.util.net.JIoEndpoint.init(JIoEndpoint.java:549)
	at org.apache.tomcat.util.net.JIoEndpoint.start(JIoEndpoint.java:565)
	at org.apache.coyote.http11.Http11Protocol.start(Http11Protocol.java:203)
	at org.apache.catalina.connector.Connector.start(Connector.java:1122)
	at org.apache.catalina.core.StandardService.start(StandardService.java:540)
	at org.apache.catalina.core.StandardServer.start(StandardServer.java:754)
	at org.apache.catalina.startup.Catalina.start(Catalina.java:595)
	at sun.reflect.NativeMethodAccessorImpl.invoke0(Native Method)
	at sun.reflect.NativeMethodAccessorImpl.invoke(NativeMethodAccessorImpl.java:57)
	at sun.reflect.DelegatingMethodAccessorImpl.invoke(DelegatingMethodAccessorImpl.java:43)
	at java.lang.reflect.Method.invoke(Method.java:622)
	at org.apache.catalina.startup.Bootstrap.start(Bootstrap.java:289)
	at org.apache.catalina.startup.Bootstrap.main(Bootstrap.java:414)
Caused by: java.net.BindException: Address already in use
	at java.net.PlainSocketImpl.socketBind(Native Method)
	at java.net.AbstractPlainSocketImpl.bind(AbstractPlainSocketImpl.java:353)
	at java.net.ServerSocket.bind(ServerSocket.java:336)
	at java.net.ServerSocket.<init>(ServerSocket.java:202)
	at java.net.ServerSocket.<init>(ServerSocket.java:158)
	at org.apache.tomcat.util.net.DefaultServerSocketFactory.createSocket(DefaultServerSocketFactory.java:50)
	at org.apache.tomcat.util.net.JIoEndpoint.init(JIoEndpoint.java:538)
	... 12 more
Nov 22, 2014 8:57:23 PM org.apache.catalina.core.StandardService start
SEVERE: Failed to start connector [Connector[HTTP/1.1-16310]]
LifecycleException:  service.getName(): "Catalina";  Protocol handler start failed: java.net.BindException: Address already in use <null>:16310
	at org.apache.catalina.connector.Connector.start(Connector.java:1129)
	at org.apache.catalina.core.StandardService.start(StandardService.java:540)
	at org.apache.catalina.core.StandardServer.start(StandardServer.java:754)
	at org.apache.catalina.startup.Catalina.start(Catalina.java:595)
	at sun.reflect.NativeMethodAccessorImpl.invoke0(Native Method)
	at sun.reflect.NativeMethodAccessorImpl.invoke(NativeMethodAccessorImpl.java:57)
	at sun.reflect.DelegatingMethodAccessorImpl.invoke(DelegatingMethodAccessorImpl.java:43)
	at java.lang.reflect.Method.invoke(Method.java:622)
	at org.apache.catalina.startup.Bootstrap.start(Bootstrap.java:289)
	at org.apache.catalina.startup.Bootstrap.main(Bootstrap.java:414)
Nov 22, 2014 8:57:23 PM org.apache.jk.common.ChannelSocket init
INFO: Port busy 8009 java.net.BindException: Address already in use
Nov 22, 2014 8:57:23 PM org.apache.jk.common.ChannelSocket init
SEVERE: Can't find free port 8009 8009
Nov 22, 2014 8:57:23 PM org.apache.jk.server.JkMain start
INFO: Jk running ID=0 time=0/30  config=null
Nov 22, 2014 8:57:23 PM org.apache.catalina.startup.Catalina start
INFO: Server startup in 1036 ms
Nov 22, 2014 8:57:23 PM org.apache.catalina.core.StandardServer await
SEVERE: StandardServer.await: create[16312]: 
java.net.BindException: Address already in use
	at java.net.PlainSocketImpl.socketBind(Native Method)
	at java.net.AbstractPlainSocketImpl.bind(AbstractPlainSocketImpl.java:353)
	at java.net.ServerSocket.bind(ServerSocket.java:336)
	at java.net.ServerSocket.<init>(ServerSocket.java:202)
	at org.apache.catalina.core.StandardServer.await(StandardServer.java:406)
	at org.apache.catalina.startup.Catalina.await(Catalina.java:676)
	at org.apache.catalina.startup.Catalina.start(Catalina.java:628)
	at sun.reflect.NativeMethodAccessorImpl.invoke0(Native Method)
	at sun.reflect.NativeMethodAccessorImpl.invoke(NativeMethodAccessorImpl.java:57)
	at sun.reflect.DelegatingMethodAccessorImpl.invoke(DelegatingMethodAccessorImpl.java:43)
	at java.lang.reflect.Method.invoke(Method.java:622)
	at org.apache.catalina.startup.Bootstrap.start(Bootstrap.java:289)
	at org.apache.catalina.startup.Bootstrap.main(Bootstrap.java:414)
Nov 22, 2014 8:57:23 PM org.apache.coyote.http11.Http11Protocol pause
INFO: Pausing Coyote HTTP/1.1 on http-16310
Nov 22, 2014 8:57:26 PM org.apache.coyote.http11.Http11Protocol pause
INFO: Pausing Coyote HTTP/1.1 on http-16310
Nov 22, 2014 8:57:27 PM org.apache.catalina.core.StandardService stop
INFO: Stopping service Catalina
Nov 22, 2014 8:57:27 PM org.apache.catalina.loader.WebappClassLoader clearReferencesJdbc
SEVERE: The web application [/OnlineImageProcess] registered the JDBC driver [oracle.jdbc.OracleDriver] but failed to unregister it when the web application was stopped. To prevent a memory leak, the JDBC Driver has been forcibly unregistered.
Nov 22, 2014 8:57:27 PM org.apache.coyote.http11.Http11Protocol destroy
INFO: Stopping Coyote HTTP/1.1 on http-16310
Nov 22, 2014 8:57:33 PM org.apache.catalina.core.AprLifecycleListener init
INFO: The APR based Apache Tomcat Native library which allows optimal performance in production environments was not found on the java.library.path: /usr/lib/jvm/java-6-openjdk-amd64/jre/lib/amd64/server:/usr/lib/jvm/java-6-openjdk-amd64/jre/lib/amd64:/usr/lib/jvm/java-6-openjdk-amd64/jre/../lib/amd64:/oracle/lib:/usr/java/packages/lib/amd64:/usr/lib/x86_64-linux-gnu/jni:/lib/x86_64-linux-gnu:/usr/lib/x86_64-linux-gnu:/usr/lib/jni:/lib:/usr/lib
Nov 22, 2014 8:57:34 PM org.apache.coyote.http11.Http11Protocol init
INFO: Initializing Coyote HTTP/1.1 on http-16310
Nov 22, 2014 8:57:34 PM org.apache.catalina.startup.Catalina load
INFO: Initialization processed in 740 ms
Nov 22, 2014 8:57:34 PM org.apache.catalina.core.StandardService start
INFO: Starting service Catalina
Nov 22, 2014 8:57:34 PM org.apache.catalina.core.StandardEngine start
INFO: Starting Servlet Engine: Apache Tomcat/6.0.35
Nov 22, 2014 8:57:34 PM org.apache.catalina.startup.HostConfig deployDirectory
INFO: Deploying web application directory Concur
Nov 22, 2014 8:57:34 PM org.apache.catalina.startup.HostConfig deployDirectory
INFO: Deploying web application directory ROOT
Nov 22, 2014 8:57:34 PM org.apache.catalina.startup.HostConfig deployDirectory
INFO: Deploying web application directory OnlineImageProcess
Nov 22, 2014 8:57:34 PM org.apache.catalina.startup.HostConfig deployDirectory
INFO: Deploying web application directory File Upload Applet_files
Nov 22, 2014 8:57:34 PM org.apache.catalina.startup.HostConfig deployDirectory
INFO: Deploying web application directory proj1
Nov 22, 2014 8:57:34 PM org.apache.catalina.startup.HostConfig deployDirectory
INFO: Deploying web application directory Banff Park_files
Nov 22, 2014 8:57:34 PM org.apache.coyote.http11.Http11Protocol start
INFO: Starting Coyote HTTP/1.1 on http-16310
Nov 22, 2014 8:57:34 PM org.apache.jk.common.ChannelSocket init
INFO: JK: ajp13 listening on /0.0.0.0:8009
Nov 22, 2014 8:57:34 PM org.apache.jk.server.JkMain start
INFO: Jk running ID=0 time=0/22  config=null
Nov 22, 2014 8:57:34 PM org.apache.catalina.startup.Catalina start
INFO: Server startup in 665 ms
Nov 22, 2014 8:59:58 PM org.apache.coyote.http11.Http11Protocol pause
INFO: Pausing Coyote HTTP/1.1 on http-16310
Nov 22, 2014 8:59:59 PM org.apache.catalina.core.StandardService stop
INFO: Stopping service Catalina
Nov 22, 2014 8:59:59 PM org.apache.catalina.loader.WebappClassLoader clearReferencesJdbc
SEVERE: The web application [/OnlineImageProcess] registered the JDBC driver [oracle.jdbc.OracleDriver] but failed to unregister it when the web application was stopped. To prevent a memory leak, the JDBC Driver has been forcibly unregistered.
Nov 22, 2014 9:00:00 PM org.apache.coyote.http11.Http11Protocol destroy
INFO: Stopping Coyote HTTP/1.1 on http-16310
Nov 22, 2014 9:00:05 PM org.apache.catalina.core.AprLifecycleListener init
INFO: The APR based Apache Tomcat Native library which allows optimal performance in production environments was not found on the java.library.path: /usr/lib/jvm/java-6-openjdk-amd64/jre/lib/amd64/server:/usr/lib/jvm/java-6-openjdk-amd64/jre/lib/amd64:/usr/lib/jvm/java-6-openjdk-amd64/jre/../lib/amd64:/oracle/lib:/usr/java/packages/lib/amd64:/usr/lib/x86_64-linux-gnu/jni:/lib/x86_64-linux-gnu:/usr/lib/x86_64-linux-gnu:/usr/lib/jni:/lib:/usr/lib
Nov 22, 2014 9:00:05 PM org.apache.coyote.http11.Http11Protocol init
INFO: Initializing Coyote HTTP/1.1 on http-16310
Nov 22, 2014 9:00:05 PM org.apache.catalina.startup.Catalina load
INFO: Initialization processed in 809 ms
Nov 22, 2014 9:00:05 PM org.apache.catalina.core.StandardService start
INFO: Starting service Catalina
Nov 22, 2014 9:00:05 PM org.apache.catalina.core.StandardEngine start
INFO: Starting Servlet Engine: Apache Tomcat/6.0.35
Nov 22, 2014 9:00:05 PM org.apache.catalina.startup.HostConfig deployDirectory
INFO: Deploying web application directory Concur
Nov 22, 2014 9:00:05 PM org.apache.catalina.startup.HostConfig deployDirectory
INFO: Deploying web application directory ROOT
Nov 22, 2014 9:00:05 PM org.apache.catalina.startup.HostConfig deployDirectory
INFO: Deploying web application directory OnlineImageProcess
Nov 22, 2014 9:00:05 PM org.apache.catalina.startup.HostConfig deployDirectory
INFO: Deploying web application directory File Upload Applet_files
Nov 22, 2014 9:00:05 PM org.apache.catalina.startup.HostConfig deployDirectory
INFO: Deploying web application directory proj1
Nov 22, 2014 9:00:05 PM org.apache.catalina.startup.HostConfig deployDirectory
INFO: Deploying web application directory Banff Park_files
Nov 22, 2014 9:00:05 PM org.apache.coyote.http11.Http11Protocol start
INFO: Starting Coyote HTTP/1.1 on http-16310
Nov 22, 2014 9:00:06 PM org.apache.jk.common.ChannelSocket init
INFO: JK: ajp13 listening on /0.0.0.0:8009
Nov 22, 2014 9:00:06 PM org.apache.jk.server.JkMain start
INFO: Jk running ID=0 time=0/18  config=null
Nov 22, 2014 9:00:06 PM org.apache.catalina.startup.Catalina start
INFO: Server startup in 681 ms
Nov 22, 2014 9:08:58 PM org.apache.coyote.http11.Http11Protocol pause
INFO: Pausing Coyote HTTP/1.1 on http-16310
Nov 22, 2014 9:08:59 PM org.apache.catalina.core.StandardService stop
INFO: Stopping service Catalina
Nov 22, 2014 9:08:59 PM org.apache.catalina.loader.WebappClassLoader clearReferencesJdbc
SEVERE: The web application [/OnlineImageProcess] registered the JDBC driver [oracle.jdbc.OracleDriver] but failed to unregister it when the web application was stopped. To prevent a memory leak, the JDBC Driver has been forcibly unregistered.
Nov 22, 2014 9:08:59 PM org.apache.coyote.http11.Http11Protocol destroy
INFO: Stopping Coyote HTTP/1.1 on http-16310
Nov 22, 2014 9:09:04 PM org.apache.catalina.core.AprLifecycleListener init
INFO: The APR based Apache Tomcat Native library which allows optimal performance in production environments was not found on the java.library.path: /usr/lib/jvm/java-6-openjdk-amd64/jre/lib/amd64/server:/usr/lib/jvm/java-6-openjdk-amd64/jre/lib/amd64:/usr/lib/jvm/java-6-openjdk-amd64/jre/../lib/amd64:/oracle/lib:/usr/java/packages/lib/amd64:/usr/lib/x86_64-linux-gnu/jni:/lib/x86_64-linux-gnu:/usr/lib/x86_64-linux-gnu:/usr/lib/jni:/lib:/usr/lib
Nov 22, 2014 9:09:04 PM org.apache.coyote.http11.Http11Protocol init
INFO: Initializing Coyote HTTP/1.1 on http-16310
Nov 22, 2014 9:09:04 PM org.apache.catalina.startup.Catalina load
INFO: Initialization processed in 774 ms
Nov 22, 2014 9:09:05 PM org.apache.catalina.core.StandardService start
INFO: Starting service Catalina
Nov 22, 2014 9:09:05 PM org.apache.catalina.core.StandardEngine start
INFO: Starting Servlet Engine: Apache Tomcat/6.0.35
Nov 22, 2014 9:09:05 PM org.apache.catalina.startup.HostConfig deployDirectory
INFO: Deploying web application directory Concur
Nov 22, 2014 9:09:05 PM org.apache.catalina.startup.HostConfig deployDirectory
INFO: Deploying web application directory ROOT
Nov 22, 2014 9:09:05 PM org.apache.catalina.startup.HostConfig deployDirectory
INFO: Deploying web application directory OnlineImageProcess
Nov 22, 2014 9:09:05 PM org.apache.catalina.startup.HostConfig deployDirectory
INFO: Deploying web application directory File Upload Applet_files
Nov 22, 2014 9:09:05 PM org.apache.catalina.startup.HostConfig deployDirectory
INFO: Deploying web application directory proj1
Nov 22, 2014 9:09:05 PM org.apache.catalina.startup.HostConfig deployDirectory
INFO: Deploying web application directory Banff Park_files
Nov 22, 2014 9:09:05 PM org.apache.coyote.http11.Http11Protocol start
INFO: Starting Coyote HTTP/1.1 on http-16310
Nov 22, 2014 9:09:05 PM org.apache.jk.common.ChannelSocket init
INFO: JK: ajp13 listening on /0.0.0.0:8009
Nov 22, 2014 9:09:05 PM org.apache.jk.server.JkMain start
INFO: Jk running ID=0 time=0/29  config=null
Nov 22, 2014 9:09:05 PM org.apache.catalina.startup.Catalina start
INFO: Server startup in 703 ms
Nov 22, 2014 9:10:54 PM org.apache.coyote.http11.Http11Protocol pause
INFO: Pausing Coyote HTTP/1.1 on http-16310
Nov 22, 2014 9:10:55 PM org.apache.catalina.core.StandardService stop
INFO: Stopping service Catalina
Nov 22, 2014 9:10:55 PM org.apache.catalina.loader.WebappClassLoader clearReferencesJdbc
SEVERE: The web application [/OnlineImageProcess] registered the JDBC driver [oracle.jdbc.OracleDriver] but failed to unregister it when the web application was stopped. To prevent a memory leak, the JDBC Driver has been forcibly unregistered.
Nov 22, 2014 9:10:56 PM org.apache.coyote.http11.Http11Protocol destroy
INFO: Stopping Coyote HTTP/1.1 on http-16310
