Nov 3, 2014 11:11:33 AM org.apache.catalina.core.AprLifecycleListener init
INFO: The APR based Apache Tomcat Native library which allows optimal performance in production environments was not found on the java.library.path: /usr/lib/jvm/java-6-openjdk-amd64/jre/lib/amd64/server:/usr/lib/jvm/java-6-openjdk-amd64/jre/lib/amd64:/usr/lib/jvm/java-6-openjdk-amd64/jre/../lib/amd64:/oracle/lib:/usr/java/packages/lib/amd64:/usr/lib/x86_64-linux-gnu/jni:/lib/x86_64-linux-gnu:/usr/lib/x86_64-linux-gnu:/usr/lib/jni:/lib:/usr/lib
Nov 3, 2014 11:11:34 AM org.apache.coyote.http11.Http11Protocol init
INFO: Initializing Coyote HTTP/1.1 on http-16310
Nov 3, 2014 11:11:34 AM org.apache.catalina.startup.Catalina load
INFO: Initialization processed in 1410 ms
Nov 3, 2014 11:11:34 AM org.apache.catalina.core.StandardService start
INFO: Starting service Catalina
Nov 3, 2014 11:11:34 AM org.apache.catalina.core.StandardEngine start
INFO: Starting Servlet Engine: Apache Tomcat/6.0.35
Nov 3, 2014 11:11:34 AM org.apache.catalina.startup.HostConfig deployDirectory
INFO: Deploying web application directory ROOT
Nov 3, 2014 11:11:34 AM org.apache.catalina.startup.HostConfig deployDirectory
INFO: Deploying web application directory OnlineImageProcess
Nov 3, 2014 11:11:35 AM org.apache.catalina.startup.HostConfig deployDirectory
INFO: Deploying web application directory proj1
Nov 3, 2014 11:11:35 AM org.apache.coyote.http11.Http11Protocol start
INFO: Starting Coyote HTTP/1.1 on http-16310
Nov 3, 2014 11:11:35 AM org.apache.jk.common.ChannelSocket init
INFO: JK: ajp13 listening on /0.0.0.0:8009
Nov 3, 2014 11:11:35 AM org.apache.jk.server.JkMain start
INFO: Jk running ID=0 time=0/51  config=null
Nov 3, 2014 11:11:35 AM org.apache.catalina.startup.Catalina start
INFO: Server startup in 1175 ms
Nov 3, 2014 11:14:09 AM org.apache.coyote.http11.Http11Protocol pause
INFO: Pausing Coyote HTTP/1.1 on http-16310
Nov 3, 2014 11:14:10 AM org.apache.catalina.core.StandardService stop
INFO: Stopping service Catalina
Nov 3, 2014 11:14:10 AM org.apache.catalina.loader.WebappClassLoader clearReferencesJdbc
SEVERE: The web application [/OnlineImageProcess] registered the JDBC driver [oracle.jdbc.OracleDriver] but failed to unregister it when the web application was stopped. To prevent a memory leak, the JDBC Driver has been forcibly unregistered.
Nov 3, 2014 11:14:10 AM org.apache.coyote.http11.Http11Protocol destroy
INFO: Stopping Coyote HTTP/1.1 on http-16310
Nov 3, 2014 2:28:23 PM org.apache.catalina.core.AprLifecycleListener init
INFO: The APR based Apache Tomcat Native library which allows optimal performance in production environments was not found on the java.library.path: /usr/lib/jvm/java-6-openjdk-amd64/jre/lib/amd64/server:/usr/lib/jvm/java-6-openjdk-amd64/jre/lib/amd64:/usr/lib/jvm/java-6-openjdk-amd64/jre/../lib/amd64:/oracle/lib:/usr/java/packages/lib/amd64:/usr/lib/x86_64-linux-gnu/jni:/lib/x86_64-linux-gnu:/usr/lib/x86_64-linux-gnu:/usr/lib/jni:/lib:/usr/lib
Nov 3, 2014 2:28:24 PM org.apache.coyote.http11.Http11Protocol init
INFO: Initializing Coyote HTTP/1.1 on http-16310
Nov 3, 2014 2:28:24 PM org.apache.catalina.startup.Catalina load
INFO: Initialization processed in 1355 ms
Nov 3, 2014 2:28:24 PM org.apache.catalina.core.StandardService start
INFO: Starting service Catalina
Nov 3, 2014 2:28:24 PM org.apache.catalina.core.StandardEngine start
INFO: Starting Servlet Engine: Apache Tomcat/6.0.35
Nov 3, 2014 2:28:24 PM org.apache.catalina.startup.HostConfig deployDirectory
INFO: Deploying web application directory ROOT
Nov 3, 2014 2:28:24 PM org.apache.catalina.startup.HostConfig deployDirectory
INFO: Deploying web application directory OnlineImageProcess
Nov 3, 2014 2:28:25 PM org.apache.catalina.startup.HostConfig deployDirectory
INFO: Deploying web application directory proj1
Nov 3, 2014 2:28:25 PM org.apache.coyote.http11.Http11Protocol start
INFO: Starting Coyote HTTP/1.1 on http-16310
Nov 3, 2014 2:28:25 PM org.apache.jk.common.ChannelSocket init
INFO: JK: ajp13 listening on /0.0.0.0:8009
Nov 3, 2014 2:28:25 PM org.apache.jk.server.JkMain start
INFO: Jk running ID=0 time=0/15  config=null
Nov 3, 2014 2:28:25 PM org.apache.catalina.startup.Catalina start
INFO: Server startup in 1203 ms
Nov 3, 2014 2:39:30 PM org.apache.coyote.http11.Http11Protocol pause
INFO: Pausing Coyote HTTP/1.1 on http-16310
Nov 3, 2014 2:39:31 PM org.apache.catalina.core.StandardService stop
INFO: Stopping service Catalina
Nov 3, 2014 2:39:31 PM org.apache.catalina.loader.WebappClassLoader clearReferencesJdbc
SEVERE: The web application [/OnlineImageProcess] registered the JDBC driver [oracle.jdbc.OracleDriver] but failed to unregister it when the web application was stopped. To prevent a memory leak, the JDBC Driver has been forcibly unregistered.
Nov 3, 2014 2:39:31 PM org.apache.coyote.http11.Http11Protocol destroy
INFO: Stopping Coyote HTTP/1.1 on http-16310
Nov 3, 2014 2:39:35 PM org.apache.catalina.core.AprLifecycleListener init
INFO: The APR based Apache Tomcat Native library which allows optimal performance in production environments was not found on the java.library.path: /usr/lib/jvm/java-6-openjdk-amd64/jre/lib/amd64/server:/usr/lib/jvm/java-6-openjdk-amd64/jre/lib/amd64:/usr/lib/jvm/java-6-openjdk-amd64/jre/../lib/amd64:/oracle/lib:/usr/java/packages/lib/amd64:/usr/lib/x86_64-linux-gnu/jni:/lib/x86_64-linux-gnu:/usr/lib/x86_64-linux-gnu:/usr/lib/jni:/lib:/usr/lib
Nov 3, 2014 2:39:36 PM org.apache.coyote.http11.Http11Protocol init
INFO: Initializing Coyote HTTP/1.1 on http-16310
Nov 3, 2014 2:39:36 PM org.apache.catalina.startup.Catalina load
INFO: Initialization processed in 882 ms
Nov 3, 2014 2:39:36 PM org.apache.catalina.core.StandardService start
INFO: Starting service Catalina
Nov 3, 2014 2:39:36 PM org.apache.catalina.core.StandardEngine start
INFO: Starting Servlet Engine: Apache Tomcat/6.0.35
Nov 3, 2014 2:39:36 PM org.apache.catalina.startup.HostConfig deployDirectory
INFO: Deploying web application directory ROOT
Nov 3, 2014 2:39:36 PM org.apache.catalina.startup.HostConfig deployDirectory
INFO: Deploying web application directory OnlineImageProcess
Nov 3, 2014 2:39:36 PM org.apache.catalina.startup.HostConfig deployDirectory
INFO: Deploying web application directory proj1
Nov 3, 2014 2:39:36 PM org.apache.coyote.http11.Http11Protocol start
INFO: Starting Coyote HTTP/1.1 on http-16310
Nov 3, 2014 2:39:36 PM org.apache.jk.common.ChannelSocket init
INFO: JK: ajp13 listening on /0.0.0.0:8009
Nov 3, 2014 2:39:36 PM org.apache.jk.server.JkMain start
INFO: Jk running ID=0 time=0/49  config=null
Nov 3, 2014 2:39:36 PM org.apache.catalina.startup.Catalina start
INFO: Server startup in 625 ms
Nov 3, 2014 3:02:11 PM org.apache.coyote.http11.Http11Protocol pause
INFO: Pausing Coyote HTTP/1.1 on http-16310
Nov 3, 2014 3:02:12 PM org.apache.catalina.core.StandardService stop
INFO: Stopping service Catalina
Nov 3, 2014 3:02:12 PM org.apache.catalina.loader.WebappClassLoader clearReferencesJdbc
SEVERE: The web application [/OnlineImageProcess] registered the JDBC driver [oracle.jdbc.OracleDriver] but failed to unregister it when the web application was stopped. To prevent a memory leak, the JDBC Driver has been forcibly unregistered.
Nov 3, 2014 3:02:12 PM org.apache.coyote.http11.Http11Protocol destroy
INFO: Stopping Coyote HTTP/1.1 on http-16310
Nov 3, 2014 3:43:28 PM org.apache.catalina.core.AprLifecycleListener init
INFO: The APR based Apache Tomcat Native library which allows optimal performance in production environments was not found on the java.library.path: /usr/lib/jvm/java-6-openjdk-amd64/jre/lib/amd64/server:/usr/lib/jvm/java-6-openjdk-amd64/jre/lib/amd64:/usr/lib/jvm/java-6-openjdk-amd64/jre/../lib/amd64:/oracle/lib:/usr/java/packages/lib/amd64:/usr/lib/x86_64-linux-gnu/jni:/lib/x86_64-linux-gnu:/usr/lib/x86_64-linux-gnu:/usr/lib/jni:/lib:/usr/lib
Nov 3, 2014 3:43:28 PM org.apache.coyote.http11.Http11Protocol init
INFO: Initializing Coyote HTTP/1.1 on http-16310
Nov 3, 2014 3:43:28 PM org.apache.catalina.startup.Catalina load
INFO: Initialization processed in 528 ms
Nov 3, 2014 3:43:29 PM org.apache.catalina.core.StandardService start
INFO: Starting service Catalina
Nov 3, 2014 3:43:29 PM org.apache.catalina.core.StandardEngine start
INFO: Starting Servlet Engine: Apache Tomcat/6.0.35
Nov 3, 2014 3:43:29 PM org.apache.catalina.startup.HostConfig deployDirectory
INFO: Deploying web application directory ROOT
Nov 3, 2014 3:43:29 PM org.apache.catalina.startup.HostConfig deployDirectory
INFO: Deploying web application directory OnlineImageProcess
Nov 3, 2014 3:43:29 PM org.apache.catalina.startup.HostConfig deployDirectory
INFO: Deploying web application directory proj1
Nov 3, 2014 3:43:29 PM org.apache.coyote.http11.Http11Protocol start
INFO: Starting Coyote HTTP/1.1 on http-16310
Nov 3, 2014 3:43:29 PM org.apache.jk.common.ChannelSocket init
INFO: JK: ajp13 listening on /0.0.0.0:8009
Nov 3, 2014 3:43:29 PM org.apache.jk.server.JkMain start
INFO: Jk running ID=0 time=0/16  config=null
Nov 3, 2014 3:43:29 PM org.apache.catalina.startup.Catalina start
INFO: Server startup in 371 ms
Nov 3, 2014 4:17:56 PM org.apache.coyote.http11.Http11Protocol pause
INFO: Pausing Coyote HTTP/1.1 on http-16310
Nov 3, 2014 4:17:57 PM org.apache.catalina.core.StandardService stop
INFO: Stopping service Catalina
Nov 3, 2014 4:17:57 PM org.apache.catalina.loader.WebappClassLoader clearReferencesJdbc
SEVERE: The web application [/OnlineImageProcess] registered the JDBC driver [oracle.jdbc.OracleDriver] but failed to unregister it when the web application was stopped. To prevent a memory leak, the JDBC Driver has been forcibly unregistered.
Nov 3, 2014 4:17:57 PM org.apache.coyote.http11.Http11Protocol destroy
INFO: Stopping Coyote HTTP/1.1 on http-16310
