Oct 31, 2014 8:54:14 AM org.apache.catalina.core.AprLifecycleListener init
INFO: The APR based Apache Tomcat Native library which allows optimal performance in production environments was not found on the java.library.path: /usr/lib/jvm/java-6-openjdk-amd64/jre/lib/amd64/server:/usr/lib/jvm/java-6-openjdk-amd64/jre/lib/amd64:/usr/lib/jvm/java-6-openjdk-amd64/jre/../lib/amd64:/oracle/lib:/usr/java/packages/lib/amd64:/usr/lib/x86_64-linux-gnu/jni:/lib/x86_64-linux-gnu:/usr/lib/x86_64-linux-gnu:/usr/lib/jni:/lib:/usr/lib
Oct 31, 2014 8:54:14 AM org.apache.coyote.http11.Http11Protocol init
INFO: Initializing Coyote HTTP/1.1 on http-16310
Oct 31, 2014 8:54:14 AM org.apache.catalina.startup.Catalina load
INFO: Initialization processed in 1324 ms
Oct 31, 2014 8:54:14 AM org.apache.catalina.core.StandardService start
INFO: Starting service Catalina
Oct 31, 2014 8:54:14 AM org.apache.catalina.core.StandardEngine start
INFO: Starting Servlet Engine: Apache Tomcat/6.0.35
Oct 31, 2014 8:54:14 AM org.apache.catalina.startup.HostConfig deployDirectory
INFO: Deploying web application directory ROOT
Oct 31, 2014 8:54:15 AM org.apache.catalina.startup.HostConfig deployDirectory
INFO: Deploying web application directory OnlineImageProcess
Oct 31, 2014 8:54:15 AM org.apache.catalina.startup.HostConfig deployDirectory
INFO: Deploying web application directory proj1
Oct 31, 2014 8:54:15 AM org.apache.coyote.http11.Http11Protocol start
INFO: Starting Coyote HTTP/1.1 on http-16310
Oct 31, 2014 8:54:15 AM org.apache.jk.common.ChannelSocket init
INFO: JK: ajp13 listening on /0.0.0.0:8009
Oct 31, 2014 8:54:15 AM org.apache.jk.server.JkMain start
INFO: Jk running ID=0 time=0/31  config=null
Oct 31, 2014 8:54:15 AM org.apache.catalina.startup.Catalina start
INFO: Server startup in 1050 ms
Oct 31, 2014 8:54:42 AM org.apache.coyote.http11.Http11Protocol pause
INFO: Pausing Coyote HTTP/1.1 on http-16310
Oct 31, 2014 8:54:43 AM org.apache.catalina.core.StandardService stop
INFO: Stopping service Catalina
Oct 31, 2014 8:54:43 AM org.apache.coyote.http11.Http11Protocol destroy
INFO: Stopping Coyote HTTP/1.1 on http-16310
Oct 31, 2014 8:58:30 AM org.apache.catalina.core.AprLifecycleListener init
INFO: The APR based Apache Tomcat Native library which allows optimal performance in production environments was not found on the java.library.path: /usr/lib/jvm/java-6-openjdk-amd64/jre/lib/amd64/server:/usr/lib/jvm/java-6-openjdk-amd64/jre/lib/amd64:/usr/lib/jvm/java-6-openjdk-amd64/jre/../lib/amd64:/oracle/lib:/usr/java/packages/lib/amd64:/usr/lib/x86_64-linux-gnu/jni:/lib/x86_64-linux-gnu:/usr/lib/x86_64-linux-gnu:/usr/lib/jni:/lib:/usr/lib
Oct 31, 2014 8:58:30 AM org.apache.coyote.http11.Http11Protocol init
INFO: Initializing Coyote HTTP/1.1 on http-16310
Oct 31, 2014 8:58:30 AM org.apache.catalina.startup.Catalina load
INFO: Initialization processed in 655 ms
Oct 31, 2014 8:58:30 AM org.apache.catalina.core.StandardService start
INFO: Starting service Catalina
Oct 31, 2014 8:58:30 AM org.apache.catalina.core.StandardEngine start
INFO: Starting Servlet Engine: Apache Tomcat/6.0.35
Oct 31, 2014 8:58:30 AM org.apache.catalina.startup.HostConfig deployDirectory
INFO: Deploying web application directory ROOT
Oct 31, 2014 8:58:30 AM org.apache.catalina.startup.HostConfig deployDirectory
INFO: Deploying web application directory OnlineImageProcess
Oct 31, 2014 8:58:30 AM org.apache.catalina.startup.HostConfig deployDirectory
INFO: Deploying web application directory proj1
Oct 31, 2014 8:58:30 AM org.apache.coyote.http11.Http11Protocol start
INFO: Starting Coyote HTTP/1.1 on http-16310
Oct 31, 2014 8:58:30 AM org.apache.jk.common.ChannelSocket init
INFO: JK: ajp13 listening on /0.0.0.0:8009
Oct 31, 2014 8:58:30 AM org.apache.jk.server.JkMain start
INFO: Jk running ID=0 time=0/19  config=null
Oct 31, 2014 8:58:30 AM org.apache.catalina.startup.Catalina start
INFO: Server startup in 396 ms
Oct 31, 2014 8:59:59 AM org.apache.coyote.http11.Http11Protocol pause
INFO: Pausing Coyote HTTP/1.1 on http-16310
Oct 31, 2014 9:00:00 AM org.apache.catalina.core.StandardService stop
INFO: Stopping service Catalina
Oct 31, 2014 9:00:00 AM org.apache.catalina.loader.WebappClassLoader clearReferencesJdbc
SEVERE: The web application [/OnlineImageProcess] registered the JDBC driver [oracle.jdbc.OracleDriver] but failed to unregister it when the web application was stopped. To prevent a memory leak, the JDBC Driver has been forcibly unregistered.
Oct 31, 2014 9:00:01 AM org.apache.coyote.http11.Http11Protocol destroy
INFO: Stopping Coyote HTTP/1.1 on http-16310
Oct 31, 2014 12:14:23 PM org.apache.catalina.core.AprLifecycleListener init
INFO: The APR based Apache Tomcat Native library which allows optimal performance in production environments was not found on the java.library.path: /usr/lib/jvm/java-6-openjdk-amd64/jre/lib/amd64/server:/usr/lib/jvm/java-6-openjdk-amd64/jre/lib/amd64:/usr/lib/jvm/java-6-openjdk-amd64/jre/../lib/amd64:/oracle/lib:/usr/java/packages/lib/amd64:/usr/lib/x86_64-linux-gnu/jni:/lib/x86_64-linux-gnu:/usr/lib/x86_64-linux-gnu:/usr/lib/jni:/lib:/usr/lib
Oct 31, 2014 12:14:23 PM org.apache.coyote.http11.Http11Protocol init
INFO: Initializing Coyote HTTP/1.1 on http-16310
Oct 31, 2014 12:14:23 PM org.apache.catalina.startup.Catalina load
INFO: Initialization processed in 625 ms
Oct 31, 2014 12:14:23 PM org.apache.catalina.core.StandardService start
INFO: Starting service Catalina
Oct 31, 2014 12:14:23 PM org.apache.catalina.core.StandardEngine start
INFO: Starting Servlet Engine: Apache Tomcat/6.0.35
Oct 31, 2014 12:14:23 PM org.apache.catalina.startup.HostConfig deployDirectory
INFO: Deploying web application directory ROOT
Oct 31, 2014 12:14:23 PM org.apache.catalina.startup.HostConfig deployDirectory
INFO: Deploying web application directory OnlineImageProcess
Oct 31, 2014 12:14:24 PM org.apache.catalina.startup.HostConfig deployDirectory
INFO: Deploying web application directory proj1
Oct 31, 2014 12:14:24 PM org.apache.coyote.http11.Http11Protocol start
INFO: Starting Coyote HTTP/1.1 on http-16310
Oct 31, 2014 12:14:24 PM org.apache.jk.common.ChannelSocket init
INFO: JK: ajp13 listening on /0.0.0.0:8009
Oct 31, 2014 12:14:24 PM org.apache.jk.server.JkMain start
INFO: Jk running ID=0 time=1/17  config=null
Oct 31, 2014 12:14:24 PM org.apache.catalina.startup.Catalina start
INFO: Server startup in 1033 ms
Oct 31, 2014 12:16:33 PM org.apache.coyote.http11.Http11Protocol pause
INFO: Pausing Coyote HTTP/1.1 on http-16310
Oct 31, 2014 12:16:34 PM org.apache.catalina.core.StandardService stop
INFO: Stopping service Catalina
Oct 31, 2014 12:16:34 PM org.apache.catalina.loader.WebappClassLoader clearReferencesJdbc
SEVERE: The web application [/OnlineImageProcess] registered the JDBC driver [oracle.jdbc.OracleDriver] but failed to unregister it when the web application was stopped. To prevent a memory leak, the JDBC Driver has been forcibly unregistered.
Oct 31, 2014 12:16:34 PM org.apache.coyote.http11.Http11Protocol destroy
INFO: Stopping Coyote HTTP/1.1 on http-16310
Oct 31, 2014 2:43:14 PM org.apache.catalina.core.AprLifecycleListener init
INFO: The APR based Apache Tomcat Native library which allows optimal performance in production environments was not found on the java.library.path: /usr/lib/jvm/java-6-openjdk-amd64/jre/lib/amd64/server:/usr/lib/jvm/java-6-openjdk-amd64/jre/lib/amd64:/usr/lib/jvm/java-6-openjdk-amd64/jre/../lib/amd64:/oracle/lib:/usr/java/packages/lib/amd64:/usr/lib/x86_64-linux-gnu/jni:/lib/x86_64-linux-gnu:/usr/lib/x86_64-linux-gnu:/usr/lib/jni:/lib:/usr/lib
Oct 31, 2014 2:43:15 PM org.apache.coyote.http11.Http11Protocol init
INFO: Initializing Coyote HTTP/1.1 on http-16310
Oct 31, 2014 2:43:15 PM org.apache.catalina.startup.Catalina load
INFO: Initialization processed in 1503 ms
Oct 31, 2014 2:43:15 PM org.apache.catalina.core.StandardService start
INFO: Starting service Catalina
Oct 31, 2014 2:43:15 PM org.apache.catalina.core.StandardEngine start
INFO: Starting Servlet Engine: Apache Tomcat/6.0.35
Oct 31, 2014 2:43:15 PM org.apache.catalina.startup.HostConfig deployDirectory
INFO: Deploying web application directory ROOT
Oct 31, 2014 2:43:16 PM org.apache.catalina.startup.HostConfig deployDirectory
INFO: Deploying web application directory OnlineImageProcess
Oct 31, 2014 2:43:16 PM org.apache.catalina.startup.HostConfig deployDirectory
INFO: Deploying web application directory proj1
Oct 31, 2014 2:43:16 PM org.apache.coyote.http11.Http11Protocol start
INFO: Starting Coyote HTTP/1.1 on http-16310
Oct 31, 2014 2:43:16 PM org.apache.jk.common.ChannelSocket init
INFO: JK: ajp13 listening on /0.0.0.0:8009
Oct 31, 2014 2:43:16 PM org.apache.jk.server.JkMain start
INFO: Jk running ID=0 time=0/32  config=null
Oct 31, 2014 2:43:16 PM org.apache.catalina.startup.Catalina start
INFO: Server startup in 1128 ms
Oct 31, 2014 2:48:28 PM org.apache.coyote.http11.Http11Protocol pause
INFO: Pausing Coyote HTTP/1.1 on http-16310
Oct 31, 2014 2:48:29 PM org.apache.catalina.core.StandardService stop
INFO: Stopping service Catalina
Oct 31, 2014 2:48:29 PM org.apache.coyote.http11.Http11Protocol destroy
INFO: Stopping Coyote HTTP/1.1 on http-16310
Oct 31, 2014 2:48:34 PM org.apache.catalina.core.AprLifecycleListener init
INFO: The APR based Apache Tomcat Native library which allows optimal performance in production environments was not found on the java.library.path: /usr/lib/jvm/java-6-openjdk-amd64/jre/lib/amd64/server:/usr/lib/jvm/java-6-openjdk-amd64/jre/lib/amd64:/usr/lib/jvm/java-6-openjdk-amd64/jre/../lib/amd64:/oracle/lib:/usr/java/packages/lib/amd64:/usr/lib/x86_64-linux-gnu/jni:/lib/x86_64-linux-gnu:/usr/lib/x86_64-linux-gnu:/usr/lib/jni:/lib:/usr/lib
Oct 31, 2014 2:48:34 PM org.apache.coyote.http11.Http11Protocol init
INFO: Initializing Coyote HTTP/1.1 on http-16310
Oct 31, 2014 2:48:34 PM org.apache.catalina.startup.Catalina load
INFO: Initialization processed in 767 ms
Oct 31, 2014 2:48:34 PM org.apache.catalina.core.StandardService start
INFO: Starting service Catalina
Oct 31, 2014 2:48:34 PM org.apache.catalina.core.StandardEngine start
INFO: Starting Servlet Engine: Apache Tomcat/6.0.35
Oct 31, 2014 2:48:34 PM org.apache.catalina.startup.HostConfig deployDirectory
INFO: Deploying web application directory ROOT
Oct 31, 2014 2:48:34 PM org.apache.catalina.startup.HostConfig deployDirectory
INFO: Deploying web application directory OnlineImageProcess
Oct 31, 2014 2:48:34 PM org.apache.catalina.startup.HostConfig deployDirectory
INFO: Deploying web application directory proj1
Oct 31, 2014 2:48:35 PM org.apache.coyote.http11.Http11Protocol start
INFO: Starting Coyote HTTP/1.1 on http-16310
Oct 31, 2014 2:48:35 PM org.apache.jk.common.ChannelSocket init
INFO: JK: ajp13 listening on /0.0.0.0:8009
Oct 31, 2014 2:48:35 PM org.apache.jk.server.JkMain start
INFO: Jk running ID=0 time=0/27  config=null
Oct 31, 2014 2:48:35 PM org.apache.catalina.startup.Catalina start
INFO: Server startup in 589 ms
Oct 31, 2014 2:50:29 PM org.apache.coyote.http11.Http11Protocol pause
INFO: Pausing Coyote HTTP/1.1 on http-16310
Oct 31, 2014 2:50:30 PM org.apache.catalina.core.StandardService stop
INFO: Stopping service Catalina
Oct 31, 2014 2:50:30 PM org.apache.coyote.http11.Http11Protocol destroy
INFO: Stopping Coyote HTTP/1.1 on http-16310
Oct 31, 2014 2:50:38 PM org.apache.catalina.core.AprLifecycleListener init
INFO: The APR based Apache Tomcat Native library which allows optimal performance in production environments was not found on the java.library.path: /usr/lib/jvm/java-6-openjdk-amd64/jre/lib/amd64/server:/usr/lib/jvm/java-6-openjdk-amd64/jre/lib/amd64:/usr/lib/jvm/java-6-openjdk-amd64/jre/../lib/amd64:/oracle/lib:/usr/java/packages/lib/amd64:/usr/lib/x86_64-linux-gnu/jni:/lib/x86_64-linux-gnu:/usr/lib/x86_64-linux-gnu:/usr/lib/jni:/lib:/usr/lib
Oct 31, 2014 2:50:38 PM org.apache.coyote.http11.Http11Protocol init
INFO: Initializing Coyote HTTP/1.1 on http-16310
Oct 31, 2014 2:50:38 PM org.apache.catalina.startup.Catalina load
INFO: Initialization processed in 716 ms
Oct 31, 2014 2:50:38 PM org.apache.catalina.core.StandardService start
INFO: Starting service Catalina
Oct 31, 2014 2:50:38 PM org.apache.catalina.core.StandardEngine start
INFO: Starting Servlet Engine: Apache Tomcat/6.0.35
Oct 31, 2014 2:50:38 PM org.apache.catalina.startup.HostConfig deployDirectory
INFO: Deploying web application directory ROOT
Oct 31, 2014 2:50:38 PM org.apache.catalina.startup.HostConfig deployDirectory
INFO: Deploying web application directory OnlineImageProcess
Oct 31, 2014 2:50:38 PM org.apache.catalina.startup.HostConfig deployDirectory
INFO: Deploying web application directory proj1
Oct 31, 2014 2:50:38 PM org.apache.coyote.http11.Http11Protocol start
INFO: Starting Coyote HTTP/1.1 on http-16310
Oct 31, 2014 2:50:38 PM org.apache.jk.common.ChannelSocket init
INFO: JK: ajp13 listening on /0.0.0.0:8009
Oct 31, 2014 2:50:38 PM org.apache.jk.server.JkMain start
INFO: Jk running ID=0 time=0/24  config=null
Oct 31, 2014 2:50:38 PM org.apache.catalina.startup.Catalina start
INFO: Server startup in 523 ms
Oct 31, 2014 2:55:22 PM org.apache.coyote.http11.Http11Protocol pause
INFO: Pausing Coyote HTTP/1.1 on http-16310
Oct 31, 2014 2:55:23 PM org.apache.catalina.core.StandardService stop
INFO: Stopping service Catalina
Oct 31, 2014 2:55:23 PM org.apache.catalina.loader.WebappClassLoader clearReferencesJdbc
SEVERE: The web application [/OnlineImageProcess] registered the JDBC driver [oracle.jdbc.OracleDriver] but failed to unregister it when the web application was stopped. To prevent a memory leak, the JDBC Driver has been forcibly unregistered.
Oct 31, 2014 2:55:24 PM org.apache.coyote.http11.Http11Protocol destroy
INFO: Stopping Coyote HTTP/1.1 on http-16310
Oct 31, 2014 2:55:40 PM org.apache.catalina.core.AprLifecycleListener init
INFO: The APR based Apache Tomcat Native library which allows optimal performance in production environments was not found on the java.library.path: /usr/lib/jvm/java-6-openjdk-amd64/jre/lib/amd64/server:/usr/lib/jvm/java-6-openjdk-amd64/jre/lib/amd64:/usr/lib/jvm/java-6-openjdk-amd64/jre/../lib/amd64:/oracle/lib:/usr/java/packages/lib/amd64:/usr/lib/x86_64-linux-gnu/jni:/lib/x86_64-linux-gnu:/usr/lib/x86_64-linux-gnu:/usr/lib/jni:/lib:/usr/lib
Oct 31, 2014 2:55:41 PM org.apache.coyote.http11.Http11Protocol init
INFO: Initializing Coyote HTTP/1.1 on http-16310
Oct 31, 2014 2:55:41 PM org.apache.catalina.startup.Catalina load
INFO: Initialization processed in 690 ms
Oct 31, 2014 2:55:41 PM org.apache.catalina.core.StandardService start
INFO: Starting service Catalina
Oct 31, 2014 2:55:41 PM org.apache.catalina.core.StandardEngine start
INFO: Starting Servlet Engine: Apache Tomcat/6.0.35
Oct 31, 2014 2:55:41 PM org.apache.catalina.startup.HostConfig deployDirectory
INFO: Deploying web application directory ROOT
Oct 31, 2014 2:55:41 PM org.apache.catalina.startup.HostConfig deployDirectory
INFO: Deploying web application directory OnlineImageProcess
Oct 31, 2014 2:55:41 PM org.apache.catalina.startup.HostConfig deployDirectory
INFO: Deploying web application directory proj1
Oct 31, 2014 2:55:41 PM org.apache.coyote.http11.Http11Protocol start
INFO: Starting Coyote HTTP/1.1 on http-16310
Oct 31, 2014 2:55:41 PM org.apache.jk.common.ChannelSocket init
INFO: JK: ajp13 listening on /0.0.0.0:8009
Oct 31, 2014 2:55:41 PM org.apache.jk.server.JkMain start
INFO: Jk running ID=0 time=0/20  config=null
Oct 31, 2014 2:55:41 PM org.apache.catalina.startup.Catalina start
INFO: Server startup in 452 ms
Oct 31, 2014 3:01:53 PM org.apache.coyote.http11.Http11Protocol pause
INFO: Pausing Coyote HTTP/1.1 on http-16310
Oct 31, 2014 3:01:54 PM org.apache.catalina.core.StandardService stop
INFO: Stopping service Catalina
Oct 31, 2014 3:01:54 PM org.apache.catalina.loader.WebappClassLoader clearReferencesJdbc
SEVERE: The web application [/OnlineImageProcess] registered the JDBC driver [oracle.jdbc.OracleDriver] but failed to unregister it when the web application was stopped. To prevent a memory leak, the JDBC Driver has been forcibly unregistered.
Oct 31, 2014 3:01:54 PM org.apache.coyote.http11.Http11Protocol destroy
INFO: Stopping Coyote HTTP/1.1 on http-16310
Oct 31, 2014 3:01:59 PM org.apache.catalina.core.AprLifecycleListener init
INFO: The APR based Apache Tomcat Native library which allows optimal performance in production environments was not found on the java.library.path: /usr/lib/jvm/java-6-openjdk-amd64/jre/lib/amd64/server:/usr/lib/jvm/java-6-openjdk-amd64/jre/lib/amd64:/usr/lib/jvm/java-6-openjdk-amd64/jre/../lib/amd64:/oracle/lib:/usr/java/packages/lib/amd64:/usr/lib/x86_64-linux-gnu/jni:/lib/x86_64-linux-gnu:/usr/lib/x86_64-linux-gnu:/usr/lib/jni:/lib:/usr/lib
Oct 31, 2014 3:02:00 PM org.apache.coyote.http11.Http11Protocol init
INFO: Initializing Coyote HTTP/1.1 on http-16310
Oct 31, 2014 3:02:00 PM org.apache.catalina.startup.Catalina load
INFO: Initialization processed in 746 ms
Oct 31, 2014 3:02:00 PM org.apache.catalina.core.StandardService start
INFO: Starting service Catalina
Oct 31, 2014 3:02:00 PM org.apache.catalina.core.StandardEngine start
INFO: Starting Servlet Engine: Apache Tomcat/6.0.35
Oct 31, 2014 3:02:00 PM org.apache.catalina.startup.HostConfig deployDirectory
INFO: Deploying web application directory ROOT
Oct 31, 2014 3:02:00 PM org.apache.catalina.startup.HostConfig deployDirectory
INFO: Deploying web application directory OnlineImageProcess
Oct 31, 2014 3:02:00 PM org.apache.catalina.startup.HostConfig deployDirectory
INFO: Deploying web application directory proj1
Oct 31, 2014 3:02:00 PM org.apache.coyote.http11.Http11Protocol start
INFO: Starting Coyote HTTP/1.1 on http-16310
Oct 31, 2014 3:02:00 PM org.apache.jk.common.ChannelSocket init
INFO: JK: ajp13 listening on /0.0.0.0:8009
Oct 31, 2014 3:02:00 PM org.apache.jk.server.JkMain start
INFO: Jk running ID=0 time=0/22  config=null
Oct 31, 2014 3:02:00 PM org.apache.catalina.startup.Catalina start
INFO: Server startup in 495 ms
Oct 31, 2014 3:05:46 PM org.apache.coyote.http11.Http11Protocol pause
INFO: Pausing Coyote HTTP/1.1 on http-16310
Oct 31, 2014 3:05:47 PM org.apache.catalina.core.StandardService stop
INFO: Stopping service Catalina
Oct 31, 2014 3:05:47 PM org.apache.catalina.loader.WebappClassLoader clearReferencesJdbc
SEVERE: The web application [/OnlineImageProcess] registered the JDBC driver [oracle.jdbc.OracleDriver] but failed to unregister it when the web application was stopped. To prevent a memory leak, the JDBC Driver has been forcibly unregistered.
Oct 31, 2014 3:05:48 PM org.apache.coyote.http11.Http11Protocol destroy
INFO: Stopping Coyote HTTP/1.1 on http-16310
Oct 31, 2014 3:05:58 PM org.apache.catalina.core.AprLifecycleListener init
INFO: The APR based Apache Tomcat Native library which allows optimal performance in production environments was not found on the java.library.path: /usr/lib/jvm/java-6-openjdk-amd64/jre/lib/amd64/server:/usr/lib/jvm/java-6-openjdk-amd64/jre/lib/amd64:/usr/lib/jvm/java-6-openjdk-amd64/jre/../lib/amd64:/oracle/lib:/usr/java/packages/lib/amd64:/usr/lib/x86_64-linux-gnu/jni:/lib/x86_64-linux-gnu:/usr/lib/x86_64-linux-gnu:/usr/lib/jni:/lib:/usr/lib
Oct 31, 2014 3:05:58 PM org.apache.coyote.http11.Http11Protocol init
INFO: Initializing Coyote HTTP/1.1 on http-16310
Oct 31, 2014 3:05:58 PM org.apache.catalina.startup.Catalina load
INFO: Initialization processed in 719 ms
Oct 31, 2014 3:05:58 PM org.apache.catalina.core.StandardService start
INFO: Starting service Catalina
Oct 31, 2014 3:05:58 PM org.apache.catalina.core.StandardEngine start
INFO: Starting Servlet Engine: Apache Tomcat/6.0.35
Oct 31, 2014 3:05:58 PM org.apache.catalina.startup.HostConfig deployDirectory
INFO: Deploying web application directory ROOT
Oct 31, 2014 3:05:59 PM org.apache.catalina.startup.HostConfig deployDirectory
INFO: Deploying web application directory OnlineImageProcess
Oct 31, 2014 3:05:59 PM org.apache.catalina.startup.HostConfig deployDirectory
INFO: Deploying web application directory proj1
Oct 31, 2014 3:05:59 PM org.apache.coyote.http11.Http11Protocol start
INFO: Starting Coyote HTTP/1.1 on http-16310
Oct 31, 2014 3:05:59 PM org.apache.jk.common.ChannelSocket init
INFO: JK: ajp13 listening on /0.0.0.0:8009
Oct 31, 2014 3:05:59 PM org.apache.jk.server.JkMain start
INFO: Jk running ID=0 time=0/19  config=null
Oct 31, 2014 3:05:59 PM org.apache.catalina.startup.Catalina start
INFO: Server startup in 443 ms
Oct 31, 2014 3:08:41 PM org.apache.coyote.http11.Http11Protocol pause
INFO: Pausing Coyote HTTP/1.1 on http-16310
Oct 31, 2014 3:08:42 PM org.apache.catalina.core.StandardService stop
INFO: Stopping service Catalina
Oct 31, 2014 3:08:42 PM org.apache.coyote.http11.Http11Protocol destroy
INFO: Stopping Coyote HTTP/1.1 on http-16310
Oct 31, 2014 3:08:48 PM org.apache.catalina.core.AprLifecycleListener init
INFO: The APR based Apache Tomcat Native library which allows optimal performance in production environments was not found on the java.library.path: /usr/lib/jvm/java-6-openjdk-amd64/jre/lib/amd64/server:/usr/lib/jvm/java-6-openjdk-amd64/jre/lib/amd64:/usr/lib/jvm/java-6-openjdk-amd64/jre/../lib/amd64:/oracle/lib:/usr/java/packages/lib/amd64:/usr/lib/x86_64-linux-gnu/jni:/lib/x86_64-linux-gnu:/usr/lib/x86_64-linux-gnu:/usr/lib/jni:/lib:/usr/lib
Oct 31, 2014 3:08:48 PM org.apache.coyote.http11.Http11Protocol init
INFO: Initializing Coyote HTTP/1.1 on http-16310
Oct 31, 2014 3:08:48 PM org.apache.catalina.startup.Catalina load
INFO: Initialization processed in 738 ms
Oct 31, 2014 3:08:48 PM org.apache.catalina.core.StandardService start
INFO: Starting service Catalina
Oct 31, 2014 3:08:48 PM org.apache.catalina.core.StandardEngine start
INFO: Starting Servlet Engine: Apache Tomcat/6.0.35
Oct 31, 2014 3:08:48 PM org.apache.catalina.startup.HostConfig deployDirectory
INFO: Deploying web application directory ROOT
Oct 31, 2014 3:08:49 PM org.apache.catalina.startup.HostConfig deployDirectory
INFO: Deploying web application directory OnlineImageProcess
Oct 31, 2014 3:08:49 PM org.apache.catalina.startup.HostConfig deployDirectory
INFO: Deploying web application directory proj1
Oct 31, 2014 3:08:49 PM org.apache.coyote.http11.Http11Protocol start
INFO: Starting Coyote HTTP/1.1 on http-16310
Oct 31, 2014 3:08:49 PM org.apache.jk.common.ChannelSocket init
INFO: JK: ajp13 listening on /0.0.0.0:8009
Oct 31, 2014 3:08:49 PM org.apache.jk.server.JkMain start
INFO: Jk running ID=0 time=0/18  config=null
Oct 31, 2014 3:08:49 PM org.apache.catalina.startup.Catalina start
INFO: Server startup in 531 ms
Oct 31, 2014 4:05:33 PM org.apache.coyote.http11.Http11Protocol pause
INFO: Pausing Coyote HTTP/1.1 on http-16310
Oct 31, 2014 4:05:34 PM org.apache.catalina.core.StandardService stop
INFO: Stopping service Catalina
Oct 31, 2014 4:05:34 PM org.apache.coyote.http11.Http11Protocol destroy
INFO: Stopping Coyote HTTP/1.1 on http-16310
Oct 31, 2014 4:05:39 PM org.apache.catalina.core.AprLifecycleListener init
INFO: The APR based Apache Tomcat Native library which allows optimal performance in production environments was not found on the java.library.path: /usr/lib/jvm/java-6-openjdk-amd64/jre/lib/amd64/server:/usr/lib/jvm/java-6-openjdk-amd64/jre/lib/amd64:/usr/lib/jvm/java-6-openjdk-amd64/jre/../lib/amd64:/oracle/lib:/usr/java/packages/lib/amd64:/usr/lib/x86_64-linux-gnu/jni:/lib/x86_64-linux-gnu:/usr/lib/x86_64-linux-gnu:/usr/lib/jni:/lib:/usr/lib
Oct 31, 2014 4:05:40 PM org.apache.coyote.http11.Http11Protocol init
INFO: Initializing Coyote HTTP/1.1 on http-16310
Oct 31, 2014 4:05:40 PM org.apache.catalina.startup.Catalina load
INFO: Initialization processed in 804 ms
Oct 31, 2014 4:05:40 PM org.apache.catalina.core.StandardService start
INFO: Starting service Catalina
Oct 31, 2014 4:05:40 PM org.apache.catalina.core.StandardEngine start
INFO: Starting Servlet Engine: Apache Tomcat/6.0.35
Oct 31, 2014 4:05:40 PM org.apache.catalina.startup.HostConfig deployDirectory
INFO: Deploying web application directory ROOT
Oct 31, 2014 4:05:40 PM org.apache.catalina.startup.HostConfig deployDirectory
INFO: Deploying web application directory OnlineImageProcess
Oct 31, 2014 4:05:40 PM org.apache.catalina.startup.HostConfig deployDirectory
INFO: Deploying web application directory proj1
Oct 31, 2014 4:05:40 PM org.apache.coyote.http11.Http11Protocol start
INFO: Starting Coyote HTTP/1.1 on http-16310
Oct 31, 2014 4:05:40 PM org.apache.jk.common.ChannelSocket init
INFO: JK: ajp13 listening on /0.0.0.0:8009
Oct 31, 2014 4:05:40 PM org.apache.jk.server.JkMain start
INFO: Jk running ID=0 time=0/18  config=null
Oct 31, 2014 4:05:40 PM org.apache.catalina.startup.Catalina start
INFO: Server startup in 510 ms
Oct 31, 2014 4:20:13 PM org.apache.coyote.http11.Http11Protocol pause
INFO: Pausing Coyote HTTP/1.1 on http-16310
Oct 31, 2014 4:20:14 PM org.apache.catalina.core.StandardService stop
INFO: Stopping service Catalina
Oct 31, 2014 4:20:14 PM org.apache.catalina.loader.WebappClassLoader clearReferencesJdbc
SEVERE: The web application [/OnlineImageProcess] registered the JDBC driver [oracle.jdbc.OracleDriver] but failed to unregister it when the web application was stopped. To prevent a memory leak, the JDBC Driver has been forcibly unregistered.
Oct 31, 2014 4:20:14 PM org.apache.coyote.http11.Http11Protocol destroy
INFO: Stopping Coyote HTTP/1.1 on http-16310
Oct 31, 2014 4:23:35 PM org.apache.catalina.core.AprLifecycleListener init
INFO: The APR based Apache Tomcat Native library which allows optimal performance in production environments was not found on the java.library.path: /usr/lib/jvm/java-6-openjdk-amd64/jre/lib/amd64/server:/usr/lib/jvm/java-6-openjdk-amd64/jre/lib/amd64:/usr/lib/jvm/java-6-openjdk-amd64/jre/../lib/amd64:/oracle/lib:/usr/java/packages/lib/amd64:/usr/lib/x86_64-linux-gnu/jni:/lib/x86_64-linux-gnu:/usr/lib/x86_64-linux-gnu:/usr/lib/jni:/lib:/usr/lib
Oct 31, 2014 4:23:35 PM org.apache.coyote.http11.Http11Protocol init
INFO: Initializing Coyote HTTP/1.1 on http-16310
Oct 31, 2014 4:23:35 PM org.apache.catalina.startup.Catalina load
INFO: Initialization processed in 811 ms
Oct 31, 2014 4:23:35 PM org.apache.catalina.core.StandardService start
INFO: Starting service Catalina
Oct 31, 2014 4:23:35 PM org.apache.catalina.core.StandardEngine start
INFO: Starting Servlet Engine: Apache Tomcat/6.0.35
Oct 31, 2014 4:23:35 PM org.apache.catalina.startup.HostConfig deployDirectory
INFO: Deploying web application directory ROOT
Oct 31, 2014 4:23:35 PM org.apache.catalina.startup.HostConfig deployDirectory
INFO: Deploying web application directory OnlineImageProcess
Oct 31, 2014 4:23:36 PM org.apache.catalina.startup.HostConfig deployDirectory
INFO: Deploying web application directory proj1
Oct 31, 2014 4:23:36 PM org.apache.coyote.http11.Http11Protocol start
INFO: Starting Coyote HTTP/1.1 on http-16310
Oct 31, 2014 4:23:36 PM org.apache.jk.common.ChannelSocket init
INFO: JK: ajp13 listening on /0.0.0.0:8009
Oct 31, 2014 4:23:36 PM org.apache.jk.server.JkMain start
INFO: Jk running ID=0 time=0/21  config=null
Oct 31, 2014 4:23:36 PM org.apache.catalina.startup.Catalina start
INFO: Server startup in 464 ms
Oct 31, 2014 4:26:42 PM org.apache.coyote.http11.Http11Protocol pause
INFO: Pausing Coyote HTTP/1.1 on http-16310
Oct 31, 2014 4:26:43 PM org.apache.catalina.core.StandardService stop
INFO: Stopping service Catalina
Oct 31, 2014 4:26:43 PM org.apache.coyote.http11.Http11Protocol destroy
INFO: Stopping Coyote HTTP/1.1 on http-16310
Oct 31, 2014 4:26:54 PM org.apache.catalina.core.AprLifecycleListener init
INFO: The APR based Apache Tomcat Native library which allows optimal performance in production environments was not found on the java.library.path: /usr/lib/jvm/java-6-openjdk-amd64/jre/lib/amd64/server:/usr/lib/jvm/java-6-openjdk-amd64/jre/lib/amd64:/usr/lib/jvm/java-6-openjdk-amd64/jre/../lib/amd64:/oracle/lib:/usr/java/packages/lib/amd64:/usr/lib/x86_64-linux-gnu/jni:/lib/x86_64-linux-gnu:/usr/lib/x86_64-linux-gnu:/usr/lib/jni:/lib:/usr/lib
Oct 31, 2014 4:26:54 PM org.apache.coyote.http11.Http11Protocol init
INFO: Initializing Coyote HTTP/1.1 on http-16310
Oct 31, 2014 4:26:54 PM org.apache.catalina.startup.Catalina load
INFO: Initialization processed in 712 ms
Oct 31, 2014 4:26:54 PM org.apache.catalina.core.StandardService start
INFO: Starting service Catalina
Oct 31, 2014 4:26:54 PM org.apache.catalina.core.StandardEngine start
INFO: Starting Servlet Engine: Apache Tomcat/6.0.35
Oct 31, 2014 4:26:54 PM org.apache.catalina.startup.HostConfig deployDirectory
INFO: Deploying web application directory ROOT
Oct 31, 2014 4:26:54 PM org.apache.catalina.startup.HostConfig deployDirectory
INFO: Deploying web application directory OnlineImageProcess
Oct 31, 2014 4:26:54 PM org.apache.catalina.startup.HostConfig deployDirectory
INFO: Deploying web application directory proj1
Oct 31, 2014 4:26:54 PM org.apache.coyote.http11.Http11Protocol start
INFO: Starting Coyote HTTP/1.1 on http-16310
Oct 31, 2014 4:26:54 PM org.apache.jk.common.ChannelSocket init
INFO: JK: ajp13 listening on /0.0.0.0:8009
Oct 31, 2014 4:26:54 PM org.apache.jk.server.JkMain start
INFO: Jk running ID=0 time=0/20  config=null
Oct 31, 2014 4:26:54 PM org.apache.catalina.startup.Catalina start
INFO: Server startup in 445 ms
Oct 31, 2014 4:27:28 PM org.apache.coyote.http11.Http11Protocol pause
INFO: Pausing Coyote HTTP/1.1 on http-16310
Oct 31, 2014 4:27:29 PM org.apache.catalina.core.StandardService stop
INFO: Stopping service Catalina
Oct 31, 2014 4:27:29 PM org.apache.coyote.http11.Http11Protocol destroy
INFO: Stopping Coyote HTTP/1.1 on http-16310
Oct 31, 2014 5:22:18 PM org.apache.catalina.core.AprLifecycleListener init
INFO: The APR based Apache Tomcat Native library which allows optimal performance in production environments was not found on the java.library.path: /usr/lib/jvm/java-6-openjdk-amd64/jre/lib/amd64/server:/usr/lib/jvm/java-6-openjdk-amd64/jre/lib/amd64:/usr/lib/jvm/java-6-openjdk-amd64/jre/../lib/amd64:/oracle/lib:/usr/java/packages/lib/amd64:/usr/lib/x86_64-linux-gnu/jni:/lib/x86_64-linux-gnu:/usr/lib/x86_64-linux-gnu:/usr/lib/jni:/lib:/usr/lib
Oct 31, 2014 5:22:19 PM org.apache.coyote.http11.Http11Protocol init
INFO: Initializing Coyote HTTP/1.1 on http-16310
Oct 31, 2014 5:22:19 PM org.apache.catalina.startup.Catalina load
INFO: Initialization processed in 663 ms
Oct 31, 2014 5:22:19 PM org.apache.catalina.core.StandardService start
INFO: Starting service Catalina
Oct 31, 2014 5:22:19 PM org.apache.catalina.core.StandardEngine start
INFO: Starting Servlet Engine: Apache Tomcat/6.0.35
Oct 31, 2014 5:22:19 PM org.apache.catalina.startup.HostConfig deployDirectory
INFO: Deploying web application directory ROOT
Oct 31, 2014 5:22:19 PM org.apache.catalina.startup.HostConfig deployDirectory
INFO: Deploying web application directory OnlineImageProcess
Oct 31, 2014 5:22:19 PM org.apache.catalina.startup.HostConfig deployDirectory
INFO: Deploying web application directory proj1
Oct 31, 2014 5:22:20 PM org.apache.coyote.http11.Http11Protocol start
INFO: Starting Coyote HTTP/1.1 on http-16310
Oct 31, 2014 5:22:20 PM org.apache.jk.common.ChannelSocket init
INFO: JK: ajp13 listening on /0.0.0.0:8009
Oct 31, 2014 5:22:20 PM org.apache.jk.server.JkMain start
INFO: Jk running ID=0 time=0/16  config=null
Oct 31, 2014 5:22:20 PM org.apache.catalina.startup.Catalina start
INFO: Server startup in 916 ms
Oct 31, 2014 5:52:22 PM org.apache.coyote.http11.Http11Protocol pause
INFO: Pausing Coyote HTTP/1.1 on http-16310
Oct 31, 2014 5:52:23 PM org.apache.catalina.core.StandardService stop
INFO: Stopping service Catalina
Oct 31, 2014 5:52:23 PM org.apache.catalina.loader.WebappClassLoader clearReferencesJdbc
SEVERE: The web application [/OnlineImageProcess] registered the JDBC driver [oracle.jdbc.OracleDriver] but failed to unregister it when the web application was stopped. To prevent a memory leak, the JDBC Driver has been forcibly unregistered.
Oct 31, 2014 5:52:23 PM org.apache.coyote.http11.Http11Protocol destroy
INFO: Stopping Coyote HTTP/1.1 on http-16310
