Nov 5, 2014 2:18:54 PM org.apache.catalina.core.AprLifecycleListener init
INFO: The APR based Apache Tomcat Native library which allows optimal performance in production environments was not found on the java.library.path: /usr/lib/jvm/java-6-openjdk-amd64/jre/lib/amd64/server:/usr/lib/jvm/java-6-openjdk-amd64/jre/lib/amd64:/usr/lib/jvm/java-6-openjdk-amd64/jre/../lib/amd64:/oracle/lib:/usr/java/packages/lib/amd64:/usr/lib/x86_64-linux-gnu/jni:/lib/x86_64-linux-gnu:/usr/lib/x86_64-linux-gnu:/usr/lib/jni:/lib:/usr/lib
Nov 5, 2014 2:18:55 PM org.apache.coyote.http11.Http11Protocol init
INFO: Initializing Coyote HTTP/1.1 on http-16310
Nov 5, 2014 2:18:55 PM org.apache.catalina.startup.Catalina load
INFO: Initialization processed in 1042 ms
Nov 5, 2014 2:18:55 PM org.apache.catalina.core.StandardService start
INFO: Starting service Catalina
Nov 5, 2014 2:18:55 PM org.apache.catalina.core.StandardEngine start
INFO: Starting Servlet Engine: Apache Tomcat/6.0.35
Nov 5, 2014 2:18:55 PM org.apache.catalina.startup.HostConfig deployDirectory
INFO: Deploying web application directory ROOT
Nov 5, 2014 2:18:55 PM org.apache.catalina.startup.HostConfig deployDirectory
INFO: Deploying web application directory OnlineImageProcess
Nov 5, 2014 2:18:55 PM org.apache.catalina.startup.HostConfig deployDirectory
INFO: Deploying web application directory proj1
Nov 5, 2014 2:18:55 PM org.apache.coyote.http11.Http11Protocol start
INFO: Starting Coyote HTTP/1.1 on http-16310
Nov 5, 2014 2:18:55 PM org.apache.jk.common.ChannelSocket init
INFO: JK: ajp13 listening on /0.0.0.0:8009
Nov 5, 2014 2:18:55 PM org.apache.jk.server.JkMain start
INFO: Jk running ID=0 time=0/19  config=null
Nov 5, 2014 2:18:55 PM org.apache.catalina.startup.Catalina start
INFO: Server startup in 788 ms
Nov 5, 2014 2:21:45 PM org.apache.catalina.startup.HostConfig checkResources
INFO: Reloading context [/OnlineImageProcess]
Nov 5, 2014 2:21:56 PM org.apache.catalina.startup.HostConfig checkResources
INFO: Reloading context [/OnlineImageProcess]
Nov 5, 2014 2:26:16 PM org.apache.coyote.http11.Http11Protocol pause
INFO: Pausing Coyote HTTP/1.1 on http-16310
Nov 5, 2014 2:26:17 PM org.apache.catalina.core.StandardService stop
INFO: Stopping service Catalina
Nov 5, 2014 2:26:17 PM org.apache.coyote.http11.Http11Protocol destroy
INFO: Stopping Coyote HTTP/1.1 on http-16310
Nov 5, 2014 2:26:21 PM org.apache.catalina.core.AprLifecycleListener init
INFO: The APR based Apache Tomcat Native library which allows optimal performance in production environments was not found on the java.library.path: /usr/lib/jvm/java-6-openjdk-amd64/jre/lib/amd64/server:/usr/lib/jvm/java-6-openjdk-amd64/jre/lib/amd64:/usr/lib/jvm/java-6-openjdk-amd64/jre/../lib/amd64:/oracle/lib:/usr/java/packages/lib/amd64:/usr/lib/x86_64-linux-gnu/jni:/lib/x86_64-linux-gnu:/usr/lib/x86_64-linux-gnu:/usr/lib/jni:/lib:/usr/lib
Nov 5, 2014 2:26:21 PM org.apache.coyote.http11.Http11Protocol init
INFO: Initializing Coyote HTTP/1.1 on http-16310
Nov 5, 2014 2:26:21 PM org.apache.catalina.startup.Catalina load
INFO: Initialization processed in 601 ms
Nov 5, 2014 2:26:21 PM org.apache.catalina.core.StandardService start
INFO: Starting service Catalina
Nov 5, 2014 2:26:21 PM org.apache.catalina.core.StandardEngine start
INFO: Starting Servlet Engine: Apache Tomcat/6.0.35
Nov 5, 2014 2:26:21 PM org.apache.catalina.startup.HostConfig deployDirectory
INFO: Deploying web application directory ROOT
Nov 5, 2014 2:26:22 PM org.apache.catalina.startup.HostConfig deployDirectory
INFO: Deploying web application directory OnlineImageProcess
Nov 5, 2014 2:26:22 PM org.apache.catalina.startup.HostConfig deployDirectory
INFO: Deploying web application directory proj1
Nov 5, 2014 2:26:22 PM org.apache.coyote.http11.Http11Protocol start
INFO: Starting Coyote HTTP/1.1 on http-16310
Nov 5, 2014 2:26:22 PM org.apache.jk.common.ChannelSocket init
INFO: JK: ajp13 listening on /0.0.0.0:8009
Nov 5, 2014 2:26:22 PM org.apache.jk.server.JkMain start
INFO: Jk running ID=0 time=0/21  config=null
Nov 5, 2014 2:26:22 PM org.apache.catalina.startup.Catalina start
INFO: Server startup in 487 ms
Nov 5, 2014 2:31:29 PM org.apache.coyote.http11.Http11Protocol pause
INFO: Pausing Coyote HTTP/1.1 on http-16310
Nov 5, 2014 2:31:30 PM org.apache.catalina.core.StandardService stop
INFO: Stopping service Catalina
Nov 5, 2014 2:31:30 PM org.apache.catalina.loader.WebappClassLoader clearReferencesJdbc
SEVERE: The web application [/OnlineImageProcess] registered the JDBC driver [oracle.jdbc.OracleDriver] but failed to unregister it when the web application was stopped. To prevent a memory leak, the JDBC Driver has been forcibly unregistered.
Nov 5, 2014 2:31:30 PM org.apache.coyote.http11.Http11Protocol destroy
INFO: Stopping Coyote HTTP/1.1 on http-16310
Nov 5, 2014 2:32:00 PM org.apache.catalina.core.AprLifecycleListener init
INFO: The APR based Apache Tomcat Native library which allows optimal performance in production environments was not found on the java.library.path: /usr/lib/jvm/java-6-openjdk-amd64/jre/lib/amd64/server:/usr/lib/jvm/java-6-openjdk-amd64/jre/lib/amd64:/usr/lib/jvm/java-6-openjdk-amd64/jre/../lib/amd64:/oracle/lib:/usr/java/packages/lib/amd64:/usr/lib/x86_64-linux-gnu/jni:/lib/x86_64-linux-gnu:/usr/lib/x86_64-linux-gnu:/usr/lib/jni:/lib:/usr/lib
Nov 5, 2014 2:32:00 PM org.apache.coyote.http11.Http11Protocol init
INFO: Initializing Coyote HTTP/1.1 on http-16310
Nov 5, 2014 2:32:00 PM org.apache.catalina.startup.Catalina load
INFO: Initialization processed in 644 ms
Nov 5, 2014 2:32:00 PM org.apache.catalina.core.StandardService start
INFO: Starting service Catalina
Nov 5, 2014 2:32:00 PM org.apache.catalina.core.StandardEngine start
INFO: Starting Servlet Engine: Apache Tomcat/6.0.35
Nov 5, 2014 2:32:00 PM org.apache.catalina.startup.HostConfig deployDirectory
INFO: Deploying web application directory ROOT
Nov 5, 2014 2:32:00 PM org.apache.catalina.startup.HostConfig deployDirectory
INFO: Deploying web application directory OnlineImageProcess
Nov 5, 2014 2:32:00 PM org.apache.catalina.startup.HostConfig deployDirectory
INFO: Deploying web application directory proj1
Nov 5, 2014 2:32:00 PM org.apache.coyote.http11.Http11Protocol start
INFO: Starting Coyote HTTP/1.1 on http-16310
Nov 5, 2014 2:32:00 PM org.apache.jk.common.ChannelSocket init
INFO: JK: ajp13 listening on /0.0.0.0:8009
Nov 5, 2014 2:32:00 PM org.apache.jk.server.JkMain start
INFO: Jk running ID=0 time=0/27  config=null
Nov 5, 2014 2:32:00 PM org.apache.catalina.startup.Catalina start
INFO: Server startup in 426 ms
Nov 5, 2014 2:36:50 PM org.apache.catalina.startup.HostConfig checkResources
INFO: Reloading context [/OnlineImageProcess]
Nov 5, 2014 2:36:50 PM org.apache.catalina.loader.WebappClassLoader clearReferencesJdbc
SEVERE: The web application [/OnlineImageProcess] registered the JDBC driver [oracle.jdbc.OracleDriver] but failed to unregister it when the web application was stopped. To prevent a memory leak, the JDBC Driver has been forcibly unregistered.
Nov 5, 2014 2:36:50 PM org.apache.coyote.http11.Http11Protocol pause
INFO: Pausing Coyote HTTP/1.1 on http-16310
Nov 5, 2014 2:36:51 PM org.apache.catalina.core.StandardService stop
INFO: Stopping service Catalina
Nov 5, 2014 2:36:51 PM org.apache.coyote.http11.Http11Protocol destroy
INFO: Stopping Coyote HTTP/1.1 on http-16310
Nov 5, 2014 2:36:58 PM org.apache.catalina.core.AprLifecycleListener init
INFO: The APR based Apache Tomcat Native library which allows optimal performance in production environments was not found on the java.library.path: /usr/lib/jvm/java-6-openjdk-amd64/jre/lib/amd64/server:/usr/lib/jvm/java-6-openjdk-amd64/jre/lib/amd64:/usr/lib/jvm/java-6-openjdk-amd64/jre/../lib/amd64:/oracle/lib:/usr/java/packages/lib/amd64:/usr/lib/x86_64-linux-gnu/jni:/lib/x86_64-linux-gnu:/usr/lib/x86_64-linux-gnu:/usr/lib/jni:/lib:/usr/lib
Nov 5, 2014 2:36:58 PM org.apache.coyote.http11.Http11Protocol init
INFO: Initializing Coyote HTTP/1.1 on http-16310
Nov 5, 2014 2:36:58 PM org.apache.catalina.startup.Catalina load
INFO: Initialization processed in 636 ms
Nov 5, 2014 2:36:58 PM org.apache.catalina.core.StandardService start
INFO: Starting service Catalina
Nov 5, 2014 2:36:58 PM org.apache.catalina.core.StandardEngine start
INFO: Starting Servlet Engine: Apache Tomcat/6.0.35
Nov 5, 2014 2:36:58 PM org.apache.catalina.startup.HostConfig deployDirectory
INFO: Deploying web application directory ROOT
Nov 5, 2014 2:36:58 PM org.apache.catalina.startup.HostConfig deployDirectory
INFO: Deploying web application directory OnlineImageProcess
Nov 5, 2014 2:36:58 PM org.apache.catalina.startup.HostConfig deployDirectory
INFO: Deploying web application directory proj1
Nov 5, 2014 2:36:58 PM org.apache.coyote.http11.Http11Protocol start
INFO: Starting Coyote HTTP/1.1 on http-16310
Nov 5, 2014 2:36:58 PM org.apache.jk.common.ChannelSocket init
INFO: JK: ajp13 listening on /0.0.0.0:8009
Nov 5, 2014 2:36:58 PM org.apache.jk.server.JkMain start
INFO: Jk running ID=0 time=0/18  config=null
Nov 5, 2014 2:36:58 PM org.apache.catalina.startup.Catalina start
INFO: Server startup in 393 ms
Nov 5, 2014 2:41:47 PM org.apache.coyote.http11.Http11Protocol pause
INFO: Pausing Coyote HTTP/1.1 on http-16310
Nov 5, 2014 2:41:48 PM org.apache.catalina.core.StandardService stop
INFO: Stopping service Catalina
Nov 5, 2014 2:41:48 PM org.apache.coyote.http11.Http11Protocol destroy
INFO: Stopping Coyote HTTP/1.1 on http-16310
Nov 5, 2014 2:47:15 PM org.apache.catalina.core.AprLifecycleListener init
INFO: The APR based Apache Tomcat Native library which allows optimal performance in production environments was not found on the java.library.path: /usr/lib/jvm/java-6-openjdk-amd64/jre/lib/amd64/server:/usr/lib/jvm/java-6-openjdk-amd64/jre/lib/amd64:/usr/lib/jvm/java-6-openjdk-amd64/jre/../lib/amd64:/oracle/lib:/usr/java/packages/lib/amd64:/usr/lib/x86_64-linux-gnu/jni:/lib/x86_64-linux-gnu:/usr/lib/x86_64-linux-gnu:/usr/lib/jni:/lib:/usr/lib
Nov 5, 2014 2:47:16 PM org.apache.coyote.http11.Http11Protocol init
INFO: Initializing Coyote HTTP/1.1 on http-16310
Nov 5, 2014 2:47:16 PM org.apache.catalina.startup.Catalina load
INFO: Initialization processed in 634 ms
Nov 5, 2014 2:47:16 PM org.apache.catalina.core.StandardService start
INFO: Starting service Catalina
Nov 5, 2014 2:47:16 PM org.apache.catalina.core.StandardEngine start
INFO: Starting Servlet Engine: Apache Tomcat/6.0.35
Nov 5, 2014 2:47:16 PM org.apache.catalina.startup.HostConfig deployDirectory
INFO: Deploying web application directory ROOT
Nov 5, 2014 2:47:16 PM org.apache.catalina.startup.HostConfig deployDirectory
INFO: Deploying web application directory OnlineImageProcess
Nov 5, 2014 2:47:16 PM org.apache.catalina.startup.HostConfig deployDirectory
INFO: Deploying web application directory proj1
Nov 5, 2014 2:47:16 PM org.apache.coyote.http11.Http11Protocol start
INFO: Starting Coyote HTTP/1.1 on http-16310
Nov 5, 2014 2:47:16 PM org.apache.jk.common.ChannelSocket init
INFO: JK: ajp13 listening on /0.0.0.0:8009
Nov 5, 2014 2:47:16 PM org.apache.jk.server.JkMain start
INFO: Jk running ID=0 time=0/16  config=null
Nov 5, 2014 2:47:16 PM org.apache.catalina.startup.Catalina start
INFO: Server startup in 470 ms
Nov 5, 2014 2:53:36 PM org.apache.coyote.http11.Http11Protocol pause
INFO: Pausing Coyote HTTP/1.1 on http-16310
Nov 5, 2014 2:53:37 PM org.apache.catalina.core.StandardService stop
INFO: Stopping service Catalina
Nov 5, 2014 2:53:37 PM org.apache.catalina.loader.WebappClassLoader clearReferencesJdbc
SEVERE: The web application [/OnlineImageProcess] registered the JDBC driver [oracle.jdbc.OracleDriver] but failed to unregister it when the web application was stopped. To prevent a memory leak, the JDBC Driver has been forcibly unregistered.
Nov 5, 2014 2:53:38 PM org.apache.coyote.http11.Http11Protocol destroy
INFO: Stopping Coyote HTTP/1.1 on http-16310
Nov 5, 2014 2:54:18 PM org.apache.catalina.core.AprLifecycleListener init
INFO: The APR based Apache Tomcat Native library which allows optimal performance in production environments was not found on the java.library.path: /usr/lib/jvm/java-6-openjdk-amd64/jre/lib/amd64/server:/usr/lib/jvm/java-6-openjdk-amd64/jre/lib/amd64:/usr/lib/jvm/java-6-openjdk-amd64/jre/../lib/amd64:/oracle/lib:/usr/java/packages/lib/amd64:/usr/lib/x86_64-linux-gnu/jni:/lib/x86_64-linux-gnu:/usr/lib/x86_64-linux-gnu:/usr/lib/jni:/lib:/usr/lib
Nov 5, 2014 2:54:19 PM org.apache.coyote.http11.Http11Protocol init
INFO: Initializing Coyote HTTP/1.1 on http-16310
Nov 5, 2014 2:54:19 PM org.apache.catalina.startup.Catalina load
INFO: Initialization processed in 640 ms
Nov 5, 2014 2:54:19 PM org.apache.catalina.core.StandardService start
INFO: Starting service Catalina
Nov 5, 2014 2:54:19 PM org.apache.catalina.core.StandardEngine start
INFO: Starting Servlet Engine: Apache Tomcat/6.0.35
Nov 5, 2014 2:54:19 PM org.apache.catalina.startup.HostConfig deployDirectory
INFO: Deploying web application directory ROOT
Nov 5, 2014 2:54:19 PM org.apache.catalina.startup.HostConfig deployDirectory
INFO: Deploying web application directory OnlineImageProcess
Nov 5, 2014 2:54:19 PM org.apache.catalina.startup.HostConfig deployDirectory
INFO: Deploying web application directory proj1
Nov 5, 2014 2:54:19 PM org.apache.coyote.http11.Http11Protocol start
INFO: Starting Coyote HTTP/1.1 on http-16310
Nov 5, 2014 2:54:19 PM org.apache.jk.common.ChannelSocket init
INFO: JK: ajp13 listening on /0.0.0.0:8009
Nov 5, 2014 2:54:19 PM org.apache.jk.server.JkMain start
INFO: Jk running ID=0 time=0/41  config=null
Nov 5, 2014 2:54:19 PM org.apache.catalina.startup.Catalina start
INFO: Server startup in 447 ms
Nov 5, 2014 3:04:56 PM org.apache.coyote.http11.Http11Protocol pause
INFO: Pausing Coyote HTTP/1.1 on http-16310
Nov 5, 2014 3:04:57 PM org.apache.catalina.core.StandardService stop
INFO: Stopping service Catalina
Nov 5, 2014 3:04:57 PM org.apache.catalina.loader.WebappClassLoader clearReferencesJdbc
SEVERE: The web application [/OnlineImageProcess] registered the JDBC driver [oracle.jdbc.OracleDriver] but failed to unregister it when the web application was stopped. To prevent a memory leak, the JDBC Driver has been forcibly unregistered.
Nov 5, 2014 3:04:57 PM org.apache.coyote.http11.Http11Protocol destroy
INFO: Stopping Coyote HTTP/1.1 on http-16310
Nov 5, 2014 3:08:12 PM org.apache.catalina.core.AprLifecycleListener init
INFO: The APR based Apache Tomcat Native library which allows optimal performance in production environments was not found on the java.library.path: /usr/lib/jvm/java-6-openjdk-amd64/jre/lib/amd64/server:/usr/lib/jvm/java-6-openjdk-amd64/jre/lib/amd64:/usr/lib/jvm/java-6-openjdk-amd64/jre/../lib/amd64:/oracle/lib:/usr/java/packages/lib/amd64:/usr/lib/x86_64-linux-gnu/jni:/lib/x86_64-linux-gnu:/usr/lib/x86_64-linux-gnu:/usr/lib/jni:/lib:/usr/lib
Nov 5, 2014 3:08:12 PM org.apache.coyote.http11.Http11Protocol init
INFO: Initializing Coyote HTTP/1.1 on http-16310
Nov 5, 2014 3:08:12 PM org.apache.catalina.startup.Catalina load
INFO: Initialization processed in 657 ms
Nov 5, 2014 3:08:12 PM org.apache.catalina.core.StandardService start
INFO: Starting service Catalina
Nov 5, 2014 3:08:12 PM org.apache.catalina.core.StandardEngine start
INFO: Starting Servlet Engine: Apache Tomcat/6.0.35
Nov 5, 2014 3:08:12 PM org.apache.catalina.startup.HostConfig deployDirectory
INFO: Deploying web application directory ROOT
Nov 5, 2014 3:08:13 PM org.apache.catalina.startup.HostConfig deployDirectory
INFO: Deploying web application directory OnlineImageProcess
Nov 5, 2014 3:08:13 PM org.apache.catalina.startup.HostConfig deployDirectory
INFO: Deploying web application directory proj1
Nov 5, 2014 3:08:13 PM org.apache.catalina.startup.HostConfig deployDirectory
INFO: Deploying web application directory OnlineInformationSystem
Nov 5, 2014 3:08:13 PM org.apache.coyote.http11.Http11Protocol start
INFO: Starting Coyote HTTP/1.1 on http-16310
Nov 5, 2014 3:08:13 PM org.apache.jk.common.ChannelSocket init
INFO: JK: ajp13 listening on /0.0.0.0:8009
Nov 5, 2014 3:08:13 PM org.apache.jk.server.JkMain start
INFO: Jk running ID=0 time=0/42  config=null
Nov 5, 2014 3:08:13 PM org.apache.catalina.startup.Catalina start
INFO: Server startup in 519 ms
Nov 5, 2014 3:55:04 PM org.apache.coyote.http11.Http11Protocol pause
INFO: Pausing Coyote HTTP/1.1 on http-16310
Nov 5, 2014 3:55:05 PM org.apache.catalina.core.StandardService stop
INFO: Stopping service Catalina
Nov 5, 2014 3:55:05 PM org.apache.catalina.loader.WebappClassLoader clearReferencesJdbc
SEVERE: The web application [/OnlineImageProcess] registered the JDBC driver [oracle.jdbc.OracleDriver] but failed to unregister it when the web application was stopped. To prevent a memory leak, the JDBC Driver has been forcibly unregistered.
Nov 5, 2014 3:55:06 PM org.apache.coyote.http11.Http11Protocol destroy
INFO: Stopping Coyote HTTP/1.1 on http-16310
Nov 5, 2014 5:19:38 PM org.apache.catalina.core.AprLifecycleListener init
INFO: The APR based Apache Tomcat Native library which allows optimal performance in production environments was not found on the java.library.path: /usr/lib/jvm/java-6-openjdk-amd64/jre/lib/amd64/server:/usr/lib/jvm/java-6-openjdk-amd64/jre/lib/amd64:/usr/lib/jvm/java-6-openjdk-amd64/jre/../lib/amd64:/oracle/lib:/usr/java/packages/lib/amd64:/usr/lib/x86_64-linux-gnu/jni:/lib/x86_64-linux-gnu:/usr/lib/x86_64-linux-gnu:/usr/lib/jni:/lib:/usr/lib
Nov 5, 2014 5:19:39 PM org.apache.coyote.http11.Http11Protocol init
INFO: Initializing Coyote HTTP/1.1 on http-16310
Nov 5, 2014 5:19:39 PM org.apache.catalina.startup.Catalina load
INFO: Initialization processed in 1334 ms
Nov 5, 2014 5:19:39 PM org.apache.catalina.core.StandardService start
INFO: Starting service Catalina
Nov 5, 2014 5:19:39 PM org.apache.catalina.core.StandardEngine start
INFO: Starting Servlet Engine: Apache Tomcat/6.0.35
Nov 5, 2014 5:19:39 PM org.apache.catalina.startup.HostConfig deployDirectory
INFO: Deploying web application directory ROOT
Nov 5, 2014 5:19:39 PM org.apache.catalina.startup.HostConfig deployDirectory
INFO: Deploying web application directory OnlineImageProcess
Nov 5, 2014 5:19:39 PM org.apache.catalina.startup.HostConfig deployDirectory
INFO: Deploying web application directory proj1
Nov 5, 2014 5:19:40 PM org.apache.catalina.startup.HostConfig deployDirectory
INFO: Deploying web application directory OnlineInformationSystem
Nov 5, 2014 5:19:40 PM org.apache.coyote.http11.Http11Protocol start
INFO: Starting Coyote HTTP/1.1 on http-16310
Nov 5, 2014 5:19:40 PM org.apache.jk.common.ChannelSocket init
INFO: JK: ajp13 listening on /0.0.0.0:8009
Nov 5, 2014 5:19:40 PM org.apache.jk.server.JkMain start
INFO: Jk running ID=0 time=0/18  config=null
Nov 5, 2014 5:19:40 PM org.apache.catalina.startup.Catalina start
INFO: Server startup in 1043 ms
Nov 5, 2014 5:31:35 PM org.apache.coyote.http11.Http11Protocol pause
INFO: Pausing Coyote HTTP/1.1 on http-16310
Nov 5, 2014 5:31:36 PM org.apache.catalina.core.StandardService stop
INFO: Stopping service Catalina
Nov 5, 2014 5:31:36 PM org.apache.catalina.loader.WebappClassLoader clearReferencesJdbc
SEVERE: The web application [/OnlineImageProcess] registered the JDBC driver [oracle.jdbc.OracleDriver] but failed to unregister it when the web application was stopped. To prevent a memory leak, the JDBC Driver has been forcibly unregistered.
Nov 5, 2014 5:31:37 PM org.apache.coyote.http11.Http11Protocol destroy
INFO: Stopping Coyote HTTP/1.1 on http-16310
