Nov 17, 2014 12:13:38 PM org.apache.catalina.core.AprLifecycleListener init
INFO: The APR based Apache Tomcat Native library which allows optimal performance in production environments was not found on the java.library.path: /usr/lib/jvm/java-6-openjdk-amd64/jre/lib/amd64/server:/usr/lib/jvm/java-6-openjdk-amd64/jre/lib/amd64:/usr/lib/jvm/java-6-openjdk-amd64/jre/../lib/amd64:/oracle/lib:/usr/java/packages/lib/amd64:/usr/lib/x86_64-linux-gnu/jni:/lib/x86_64-linux-gnu:/usr/lib/x86_64-linux-gnu:/usr/lib/jni:/lib:/usr/lib
Nov 17, 2014 12:13:39 PM org.apache.coyote.http11.Http11Protocol init
INFO: Initializing Coyote HTTP/1.1 on http-16310
Nov 17, 2014 12:13:39 PM org.apache.catalina.startup.Catalina load
INFO: Initialization processed in 1399 ms
Nov 17, 2014 12:13:39 PM org.apache.catalina.core.StandardService start
INFO: Starting service Catalina
Nov 17, 2014 12:13:39 PM org.apache.catalina.core.StandardEngine start
INFO: Starting Servlet Engine: Apache Tomcat/6.0.35
Nov 17, 2014 12:13:39 PM org.apache.catalina.startup.HostConfig deployDirectory
INFO: Deploying web application directory Concur
Nov 17, 2014 12:13:40 PM org.apache.catalina.startup.HostConfig deployDirectory
INFO: Deploying web application directory ROOT
Nov 17, 2014 12:13:40 PM org.apache.catalina.startup.HostConfig deployDirectory
INFO: Deploying web application directory OnlineImageProcess
Nov 17, 2014 12:13:40 PM org.apache.catalina.startup.HostConfig deployDirectory
INFO: Deploying web application directory File Upload Applet_files
Nov 17, 2014 12:13:40 PM org.apache.catalina.startup.HostConfig deployDirectory
INFO: Deploying web application directory proj1
Nov 17, 2014 12:13:40 PM org.apache.catalina.startup.HostConfig deployDirectory
INFO: Deploying web application directory Banff Park_files
Nov 17, 2014 12:13:40 PM org.apache.coyote.http11.Http11Protocol start
INFO: Starting Coyote HTTP/1.1 on http-16310
Nov 17, 2014 12:13:40 PM org.apache.jk.common.ChannelSocket init
INFO: JK: ajp13 listening on /0.0.0.0:8009
Nov 17, 2014 12:13:40 PM org.apache.jk.server.JkMain start
INFO: Jk running ID=0 time=0/31  config=null
Nov 17, 2014 12:13:40 PM org.apache.catalina.startup.Catalina start
INFO: Server startup in 1603 ms
Nov 17, 2014 12:19:11 PM org.apache.coyote.http11.Http11Protocol pause
INFO: Pausing Coyote HTTP/1.1 on http-16310
Nov 17, 2014 12:19:12 PM org.apache.catalina.core.StandardService stop
INFO: Stopping service Catalina
Nov 17, 2014 12:19:12 PM org.apache.catalina.loader.WebappClassLoader clearReferencesJdbc
SEVERE: The web application [/OnlineImageProcess] registered the JDBC driver [oracle.jdbc.OracleDriver] but failed to unregister it when the web application was stopped. To prevent a memory leak, the JDBC Driver has been forcibly unregistered.
Nov 17, 2014 12:19:12 PM org.apache.coyote.http11.Http11Protocol destroy
INFO: Stopping Coyote HTTP/1.1 on http-16310
Nov 17, 2014 3:07:43 PM org.apache.catalina.core.AprLifecycleListener init
INFO: The APR based Apache Tomcat Native library which allows optimal performance in production environments was not found on the java.library.path: /usr/lib/jvm/java-6-openjdk-amd64/jre/lib/amd64/server:/usr/lib/jvm/java-6-openjdk-amd64/jre/lib/amd64:/usr/lib/jvm/java-6-openjdk-amd64/jre/../lib/amd64:/oracle/lib:/usr/java/packages/lib/amd64:/usr/lib/x86_64-linux-gnu/jni:/lib/x86_64-linux-gnu:/usr/lib/x86_64-linux-gnu:/usr/lib/jni:/lib:/usr/lib
Nov 17, 2014 3:07:43 PM org.apache.coyote.http11.Http11Protocol init
INFO: Initializing Coyote HTTP/1.1 on http-16310
Nov 17, 2014 3:07:43 PM org.apache.catalina.startup.Catalina load
INFO: Initialization processed in 381 ms
Nov 17, 2014 3:07:44 PM org.apache.catalina.core.StandardService start
INFO: Starting service Catalina
Nov 17, 2014 3:07:44 PM org.apache.catalina.core.StandardEngine start
INFO: Starting Servlet Engine: Apache Tomcat/6.0.35
Nov 17, 2014 3:07:44 PM org.apache.catalina.startup.HostConfig deployDirectory
INFO: Deploying web application directory Concur
Nov 17, 2014 3:07:44 PM org.apache.catalina.startup.HostConfig deployDirectory
INFO: Deploying web application directory ROOT
Nov 17, 2014 3:07:44 PM org.apache.catalina.startup.HostConfig deployDirectory
INFO: Deploying web application directory OnlineImageProcess
Nov 17, 2014 3:07:44 PM org.apache.catalina.startup.HostConfig deployDirectory
INFO: Deploying web application directory File Upload Applet_files
Nov 17, 2014 3:07:44 PM org.apache.catalina.startup.HostConfig deployDirectory
INFO: Deploying web application directory proj1
Nov 17, 2014 3:07:45 PM org.apache.catalina.startup.HostConfig deployDirectory
INFO: Deploying web application directory Banff Park_files
Nov 17, 2014 3:07:45 PM org.apache.coyote.http11.Http11Protocol start
INFO: Starting Coyote HTTP/1.1 on http-16310
Nov 17, 2014 3:07:45 PM org.apache.jk.common.ChannelSocket init
INFO: JK: ajp13 listening on /0.0.0.0:8009
Nov 17, 2014 3:07:45 PM org.apache.jk.server.JkMain start
INFO: Jk running ID=0 time=0/11  config=null
Nov 17, 2014 3:07:45 PM org.apache.catalina.startup.Catalina start
INFO: Server startup in 1261 ms
Nov 17, 2014 3:38:24 PM org.apache.coyote.http11.Http11Protocol pause
INFO: Pausing Coyote HTTP/1.1 on http-16310
Nov 17, 2014 3:38:25 PM org.apache.catalina.core.StandardService stop
INFO: Stopping service Catalina
Nov 17, 2014 3:38:25 PM org.apache.catalina.loader.WebappClassLoader clearReferencesJdbc
SEVERE: The web application [/OnlineImageProcess] registered the JDBC driver [oracle.jdbc.OracleDriver] but failed to unregister it when the web application was stopped. To prevent a memory leak, the JDBC Driver has been forcibly unregistered.
Nov 17, 2014 3:38:25 PM org.apache.coyote.http11.Http11Protocol destroy
INFO: Stopping Coyote HTTP/1.1 on http-16310
Nov 17, 2014 3:38:31 PM org.apache.catalina.core.AprLifecycleListener init
INFO: The APR based Apache Tomcat Native library which allows optimal performance in production environments was not found on the java.library.path: /usr/lib/jvm/java-6-openjdk-amd64/jre/lib/amd64/server:/usr/lib/jvm/java-6-openjdk-amd64/jre/lib/amd64:/usr/lib/jvm/java-6-openjdk-amd64/jre/../lib/amd64:/oracle/lib:/usr/java/packages/lib/amd64:/usr/lib/x86_64-linux-gnu/jni:/lib/x86_64-linux-gnu:/usr/lib/x86_64-linux-gnu:/usr/lib/jni:/lib:/usr/lib
Nov 17, 2014 3:38:31 PM org.apache.coyote.http11.Http11Protocol init
INFO: Initializing Coyote HTTP/1.1 on http-16310
Nov 17, 2014 3:38:31 PM org.apache.catalina.startup.Catalina load
INFO: Initialization processed in 333 ms
Nov 17, 2014 3:38:32 PM org.apache.catalina.core.StandardService start
INFO: Starting service Catalina
Nov 17, 2014 3:38:32 PM org.apache.catalina.core.StandardEngine start
INFO: Starting Servlet Engine: Apache Tomcat/6.0.35
Nov 17, 2014 3:38:32 PM org.apache.catalina.startup.HostConfig deployDirectory
INFO: Deploying web application directory Concur
Nov 17, 2014 3:38:32 PM org.apache.catalina.startup.HostConfig deployDirectory
INFO: Deploying web application directory ROOT
Nov 17, 2014 3:38:32 PM org.apache.catalina.startup.HostConfig deployDirectory
INFO: Deploying web application directory OnlineImageProcess
Nov 17, 2014 3:38:32 PM org.apache.catalina.startup.HostConfig deployDirectory
INFO: Deploying web application directory File Upload Applet_files
Nov 17, 2014 3:38:32 PM org.apache.catalina.startup.HostConfig deployDirectory
INFO: Deploying web application directory proj1
Nov 17, 2014 3:38:32 PM org.apache.catalina.startup.HostConfig deployDirectory
INFO: Deploying web application directory Banff Park_files
Nov 17, 2014 3:38:32 PM org.apache.coyote.http11.Http11Protocol start
INFO: Starting Coyote HTTP/1.1 on http-16310
Nov 17, 2014 3:38:32 PM org.apache.jk.common.ChannelSocket init
INFO: JK: ajp13 listening on /0.0.0.0:8009
Nov 17, 2014 3:38:32 PM org.apache.jk.server.JkMain start
INFO: Jk running ID=0 time=0/11  config=null
Nov 17, 2014 3:38:32 PM org.apache.catalina.startup.Catalina start
INFO: Server startup in 335 ms
Nov 17, 2014 3:41:04 PM org.apache.coyote.http11.Http11Protocol pause
INFO: Pausing Coyote HTTP/1.1 on http-16310
Nov 17, 2014 3:41:05 PM org.apache.catalina.core.StandardService stop
INFO: Stopping service Catalina
Nov 17, 2014 3:41:05 PM org.apache.catalina.loader.WebappClassLoader clearReferencesJdbc
SEVERE: The web application [/OnlineImageProcess] registered the JDBC driver [oracle.jdbc.OracleDriver] but failed to unregister it when the web application was stopped. To prevent a memory leak, the JDBC Driver has been forcibly unregistered.
Nov 17, 2014 3:41:05 PM org.apache.coyote.http11.Http11Protocol destroy
INFO: Stopping Coyote HTTP/1.1 on http-16310
Nov 17, 2014 3:47:19 PM org.apache.catalina.core.AprLifecycleListener init
INFO: The APR based Apache Tomcat Native library which allows optimal performance in production environments was not found on the java.library.path: /usr/lib/jvm/java-6-openjdk-amd64/jre/lib/amd64/server:/usr/lib/jvm/java-6-openjdk-amd64/jre/lib/amd64:/usr/lib/jvm/java-6-openjdk-amd64/jre/../lib/amd64:/oracle/lib:/usr/java/packages/lib/amd64:/usr/lib/x86_64-linux-gnu/jni:/lib/x86_64-linux-gnu:/usr/lib/x86_64-linux-gnu:/usr/lib/jni:/lib:/usr/lib
Nov 17, 2014 3:47:19 PM org.apache.coyote.http11.Http11Protocol init
INFO: Initializing Coyote HTTP/1.1 on http-16310
Nov 17, 2014 3:47:19 PM org.apache.catalina.startup.Catalina load
INFO: Initialization processed in 334 ms
Nov 17, 2014 3:47:19 PM org.apache.catalina.core.StandardService start
INFO: Starting service Catalina
Nov 17, 2014 3:47:19 PM org.apache.catalina.core.StandardEngine start
INFO: Starting Servlet Engine: Apache Tomcat/6.0.35
Nov 17, 2014 3:47:19 PM org.apache.catalina.startup.HostConfig deployDirectory
INFO: Deploying web application directory Concur
Nov 17, 2014 3:47:19 PM org.apache.catalina.startup.HostConfig deployDirectory
INFO: Deploying web application directory ROOT
Nov 17, 2014 3:47:19 PM org.apache.catalina.startup.HostConfig deployDirectory
INFO: Deploying web application directory OnlineImageProcess
Nov 17, 2014 3:47:19 PM org.apache.catalina.startup.HostConfig deployDirectory
INFO: Deploying web application directory File Upload Applet_files
Nov 17, 2014 3:47:19 PM org.apache.catalina.startup.HostConfig deployDirectory
INFO: Deploying web application directory proj1
Nov 17, 2014 3:47:19 PM org.apache.catalina.startup.HostConfig deployDirectory
INFO: Deploying web application directory Banff Park_files
Nov 17, 2014 3:47:19 PM org.apache.coyote.http11.Http11Protocol start
INFO: Starting Coyote HTTP/1.1 on http-16310
Nov 17, 2014 3:47:20 PM org.apache.jk.common.ChannelSocket init
INFO: JK: ajp13 listening on /0.0.0.0:8009
Nov 17, 2014 3:47:20 PM org.apache.jk.server.JkMain start
INFO: Jk running ID=0 time=0/11  config=null
Nov 17, 2014 3:47:20 PM org.apache.catalina.startup.Catalina start
INFO: Server startup in 336 ms
Nov 17, 2014 4:55:37 PM org.apache.coyote.http11.Http11Protocol pause
INFO: Pausing Coyote HTTP/1.1 on http-16310
Nov 17, 2014 4:55:38 PM org.apache.catalina.core.StandardService stop
INFO: Stopping service Catalina
Nov 17, 2014 4:55:38 PM org.apache.catalina.loader.WebappClassLoader clearReferencesJdbc
SEVERE: The web application [/OnlineImageProcess] registered the JDBC driver [oracle.jdbc.OracleDriver] but failed to unregister it when the web application was stopped. To prevent a memory leak, the JDBC Driver has been forcibly unregistered.
Nov 17, 2014 4:55:38 PM org.apache.coyote.http11.Http11Protocol destroy
INFO: Stopping Coyote HTTP/1.1 on http-16310
Nov 17, 2014 5:01:28 PM org.apache.catalina.core.AprLifecycleListener init
INFO: The APR based Apache Tomcat Native library which allows optimal performance in production environments was not found on the java.library.path: /usr/lib/jvm/java-6-openjdk-amd64/jre/lib/amd64/server:/usr/lib/jvm/java-6-openjdk-amd64/jre/lib/amd64:/usr/lib/jvm/java-6-openjdk-amd64/jre/../lib/amd64:/oracle/lib:/usr/java/packages/lib/amd64:/usr/lib/x86_64-linux-gnu/jni:/lib/x86_64-linux-gnu:/usr/lib/x86_64-linux-gnu:/usr/lib/jni:/lib:/usr/lib
Nov 17, 2014 5:01:28 PM org.apache.coyote.http11.Http11Protocol init
INFO: Initializing Coyote HTTP/1.1 on http-16310
Nov 17, 2014 5:01:28 PM org.apache.catalina.startup.Catalina load
INFO: Initialization processed in 1367 ms
Nov 17, 2014 5:01:28 PM org.apache.catalina.core.StandardService start
INFO: Starting service Catalina
Nov 17, 2014 5:01:28 PM org.apache.catalina.core.StandardEngine start
INFO: Starting Servlet Engine: Apache Tomcat/6.0.35
Nov 17, 2014 5:01:28 PM org.apache.catalina.startup.HostConfig deployDirectory
INFO: Deploying web application directory Concur
Nov 17, 2014 5:01:29 PM org.apache.catalina.startup.HostConfig deployDirectory
INFO: Deploying web application directory ROOT
Nov 17, 2014 5:01:29 PM org.apache.catalina.startup.HostConfig deployDirectory
INFO: Deploying web application directory OnlineImageProcess
Nov 17, 2014 5:01:29 PM org.apache.catalina.startup.HostConfig deployDirectory
INFO: Deploying web application directory File Upload Applet_files
Nov 17, 2014 5:01:29 PM org.apache.catalina.startup.HostConfig deployDirectory
INFO: Deploying web application directory proj1
Nov 17, 2014 5:01:30 PM org.apache.catalina.startup.HostConfig deployDirectory
INFO: Deploying web application directory Banff Park_files
Nov 17, 2014 5:01:30 PM org.apache.coyote.http11.Http11Protocol start
INFO: Starting Coyote HTTP/1.1 on http-16310
Nov 17, 2014 5:01:30 PM org.apache.jk.common.ChannelSocket init
INFO: JK: ajp13 listening on /0.0.0.0:8009
Nov 17, 2014 5:01:30 PM org.apache.jk.server.JkMain start
INFO: Jk running ID=0 time=0/30  config=null
Nov 17, 2014 5:01:30 PM org.apache.catalina.startup.Catalina start
INFO: Server startup in 1438 ms
Nov 17, 2014 6:14:56 PM org.apache.coyote.http11.Http11Protocol pause
INFO: Pausing Coyote HTTP/1.1 on http-16310
Nov 17, 2014 6:14:57 PM org.apache.catalina.core.StandardService stop
INFO: Stopping service Catalina
Nov 17, 2014 6:14:57 PM org.apache.catalina.loader.WebappClassLoader clearReferencesJdbc
SEVERE: The web application [/OnlineImageProcess] registered the JDBC driver [oracle.jdbc.OracleDriver] but failed to unregister it when the web application was stopped. To prevent a memory leak, the JDBC Driver has been forcibly unregistered.
Nov 17, 2014 6:14:57 PM org.apache.coyote.http11.Http11Protocol destroy
INFO: Stopping Coyote HTTP/1.1 on http-16310
Nov 17, 2014 6:15:43 PM org.apache.catalina.core.AprLifecycleListener init
INFO: The APR based Apache Tomcat Native library which allows optimal performance in production environments was not found on the java.library.path: /usr/lib/jvm/java-6-openjdk-amd64/jre/lib/amd64/server:/usr/lib/jvm/java-6-openjdk-amd64/jre/lib/amd64:/usr/lib/jvm/java-6-openjdk-amd64/jre/../lib/amd64:/oracle/lib:/usr/java/packages/lib/amd64:/usr/lib/x86_64-linux-gnu/jni:/lib/x86_64-linux-gnu:/usr/lib/x86_64-linux-gnu:/usr/lib/jni:/lib:/usr/lib
Nov 17, 2014 6:15:43 PM org.apache.coyote.http11.Http11Protocol init
INFO: Initializing Coyote HTTP/1.1 on http-16310
Nov 17, 2014 6:15:43 PM org.apache.catalina.startup.Catalina load
INFO: Initialization processed in 734 ms
Nov 17, 2014 6:15:43 PM org.apache.catalina.core.StandardService start
INFO: Starting service Catalina
Nov 17, 2014 6:15:43 PM org.apache.catalina.core.StandardEngine start
INFO: Starting Servlet Engine: Apache Tomcat/6.0.35
Nov 17, 2014 6:15:43 PM org.apache.catalina.startup.HostConfig deployDirectory
INFO: Deploying web application directory Concur
Nov 17, 2014 6:15:43 PM org.apache.catalina.startup.HostConfig deployDirectory
INFO: Deploying web application directory ROOT
Nov 17, 2014 6:15:43 PM org.apache.catalina.startup.HostConfig deployDirectory
INFO: Deploying web application directory OnlineImageProcess
Nov 17, 2014 6:15:43 PM org.apache.catalina.startup.HostConfig deployDirectory
INFO: Deploying web application directory File Upload Applet_files
Nov 17, 2014 6:15:43 PM org.apache.catalina.startup.HostConfig deployDirectory
INFO: Deploying web application directory proj1
Nov 17, 2014 6:15:43 PM org.apache.catalina.startup.HostConfig deployDirectory
INFO: Deploying web application directory Banff Park_files
Nov 17, 2014 6:15:44 PM org.apache.coyote.http11.Http11Protocol start
INFO: Starting Coyote HTTP/1.1 on http-16310
Nov 17, 2014 6:15:44 PM org.apache.jk.common.ChannelSocket init
INFO: JK: ajp13 listening on /0.0.0.0:8009
Nov 17, 2014 6:15:44 PM org.apache.jk.server.JkMain start
INFO: Jk running ID=0 time=0/17  config=null
Nov 17, 2014 6:15:44 PM org.apache.catalina.startup.Catalina start
INFO: Server startup in 612 ms
Nov 17, 2014 6:16:46 PM org.apache.coyote.http11.Http11Protocol pause
INFO: Pausing Coyote HTTP/1.1 on http-16310
Nov 17, 2014 6:16:47 PM org.apache.catalina.core.StandardService stop
INFO: Stopping service Catalina
Nov 17, 2014 6:16:47 PM org.apache.catalina.loader.WebappClassLoader clearReferencesJdbc
SEVERE: The web application [/OnlineImageProcess] registered the JDBC driver [oracle.jdbc.OracleDriver] but failed to unregister it when the web application was stopped. To prevent a memory leak, the JDBC Driver has been forcibly unregistered.
Nov 17, 2014 6:16:47 PM org.apache.coyote.http11.Http11Protocol destroy
INFO: Stopping Coyote HTTP/1.1 on http-16310
