Nov 18, 2014 7:55:00 PM org.apache.catalina.core.AprLifecycleListener init
INFO: The APR based Apache Tomcat Native library which allows optimal performance in production environments was not found on the java.library.path: /usr/lib/jvm/java-6-openjdk-amd64/jre/lib/amd64/server:/usr/lib/jvm/java-6-openjdk-amd64/jre/lib/amd64:/usr/lib/jvm/java-6-openjdk-amd64/jre/../lib/amd64:/oracle/lib:/usr/java/packages/lib/amd64:/usr/lib/x86_64-linux-gnu/jni:/lib/x86_64-linux-gnu:/usr/lib/x86_64-linux-gnu:/usr/lib/jni:/lib:/usr/lib
Nov 18, 2014 7:55:00 PM org.apache.coyote.http11.Http11Protocol init
INFO: Initializing Coyote HTTP/1.1 on http-16310
Nov 18, 2014 7:55:00 PM org.apache.catalina.startup.Catalina load
INFO: Initialization processed in 1384 ms
Nov 18, 2014 7:55:00 PM org.apache.catalina.core.StandardService start
INFO: Starting service Catalina
Nov 18, 2014 7:55:00 PM org.apache.catalina.core.StandardEngine start
INFO: Starting Servlet Engine: Apache Tomcat/6.0.35
Nov 18, 2014 7:55:00 PM org.apache.catalina.startup.HostConfig deployDirectory
INFO: Deploying web application directory Concur
Nov 18, 2014 7:55:01 PM org.apache.catalina.startup.HostConfig deployDirectory
INFO: Deploying web application directory ROOT
Nov 18, 2014 7:55:01 PM org.apache.catalina.startup.HostConfig deployDirectory
INFO: Deploying web application directory OnlineImageProcess
Nov 18, 2014 7:55:01 PM org.apache.catalina.startup.HostConfig deployDirectory
INFO: Deploying web application directory File Upload Applet_files
Nov 18, 2014 7:55:01 PM org.apache.catalina.startup.HostConfig deployDirectory
INFO: Deploying web application directory proj1
Nov 18, 2014 7:55:02 PM org.apache.catalina.startup.HostConfig deployDirectory
INFO: Deploying web application directory Banff Park_files
Nov 18, 2014 7:55:02 PM org.apache.coyote.http11.Http11Protocol start
INFO: Starting Coyote HTTP/1.1 on http-16310
Nov 18, 2014 7:55:02 PM org.apache.jk.common.ChannelSocket init
INFO: JK: ajp13 listening on /0.0.0.0:8009
Nov 18, 2014 7:55:02 PM org.apache.jk.server.JkMain start
INFO: Jk running ID=0 time=0/31  config=null
Nov 18, 2014 7:55:02 PM org.apache.catalina.startup.Catalina start
INFO: Server startup in 1565 ms
Nov 18, 2014 8:19:08 PM org.apache.coyote.http11.Http11Protocol pause
INFO: Pausing Coyote HTTP/1.1 on http-16310
Nov 18, 2014 8:19:09 PM org.apache.catalina.core.StandardService stop
INFO: Stopping service Catalina
Nov 18, 2014 8:19:09 PM org.apache.catalina.loader.WebappClassLoader clearReferencesJdbc
SEVERE: The web application [/OnlineImageProcess] registered the JDBC driver [oracle.jdbc.OracleDriver] but failed to unregister it when the web application was stopped. To prevent a memory leak, the JDBC Driver has been forcibly unregistered.
Nov 18, 2014 8:19:09 PM org.apache.coyote.http11.Http11Protocol destroy
INFO: Stopping Coyote HTTP/1.1 on http-16310
Nov 18, 2014 8:41:05 PM org.apache.catalina.core.AprLifecycleListener init
INFO: The APR based Apache Tomcat Native library which allows optimal performance in production environments was not found on the java.library.path: /usr/lib/jvm/java-6-openjdk-amd64/jre/lib/amd64/server:/usr/lib/jvm/java-6-openjdk-amd64/jre/lib/amd64:/usr/lib/jvm/java-6-openjdk-amd64/jre/../lib/amd64:/oracle/lib:/usr/java/packages/lib/amd64:/usr/lib/x86_64-linux-gnu/jni:/lib/x86_64-linux-gnu:/usr/lib/x86_64-linux-gnu:/usr/lib/jni:/lib:/usr/lib
Nov 18, 2014 8:41:05 PM org.apache.coyote.http11.Http11Protocol init
INFO: Initializing Coyote HTTP/1.1 on http-16310
Nov 18, 2014 8:41:05 PM org.apache.catalina.startup.Catalina load
INFO: Initialization processed in 770 ms
Nov 18, 2014 8:41:05 PM org.apache.catalina.core.StandardService start
INFO: Starting service Catalina
Nov 18, 2014 8:41:05 PM org.apache.catalina.core.StandardEngine start
INFO: Starting Servlet Engine: Apache Tomcat/6.0.35
Nov 18, 2014 8:41:05 PM org.apache.catalina.startup.HostConfig deployDirectory
INFO: Deploying web application directory Concur
Nov 18, 2014 8:41:05 PM org.apache.catalina.startup.HostConfig deployDirectory
INFO: Deploying web application directory ROOT
Nov 18, 2014 8:41:05 PM org.apache.catalina.startup.HostConfig deployDirectory
INFO: Deploying web application directory OnlineImageProcess
Nov 18, 2014 8:41:05 PM org.apache.catalina.startup.HostConfig deployDirectory
INFO: Deploying web application directory File Upload Applet_files
Nov 18, 2014 8:41:05 PM org.apache.catalina.startup.HostConfig deployDirectory
INFO: Deploying web application directory proj1
Nov 18, 2014 8:41:06 PM org.apache.catalina.startup.HostConfig deployDirectory
INFO: Deploying web application directory Banff Park_files
Nov 18, 2014 8:41:06 PM org.apache.coyote.http11.Http11Protocol start
INFO: Starting Coyote HTTP/1.1 on http-16310
Nov 18, 2014 8:41:06 PM org.apache.jk.common.ChannelSocket init
INFO: JK: ajp13 listening on /0.0.0.0:8009
Nov 18, 2014 8:41:06 PM org.apache.jk.server.JkMain start
INFO: Jk running ID=0 time=0/22  config=null
Nov 18, 2014 8:41:06 PM org.apache.catalina.startup.Catalina start
INFO: Server startup in 671 ms
Nov 18, 2014 8:56:21 PM org.apache.coyote.http11.Http11Protocol pause
INFO: Pausing Coyote HTTP/1.1 on http-16310
Nov 18, 2014 8:56:22 PM org.apache.catalina.core.StandardService stop
INFO: Stopping service Catalina
Nov 18, 2014 8:56:22 PM org.apache.catalina.loader.WebappClassLoader clearReferencesJdbc
SEVERE: The web application [/OnlineImageProcess] registered the JDBC driver [oracle.jdbc.OracleDriver] but failed to unregister it when the web application was stopped. To prevent a memory leak, the JDBC Driver has been forcibly unregistered.
Nov 18, 2014 8:56:23 PM org.apache.coyote.http11.Http11Protocol destroy
INFO: Stopping Coyote HTTP/1.1 on http-16310
