Oct 30, 2014 1:35:32 PM org.apache.catalina.core.AprLifecycleListener init
INFO: The APR based Apache Tomcat Native library which allows optimal performance in production environments was not found on the java.library.path: /usr/lib/jvm/java-6-openjdk-amd64/jre/lib/amd64/server:/usr/lib/jvm/java-6-openjdk-amd64/jre/lib/amd64:/usr/lib/jvm/java-6-openjdk-amd64/jre/../lib/amd64:/oracle/lib:/usr/java/packages/lib/amd64:/usr/lib/x86_64-linux-gnu/jni:/lib/x86_64-linux-gnu:/usr/lib/x86_64-linux-gnu:/usr/lib/jni:/lib:/usr/lib
Oct 30, 2014 1:35:33 PM org.apache.coyote.http11.Http11Protocol init
INFO: Initializing Coyote HTTP/1.1 on http-16310
Oct 30, 2014 1:35:33 PM org.apache.catalina.startup.Catalina load
INFO: Initialization processed in 1230 ms
Oct 30, 2014 1:35:33 PM org.apache.catalina.core.StandardService start
INFO: Starting service Catalina
Oct 30, 2014 1:35:33 PM org.apache.catalina.core.StandardEngine start
INFO: Starting Servlet Engine: Apache Tomcat/6.0.35
Oct 30, 2014 1:35:33 PM org.apache.catalina.startup.HostConfig deployDirectory
INFO: Deploying web application directory ROOT
Oct 30, 2014 1:35:33 PM org.apache.catalina.startup.HostConfig deployDirectory
INFO: Deploying web application directory OnlineImageProcess
Oct 30, 2014 1:35:33 PM org.apache.catalina.startup.HostConfig deployDirectory
INFO: Deploying web application directory proj1
Oct 30, 2014 1:35:34 PM org.apache.coyote.http11.Http11Protocol start
INFO: Starting Coyote HTTP/1.1 on http-16310
Oct 30, 2014 1:35:34 PM org.apache.jk.common.ChannelSocket init
INFO: JK: ajp13 listening on /0.0.0.0:8009
Oct 30, 2014 1:35:34 PM org.apache.jk.server.JkMain start
INFO: Jk running ID=0 time=0/25  config=null
Oct 30, 2014 1:35:34 PM org.apache.catalina.startup.Catalina start
INFO: Server startup in 961 ms
Oct 30, 2014 1:44:42 PM org.apache.coyote.http11.Http11Protocol pause
INFO: Pausing Coyote HTTP/1.1 on http-16310
Oct 30, 2014 1:44:43 PM org.apache.catalina.core.StandardService stop
INFO: Stopping service Catalina
Oct 30, 2014 1:44:44 PM org.apache.catalina.loader.WebappClassLoader clearReferencesJdbc
SEVERE: The web application [/OnlineImageProcess] registered the JDBC driver [oracle.jdbc.OracleDriver] but failed to unregister it when the web application was stopped. To prevent a memory leak, the JDBC Driver has been forcibly unregistered.
Oct 30, 2014 1:44:44 PM org.apache.coyote.http11.Http11Protocol destroy
INFO: Stopping Coyote HTTP/1.1 on http-16310
Oct 30, 2014 4:20:14 PM org.apache.catalina.core.AprLifecycleListener init
INFO: The APR based Apache Tomcat Native library which allows optimal performance in production environments was not found on the java.library.path: /usr/lib/jvm/java-6-openjdk-amd64/jre/lib/amd64/server:/usr/lib/jvm/java-6-openjdk-amd64/jre/lib/amd64:/usr/lib/jvm/java-6-openjdk-amd64/jre/../lib/amd64:/oracle/lib:/usr/java/packages/lib/amd64:/usr/lib/x86_64-linux-gnu/jni:/lib/x86_64-linux-gnu:/usr/lib/x86_64-linux-gnu:/usr/lib/jni:/lib:/usr/lib
Oct 30, 2014 4:20:15 PM org.apache.coyote.http11.Http11Protocol init
INFO: Initializing Coyote HTTP/1.1 on http-16310
Oct 30, 2014 4:20:15 PM org.apache.catalina.startup.Catalina load
INFO: Initialization processed in 1435 ms
Oct 30, 2014 4:20:15 PM org.apache.catalina.core.StandardService start
INFO: Starting service Catalina
Oct 30, 2014 4:20:15 PM org.apache.catalina.core.StandardEngine start
INFO: Starting Servlet Engine: Apache Tomcat/6.0.35
Oct 30, 2014 4:20:15 PM org.apache.catalina.startup.HostConfig deployDirectory
INFO: Deploying web application directory ROOT
Oct 30, 2014 4:20:15 PM org.apache.catalina.startup.HostConfig deployDirectory
INFO: Deploying web application directory OnlineImageProcess
Oct 30, 2014 4:20:15 PM org.apache.catalina.startup.HostConfig deployDirectory
INFO: Deploying web application directory proj1
Oct 30, 2014 4:20:16 PM org.apache.coyote.http11.Http11Protocol start
INFO: Starting Coyote HTTP/1.1 on http-16310
Oct 30, 2014 4:20:16 PM org.apache.jk.common.ChannelSocket init
INFO: JK: ajp13 listening on /0.0.0.0:8009
Oct 30, 2014 4:20:16 PM org.apache.jk.server.JkMain start
INFO: Jk running ID=0 time=0/31  config=null
Oct 30, 2014 4:20:16 PM org.apache.catalina.startup.Catalina start
INFO: Server startup in 1011 ms
Oct 30, 2014 5:16:39 PM org.apache.coyote.http11.Http11Protocol pause
INFO: Pausing Coyote HTTP/1.1 on http-16310
Oct 30, 2014 5:16:40 PM org.apache.catalina.core.StandardService stop
INFO: Stopping service Catalina
Oct 30, 2014 5:16:40 PM org.apache.coyote.http11.Http11Protocol destroy
INFO: Stopping Coyote HTTP/1.1 on http-16310
Oct 30, 2014 5:16:48 PM org.apache.catalina.core.AprLifecycleListener init
INFO: The APR based Apache Tomcat Native library which allows optimal performance in production environments was not found on the java.library.path: /usr/lib/jvm/java-6-openjdk-amd64/jre/lib/amd64/server:/usr/lib/jvm/java-6-openjdk-amd64/jre/lib/amd64:/usr/lib/jvm/java-6-openjdk-amd64/jre/../lib/amd64:/oracle/lib:/usr/java/packages/lib/amd64:/usr/lib/x86_64-linux-gnu/jni:/lib/x86_64-linux-gnu:/usr/lib/x86_64-linux-gnu:/usr/lib/jni:/lib:/usr/lib
Oct 30, 2014 5:16:48 PM org.apache.coyote.http11.Http11Protocol init
INFO: Initializing Coyote HTTP/1.1 on http-16310
Oct 30, 2014 5:16:48 PM org.apache.catalina.startup.Catalina load
INFO: Initialization processed in 716 ms
Oct 30, 2014 5:16:48 PM org.apache.catalina.core.StandardService start
INFO: Starting service Catalina
Oct 30, 2014 5:16:48 PM org.apache.catalina.core.StandardEngine start
INFO: Starting Servlet Engine: Apache Tomcat/6.0.35
Oct 30, 2014 5:16:48 PM org.apache.catalina.startup.HostConfig deployDirectory
INFO: Deploying web application directory ROOT
Oct 30, 2014 5:16:48 PM org.apache.catalina.startup.HostConfig deployDirectory
INFO: Deploying web application directory OnlineImageProcess
Oct 30, 2014 5:16:49 PM org.apache.catalina.startup.HostConfig deployDirectory
INFO: Deploying web application directory proj1
Oct 30, 2014 5:16:49 PM org.apache.coyote.http11.Http11Protocol start
INFO: Starting Coyote HTTP/1.1 on http-16310
Oct 30, 2014 5:16:49 PM org.apache.jk.common.ChannelSocket init
INFO: JK: ajp13 listening on /0.0.0.0:8009
Oct 30, 2014 5:16:49 PM org.apache.jk.server.JkMain start
INFO: Jk running ID=0 time=0/59  config=null
Oct 30, 2014 5:16:49 PM org.apache.catalina.startup.Catalina start
INFO: Server startup in 493 ms
Oct 30, 2014 5:43:39 PM org.apache.catalina.startup.HostConfig checkResources
INFO: Reloading context [/proj1]
Oct 30, 2014 5:44:19 PM org.apache.catalina.startup.HostConfig checkResources
INFO: Reloading context [/proj1]
Oct 30, 2014 5:44:54 PM org.apache.coyote.http11.Http11Protocol pause
INFO: Pausing Coyote HTTP/1.1 on http-16310
Oct 30, 2014 5:44:55 PM org.apache.catalina.core.StandardService stop
INFO: Stopping service Catalina
Oct 30, 2014 5:44:55 PM org.apache.coyote.http11.Http11Protocol destroy
INFO: Stopping Coyote HTTP/1.1 on http-16310
Oct 30, 2014 5:45:09 PM org.apache.catalina.core.AprLifecycleListener init
INFO: The APR based Apache Tomcat Native library which allows optimal performance in production environments was not found on the java.library.path: /usr/lib/jvm/java-6-openjdk-amd64/jre/lib/amd64/server:/usr/lib/jvm/java-6-openjdk-amd64/jre/lib/amd64:/usr/lib/jvm/java-6-openjdk-amd64/jre/../lib/amd64:/oracle/lib:/usr/java/packages/lib/amd64:/usr/lib/x86_64-linux-gnu/jni:/lib/x86_64-linux-gnu:/usr/lib/x86_64-linux-gnu:/usr/lib/jni:/lib:/usr/lib
Oct 30, 2014 5:45:09 PM org.apache.coyote.http11.Http11Protocol init
INFO: Initializing Coyote HTTP/1.1 on http-16310
Oct 30, 2014 5:45:09 PM org.apache.catalina.startup.Catalina load
INFO: Initialization processed in 637 ms
Oct 30, 2014 5:45:09 PM org.apache.catalina.core.StandardService start
INFO: Starting service Catalina
Oct 30, 2014 5:45:09 PM org.apache.catalina.core.StandardEngine start
INFO: Starting Servlet Engine: Apache Tomcat/6.0.35
Oct 30, 2014 5:45:09 PM org.apache.catalina.startup.HostConfig deployDirectory
INFO: Deploying web application directory ROOT
Oct 30, 2014 5:45:10 PM org.apache.catalina.startup.HostConfig deployDirectory
INFO: Deploying web application directory OnlineImageProcess
Oct 30, 2014 5:45:10 PM org.apache.catalina.startup.HostConfig deployDirectory
INFO: Deploying web application directory proj1
Oct 30, 2014 5:45:10 PM org.apache.coyote.http11.Http11Protocol start
INFO: Starting Coyote HTTP/1.1 on http-16310
Oct 30, 2014 5:45:10 PM org.apache.jk.common.ChannelSocket init
INFO: JK: ajp13 listening on /0.0.0.0:8009
Oct 30, 2014 5:45:10 PM org.apache.jk.server.JkMain start
INFO: Jk running ID=0 time=0/23  config=null
Oct 30, 2014 5:45:10 PM org.apache.catalina.startup.Catalina start
INFO: Server startup in 408 ms
Oct 30, 2014 6:36:17 PM org.apache.coyote.http11.Http11Protocol pause
INFO: Pausing Coyote HTTP/1.1 on http-16310
Oct 30, 2014 6:36:18 PM org.apache.catalina.core.StandardService stop
INFO: Stopping service Catalina
Oct 30, 2014 6:36:19 PM org.apache.coyote.http11.Http11Protocol destroy
INFO: Stopping Coyote HTTP/1.1 on http-16310
Oct 30, 2014 6:37:05 PM org.apache.catalina.core.AprLifecycleListener init
INFO: The APR based Apache Tomcat Native library which allows optimal performance in production environments was not found on the java.library.path: /usr/lib/jvm/java-6-openjdk-amd64/jre/lib/amd64/server:/usr/lib/jvm/java-6-openjdk-amd64/jre/lib/amd64:/usr/lib/jvm/java-6-openjdk-amd64/jre/../lib/amd64:/oracle/lib:/usr/java/packages/lib/amd64:/usr/lib/x86_64-linux-gnu/jni:/lib/x86_64-linux-gnu:/usr/lib/x86_64-linux-gnu:/usr/lib/jni:/lib:/usr/lib
Oct 30, 2014 6:37:05 PM org.apache.coyote.http11.Http11Protocol init
INFO: Initializing Coyote HTTP/1.1 on http-16310
Oct 30, 2014 6:37:05 PM org.apache.catalina.startup.Catalina load
INFO: Initialization processed in 669 ms
Oct 30, 2014 6:37:05 PM org.apache.catalina.core.StandardService start
INFO: Starting service Catalina
Oct 30, 2014 6:37:05 PM org.apache.catalina.core.StandardEngine start
INFO: Starting Servlet Engine: Apache Tomcat/6.0.35
Oct 30, 2014 6:37:05 PM org.apache.catalina.startup.HostConfig deployDirectory
INFO: Deploying web application directory ROOT
Oct 30, 2014 6:37:05 PM org.apache.catalina.startup.HostConfig deployDirectory
INFO: Deploying web application directory OnlineImageProcess
Oct 30, 2014 6:37:05 PM org.apache.catalina.startup.HostConfig deployDirectory
INFO: Deploying web application directory proj1
Oct 30, 2014 6:37:05 PM org.apache.coyote.http11.Http11Protocol start
INFO: Starting Coyote HTTP/1.1 on http-16310
Oct 30, 2014 6:37:05 PM org.apache.jk.common.ChannelSocket init
INFO: JK: ajp13 listening on /0.0.0.0:8009
Oct 30, 2014 6:37:05 PM org.apache.jk.server.JkMain start
INFO: Jk running ID=0 time=0/17  config=null
Oct 30, 2014 6:37:05 PM org.apache.catalina.startup.Catalina start
INFO: Server startup in 564 ms
Oct 30, 2014 6:43:15 PM org.apache.catalina.startup.HostConfig checkResources
INFO: Reloading context [/OnlineImageProcess]
Oct 30, 2014 6:43:16 PM org.apache.tomcat.util.digester.Digester endElement
SEVERE: End event threw exception
java.lang.reflect.InvocationTargetException
	at sun.reflect.GeneratedMethodAccessor21.invoke(Unknown Source)
	at sun.reflect.DelegatingMethodAccessorImpl.invoke(DelegatingMethodAccessorImpl.java:43)
	at java.lang.reflect.Method.invoke(Method.java:622)
	at org.apache.tomcat.util.IntrospectionUtils.callMethodN(IntrospectionUtils.java:959)
	at org.apache.catalina.startup.CallMethodMultiRule.end(WebRuleSet.java:789)
	at org.apache.tomcat.util.digester.Rule.end(Rule.java:229)
	at org.apache.tomcat.util.digester.Digester.endElement(Digester.java:1138)
	at com.sun.org.apache.xerces.internal.parsers.AbstractSAXParser.endElement(AbstractSAXParser.java:607)
	at com.sun.org.apache.xerces.internal.impl.XMLDocumentFragmentScannerImpl.scanEndElement(XMLDocumentFragmentScannerImpl.java:1762)
	at com.sun.org.apache.xerces.internal.impl.XMLDocumentFragmentScannerImpl$FragmentContentDriver.next(XMLDocumentFragmentScannerImpl.java:2937)
	at com.sun.org.apache.xerces.internal.impl.XMLDocumentScannerImpl.next(XMLDocumentScannerImpl.java:625)
	at com.sun.org.apache.xerces.internal.impl.XMLDocumentFragmentScannerImpl.scanDocument(XMLDocumentFragmentScannerImpl.java:489)
	at com.sun.org.apache.xerces.internal.parsers.XML11Configuration.parse(XML11Configuration.java:828)
	at com.sun.org.apache.xerces.internal.parsers.XML11Configuration.parse(XML11Configuration.java:757)
	at com.sun.org.apache.xerces.internal.parsers.XMLParser.parse(XMLParser.java:133)
	at com.sun.org.apache.xerces.internal.parsers.AbstractSAXParser.parse(AbstractSAXParser.java:1211)
	at com.sun.org.apache.xerces.internal.jaxp.SAXParserImpl$JAXPSAXParser.parse(SAXParserImpl.java:551)
	at org.apache.tomcat.util.digester.Digester.parse(Digester.java:1642)
	at org.apache.catalina.startup.ContextConfig.applicationWebConfig(ContextConfig.java:365)
	at org.apache.catalina.startup.ContextConfig.start(ContextConfig.java:1076)
	at org.apache.catalina.startup.ContextConfig.lifecycleEvent(ContextConfig.java:261)
	at org.apache.catalina.util.LifecycleSupport.fireLifecycleEvent(LifecycleSupport.java:142)
	at org.apache.catalina.core.StandardContext.start(StandardContext.java:4612)
	at org.apache.catalina.startup.HostConfig.checkResources(HostConfig.java:1284)
	at org.apache.catalina.startup.HostConfig.check(HostConfig.java:1382)
	at org.apache.catalina.startup.HostConfig.lifecycleEvent(HostConfig.java:306)
	at org.apache.catalina.util.LifecycleSupport.fireLifecycleEvent(LifecycleSupport.java:142)
	at org.apache.catalina.core.ContainerBase.backgroundProcess(ContainerBase.java:1389)
	at org.apache.catalina.core.ContainerBase$ContainerBackgroundProcessor.processChildren(ContainerBase.java:1653)
	at org.apache.catalina.core.ContainerBase$ContainerBackgroundProcessor.processChildren(ContainerBase.java:1662)
	at org.apache.catalina.core.ContainerBase$ContainerBackgroundProcessor.run(ContainerBase.java:1642)
	at java.lang.Thread.run(Thread.java:701)
Caused by: java.lang.IllegalArgumentException: Invalid <url-pattern> UploadImage in servlet mapping
	at org.apache.catalina.core.StandardContext.addServletMapping(StandardContext.java:2743)
	at org.apache.catalina.core.StandardContext.addServletMapping(StandardContext.java:2719)
	... 32 more
Oct 30, 2014 6:43:16 PM org.apache.catalina.startup.ContextConfig applicationWebConfig
SEVERE: Parse error in application web.xml file at jndi:/localhost/OnlineImageProcess/WEB-INF/web.xml
org.xml.sax.SAXParseException; systemId: jndi:/localhost/OnlineImageProcess/WEB-INF/web.xml; lineNumber: 33; columnNumber: 23; Error at (33, 23: Invalid <url-pattern> UploadImage in servlet mapping
	at org.apache.tomcat.util.digester.Digester.createSAXException(Digester.java:2806)
	at org.apache.tomcat.util.digester.Digester.createSAXException(Digester.java:2832)
	at org.apache.tomcat.util.digester.Digester.endElement(Digester.java:1141)
	at com.sun.org.apache.xerces.internal.parsers.AbstractSAXParser.endElement(AbstractSAXParser.java:607)
	at com.sun.org.apache.xerces.internal.impl.XMLDocumentFragmentScannerImpl.scanEndElement(XMLDocumentFragmentScannerImpl.java:1762)
	at com.sun.org.apache.xerces.internal.impl.XMLDocumentFragmentScannerImpl$FragmentContentDriver.next(XMLDocumentFragmentScannerImpl.java:2937)
	at com.sun.org.apache.xerces.internal.impl.XMLDocumentScannerImpl.next(XMLDocumentScannerImpl.java:625)
	at com.sun.org.apache.xerces.internal.impl.XMLDocumentFragmentScannerImpl.scanDocument(XMLDocumentFragmentScannerImpl.java:489)
	at com.sun.org.apache.xerces.internal.parsers.XML11Configuration.parse(XML11Configuration.java:828)
	at com.sun.org.apache.xerces.internal.parsers.XML11Configuration.parse(XML11Configuration.java:757)
	at com.sun.org.apache.xerces.internal.parsers.XMLParser.parse(XMLParser.java:133)
	at com.sun.org.apache.xerces.internal.parsers.AbstractSAXParser.parse(AbstractSAXParser.java:1211)
	at com.sun.org.apache.xerces.internal.jaxp.SAXParserImpl$JAXPSAXParser.parse(SAXParserImpl.java:551)
	at org.apache.tomcat.util.digester.Digester.parse(Digester.java:1642)
	at org.apache.catalina.startup.ContextConfig.applicationWebConfig(ContextConfig.java:365)
	at org.apache.catalina.startup.ContextConfig.start(ContextConfig.java:1076)
	at org.apache.catalina.startup.ContextConfig.lifecycleEvent(ContextConfig.java:261)
	at org.apache.catalina.util.LifecycleSupport.fireLifecycleEvent(LifecycleSupport.java:142)
	at org.apache.catalina.core.StandardContext.start(StandardContext.java:4612)
	at org.apache.catalina.startup.HostConfig.checkResources(HostConfig.java:1284)
	at org.apache.catalina.startup.HostConfig.check(HostConfig.java:1382)
	at org.apache.catalina.startup.HostConfig.lifecycleEvent(HostConfig.java:306)
	at org.apache.catalina.util.LifecycleSupport.fireLifecycleEvent(LifecycleSupport.java:142)
	at org.apache.catalina.core.ContainerBase.backgroundProcess(ContainerBase.java:1389)
	at org.apache.catalina.core.ContainerBase$ContainerBackgroundProcessor.processChildren(ContainerBase.java:1653)
	at org.apache.catalina.core.ContainerBase$ContainerBackgroundProcessor.processChildren(ContainerBase.java:1662)
	at org.apache.catalina.core.ContainerBase$ContainerBackgroundProcessor.run(ContainerBase.java:1642)
	at java.lang.Thread.run(Thread.java:701)
Caused by: java.lang.IllegalArgumentException: Invalid <url-pattern> UploadImage in servlet mapping
	at org.apache.catalina.core.StandardContext.addServletMapping(StandardContext.java:2743)
	at org.apache.catalina.core.StandardContext.addServletMapping(StandardContext.java:2719)
	at sun.reflect.GeneratedMethodAccessor21.invoke(Unknown Source)
	at sun.reflect.DelegatingMethodAccessorImpl.invoke(DelegatingMethodAccessorImpl.java:43)
	at java.lang.reflect.Method.invoke(Method.java:622)
	at org.apache.tomcat.util.IntrospectionUtils.callMethodN(IntrospectionUtils.java:959)
	at org.apache.catalina.startup.CallMethodMultiRule.end(WebRuleSet.java:789)
	at org.apache.tomcat.util.digester.Rule.end(Rule.java:229)
	at org.apache.tomcat.util.digester.Digester.endElement(Digester.java:1138)
	... 25 more
Oct 30, 2014 6:43:16 PM org.apache.catalina.startup.ContextConfig applicationWebConfig
SEVERE: Occurred at line 33 column 23
Oct 30, 2014 6:43:16 PM org.apache.catalina.startup.ContextConfig start
SEVERE: Marking this application unavailable due to previous error(s)
Oct 30, 2014 6:43:16 PM org.apache.catalina.core.StandardContext start
SEVERE: Error getConfigured
Oct 30, 2014 6:43:16 PM org.apache.catalina.core.StandardContext start
SEVERE: Context [/OnlineImageProcess] startup failed due to previous errors
Oct 30, 2014 6:54:56 PM org.apache.coyote.http11.Http11Protocol pause
INFO: Pausing Coyote HTTP/1.1 on http-16310
Oct 30, 2014 6:54:57 PM org.apache.catalina.core.StandardService stop
INFO: Stopping service Catalina
Oct 30, 2014 6:54:57 PM org.apache.coyote.http11.Http11Protocol destroy
INFO: Stopping Coyote HTTP/1.1 on http-16310
Oct 30, 2014 6:55:04 PM org.apache.catalina.core.AprLifecycleListener init
INFO: The APR based Apache Tomcat Native library which allows optimal performance in production environments was not found on the java.library.path: /usr/lib/jvm/java-6-openjdk-amd64/jre/lib/amd64/server:/usr/lib/jvm/java-6-openjdk-amd64/jre/lib/amd64:/usr/lib/jvm/java-6-openjdk-amd64/jre/../lib/amd64:/oracle/lib:/usr/java/packages/lib/amd64:/usr/lib/x86_64-linux-gnu/jni:/lib/x86_64-linux-gnu:/usr/lib/x86_64-linux-gnu:/usr/lib/jni:/lib:/usr/lib
Oct 30, 2014 6:55:04 PM org.apache.coyote.http11.Http11Protocol init
INFO: Initializing Coyote HTTP/1.1 on http-16310
Oct 30, 2014 6:55:04 PM org.apache.catalina.startup.Catalina load
INFO: Initialization processed in 672 ms
Oct 30, 2014 6:55:04 PM org.apache.catalina.core.StandardService start
INFO: Starting service Catalina
Oct 30, 2014 6:55:04 PM org.apache.catalina.core.StandardEngine start
INFO: Starting Servlet Engine: Apache Tomcat/6.0.35
Oct 30, 2014 6:55:04 PM org.apache.catalina.startup.HostConfig deployDirectory
INFO: Deploying web application directory ROOT
Oct 30, 2014 6:55:04 PM org.apache.catalina.startup.HostConfig deployDirectory
INFO: Deploying web application directory OnlineImageProcess
Oct 30, 2014 6:55:04 PM org.apache.tomcat.util.digester.Digester endElement
SEVERE: End event threw exception
java.lang.reflect.InvocationTargetException
	at sun.reflect.NativeMethodAccessorImpl.invoke0(Native Method)
	at sun.reflect.NativeMethodAccessorImpl.invoke(NativeMethodAccessorImpl.java:57)
	at sun.reflect.DelegatingMethodAccessorImpl.invoke(DelegatingMethodAccessorImpl.java:43)
	at java.lang.reflect.Method.invoke(Method.java:622)
	at org.apache.tomcat.util.IntrospectionUtils.callMethodN(IntrospectionUtils.java:959)
	at org.apache.catalina.startup.CallMethodMultiRule.end(WebRuleSet.java:789)
	at org.apache.tomcat.util.digester.Rule.end(Rule.java:229)
	at org.apache.tomcat.util.digester.Digester.endElement(Digester.java:1138)
	at com.sun.org.apache.xerces.internal.parsers.AbstractSAXParser.endElement(AbstractSAXParser.java:607)
	at com.sun.org.apache.xerces.internal.impl.XMLDocumentFragmentScannerImpl.scanEndElement(XMLDocumentFragmentScannerImpl.java:1762)
	at com.sun.org.apache.xerces.internal.impl.XMLDocumentFragmentScannerImpl$FragmentContentDriver.next(XMLDocumentFragmentScannerImpl.java:2937)
	at com.sun.org.apache.xerces.internal.impl.XMLDocumentScannerImpl.next(XMLDocumentScannerImpl.java:625)
	at com.sun.org.apache.xerces.internal.impl.XMLDocumentFragmentScannerImpl.scanDocument(XMLDocumentFragmentScannerImpl.java:489)
	at com.sun.org.apache.xerces.internal.parsers.XML11Configuration.parse(XML11Configuration.java:828)
	at com.sun.org.apache.xerces.internal.parsers.XML11Configuration.parse(XML11Configuration.java:757)
	at com.sun.org.apache.xerces.internal.parsers.XMLParser.parse(XMLParser.java:133)
	at com.sun.org.apache.xerces.internal.parsers.AbstractSAXParser.parse(AbstractSAXParser.java:1211)
	at com.sun.org.apache.xerces.internal.jaxp.SAXParserImpl$JAXPSAXParser.parse(SAXParserImpl.java:551)
	at org.apache.tomcat.util.digester.Digester.parse(Digester.java:1642)
	at org.apache.catalina.startup.ContextConfig.applicationWebConfig(ContextConfig.java:365)
	at org.apache.catalina.startup.ContextConfig.start(ContextConfig.java:1076)
	at org.apache.catalina.startup.ContextConfig.lifecycleEvent(ContextConfig.java:261)
	at org.apache.catalina.util.LifecycleSupport.fireLifecycleEvent(LifecycleSupport.java:142)
	at org.apache.catalina.core.StandardContext.start(StandardContext.java:4612)
	at org.apache.catalina.core.ContainerBase.addChildInternal(ContainerBase.java:799)
	at org.apache.catalina.core.ContainerBase.addChild(ContainerBase.java:779)
	at org.apache.catalina.core.StandardHost.addChild(StandardHost.java:601)
	at org.apache.catalina.startup.HostConfig.deployDirectory(HostConfig.java:1079)
	at org.apache.catalina.startup.HostConfig.deployDirectories(HostConfig.java:1002)
	at org.apache.catalina.startup.HostConfig.deployApps(HostConfig.java:506)
	at org.apache.catalina.startup.HostConfig.start(HostConfig.java:1317)
	at org.apache.catalina.startup.HostConfig.lifecycleEvent(HostConfig.java:324)
	at org.apache.catalina.util.LifecycleSupport.fireLifecycleEvent(LifecycleSupport.java:142)
	at org.apache.catalina.core.ContainerBase.start(ContainerBase.java:1065)
	at org.apache.catalina.core.StandardHost.start(StandardHost.java:840)
	at org.apache.catalina.core.ContainerBase.start(ContainerBase.java:1057)
	at org.apache.catalina.core.StandardEngine.start(StandardEngine.java:463)
	at org.apache.catalina.core.StandardService.start(StandardService.java:525)
	at org.apache.catalina.core.StandardServer.start(StandardServer.java:754)
	at org.apache.catalina.startup.Catalina.start(Catalina.java:595)
	at sun.reflect.NativeMethodAccessorImpl.invoke0(Native Method)
	at sun.reflect.NativeMethodAccessorImpl.invoke(NativeMethodAccessorImpl.java:57)
	at sun.reflect.DelegatingMethodAccessorImpl.invoke(DelegatingMethodAccessorImpl.java:43)
	at java.lang.reflect.Method.invoke(Method.java:622)
	at org.apache.catalina.startup.Bootstrap.start(Bootstrap.java:289)
	at org.apache.catalina.startup.Bootstrap.main(Bootstrap.java:414)
Caused by: java.lang.IllegalArgumentException: Invalid <url-pattern> UploadImage in servlet mapping
	at org.apache.catalina.core.StandardContext.addServletMapping(StandardContext.java:2743)
	at org.apache.catalina.core.StandardContext.addServletMapping(StandardContext.java:2719)
	... 46 more
Oct 30, 2014 6:55:04 PM org.apache.catalina.startup.ContextConfig applicationWebConfig
SEVERE: Parse error in application web.xml file at jndi:/localhost/OnlineImageProcess/WEB-INF/web.xml
org.xml.sax.SAXParseException; systemId: jndi:/localhost/OnlineImageProcess/WEB-INF/web.xml; lineNumber: 33; columnNumber: 23; Error at (33, 23: Invalid <url-pattern> UploadImage in servlet mapping
	at org.apache.tomcat.util.digester.Digester.createSAXException(Digester.java:2806)
	at org.apache.tomcat.util.digester.Digester.createSAXException(Digester.java:2832)
	at org.apache.tomcat.util.digester.Digester.endElement(Digester.java:1141)
	at com.sun.org.apache.xerces.internal.parsers.AbstractSAXParser.endElement(AbstractSAXParser.java:607)
	at com.sun.org.apache.xerces.internal.impl.XMLDocumentFragmentScannerImpl.scanEndElement(XMLDocumentFragmentScannerImpl.java:1762)
	at com.sun.org.apache.xerces.internal.impl.XMLDocumentFragmentScannerImpl$FragmentContentDriver.next(XMLDocumentFragmentScannerImpl.java:2937)
	at com.sun.org.apache.xerces.internal.impl.XMLDocumentScannerImpl.next(XMLDocumentScannerImpl.java:625)
	at com.sun.org.apache.xerces.internal.impl.XMLDocumentFragmentScannerImpl.scanDocument(XMLDocumentFragmentScannerImpl.java:489)
	at com.sun.org.apache.xerces.internal.parsers.XML11Configuration.parse(XML11Configuration.java:828)
	at com.sun.org.apache.xerces.internal.parsers.XML11Configuration.parse(XML11Configuration.java:757)
	at com.sun.org.apache.xerces.internal.parsers.XMLParser.parse(XMLParser.java:133)
	at com.sun.org.apache.xerces.internal.parsers.AbstractSAXParser.parse(AbstractSAXParser.java:1211)
	at com.sun.org.apache.xerces.internal.jaxp.SAXParserImpl$JAXPSAXParser.parse(SAXParserImpl.java:551)
	at org.apache.tomcat.util.digester.Digester.parse(Digester.java:1642)
	at org.apache.catalina.startup.ContextConfig.applicationWebConfig(ContextConfig.java:365)
	at org.apache.catalina.startup.ContextConfig.start(ContextConfig.java:1076)
	at org.apache.catalina.startup.ContextConfig.lifecycleEvent(ContextConfig.java:261)
	at org.apache.catalina.util.LifecycleSupport.fireLifecycleEvent(LifecycleSupport.java:142)
	at org.apache.catalina.core.StandardContext.start(StandardContext.java:4612)
	at org.apache.catalina.core.ContainerBase.addChildInternal(ContainerBase.java:799)
	at org.apache.catalina.core.ContainerBase.addChild(ContainerBase.java:779)
	at org.apache.catalina.core.StandardHost.addChild(StandardHost.java:601)
	at org.apache.catalina.startup.HostConfig.deployDirectory(HostConfig.java:1079)
	at org.apache.catalina.startup.HostConfig.deployDirectories(HostConfig.java:1002)
	at org.apache.catalina.startup.HostConfig.deployApps(HostConfig.java:506)
	at org.apache.catalina.startup.HostConfig.start(HostConfig.java:1317)
	at org.apache.catalina.startup.HostConfig.lifecycleEvent(HostConfig.java:324)
	at org.apache.catalina.util.LifecycleSupport.fireLifecycleEvent(LifecycleSupport.java:142)
	at org.apache.catalina.core.ContainerBase.start(ContainerBase.java:1065)
	at org.apache.catalina.core.StandardHost.start(StandardHost.java:840)
	at org.apache.catalina.core.ContainerBase.start(ContainerBase.java:1057)
	at org.apache.catalina.core.StandardEngine.start(StandardEngine.java:463)
	at org.apache.catalina.core.StandardService.start(StandardService.java:525)
	at org.apache.catalina.core.StandardServer.start(StandardServer.java:754)
	at org.apache.catalina.startup.Catalina.start(Catalina.java:595)
	at sun.reflect.NativeMethodAccessorImpl.invoke0(Native Method)
	at sun.reflect.NativeMethodAccessorImpl.invoke(NativeMethodAccessorImpl.java:57)
	at sun.reflect.DelegatingMethodAccessorImpl.invoke(DelegatingMethodAccessorImpl.java:43)
	at java.lang.reflect.Method.invoke(Method.java:622)
	at org.apache.catalina.startup.Bootstrap.start(Bootstrap.java:289)
	at org.apache.catalina.startup.Bootstrap.main(Bootstrap.java:414)
Caused by: java.lang.IllegalArgumentException: Invalid <url-pattern> UploadImage in servlet mapping
	at org.apache.catalina.core.StandardContext.addServletMapping(StandardContext.java:2743)
	at org.apache.catalina.core.StandardContext.addServletMapping(StandardContext.java:2719)
	at sun.reflect.NativeMethodAccessorImpl.invoke0(Native Method)
	at sun.reflect.NativeMethodAccessorImpl.invoke(NativeMethodAccessorImpl.java:57)
	at sun.reflect.DelegatingMethodAccessorImpl.invoke(DelegatingMethodAccessorImpl.java:43)
	at java.lang.reflect.Method.invoke(Method.java:622)
	at org.apache.tomcat.util.IntrospectionUtils.callMethodN(IntrospectionUtils.java:959)
	at org.apache.catalina.startup.CallMethodMultiRule.end(WebRuleSet.java:789)
	at org.apache.tomcat.util.digester.Rule.end(Rule.java:229)
	at org.apache.tomcat.util.digester.Digester.endElement(Digester.java:1138)
	... 38 more
Oct 30, 2014 6:55:04 PM org.apache.catalina.startup.ContextConfig applicationWebConfig
SEVERE: Occurred at line 33 column 23
Oct 30, 2014 6:55:04 PM org.apache.catalina.startup.ContextConfig start
SEVERE: Marking this application unavailable due to previous error(s)
Oct 30, 2014 6:55:04 PM org.apache.catalina.core.StandardContext start
SEVERE: Error getConfigured
Oct 30, 2014 6:55:04 PM org.apache.catalina.core.StandardContext start
SEVERE: Context [/OnlineImageProcess] startup failed due to previous errors
Oct 30, 2014 6:55:04 PM org.apache.catalina.startup.HostConfig deployDirectory
INFO: Deploying web application directory proj1
Oct 30, 2014 6:55:04 PM org.apache.coyote.http11.Http11Protocol start
INFO: Starting Coyote HTTP/1.1 on http-16310
Oct 30, 2014 6:55:04 PM org.apache.jk.common.ChannelSocket init
INFO: JK: ajp13 listening on /0.0.0.0:8009
Oct 30, 2014 6:55:04 PM org.apache.jk.server.JkMain start
INFO: Jk running ID=0 time=0/21  config=null
Oct 30, 2014 6:55:04 PM org.apache.catalina.startup.Catalina start
INFO: Server startup in 452 ms
Oct 30, 2014 6:56:54 PM org.apache.catalina.startup.HostConfig checkResources
INFO: Reloading context [/OnlineImageProcess]
Oct 30, 2014 6:56:54 PM org.apache.catalina.core.StandardContext stop
INFO: Container org.apache.catalina.core.ContainerBase.[Catalina].[localhost].[/OnlineImageProcess] has not been started
Oct 30, 2014 6:56:54 PM org.apache.coyote.http11.Http11Protocol pause
INFO: Pausing Coyote HTTP/1.1 on http-16310
Oct 30, 2014 6:56:55 PM org.apache.catalina.core.StandardService stop
INFO: Stopping service Catalina
Oct 30, 2014 6:56:55 PM org.apache.coyote.http11.Http11Protocol destroy
INFO: Stopping Coyote HTTP/1.1 on http-16310
Oct 30, 2014 6:57:01 PM org.apache.catalina.core.AprLifecycleListener init
INFO: The APR based Apache Tomcat Native library which allows optimal performance in production environments was not found on the java.library.path: /usr/lib/jvm/java-6-openjdk-amd64/jre/lib/amd64/server:/usr/lib/jvm/java-6-openjdk-amd64/jre/lib/amd64:/usr/lib/jvm/java-6-openjdk-amd64/jre/../lib/amd64:/oracle/lib:/usr/java/packages/lib/amd64:/usr/lib/x86_64-linux-gnu/jni:/lib/x86_64-linux-gnu:/usr/lib/x86_64-linux-gnu:/usr/lib/jni:/lib:/usr/lib
Oct 30, 2014 6:57:01 PM org.apache.coyote.http11.Http11Protocol init
INFO: Initializing Coyote HTTP/1.1 on http-16310
Oct 30, 2014 6:57:01 PM org.apache.catalina.startup.Catalina load
INFO: Initialization processed in 669 ms
Oct 30, 2014 6:57:01 PM org.apache.catalina.core.StandardService start
INFO: Starting service Catalina
Oct 30, 2014 6:57:01 PM org.apache.catalina.core.StandardEngine start
INFO: Starting Servlet Engine: Apache Tomcat/6.0.35
Oct 30, 2014 6:57:01 PM org.apache.catalina.startup.HostConfig deployDirectory
INFO: Deploying web application directory ROOT
Oct 30, 2014 6:57:01 PM org.apache.catalina.startup.HostConfig deployDirectory
INFO: Deploying web application directory OnlineImageProcess
Oct 30, 2014 6:57:01 PM org.apache.catalina.startup.HostConfig deployDirectory
INFO: Deploying web application directory proj1
Oct 30, 2014 6:57:03 PM org.apache.coyote.http11.Http11Protocol start
INFO: Starting Coyote HTTP/1.1 on http-16310
Oct 30, 2014 6:57:03 PM org.apache.jk.common.ChannelSocket init
INFO: JK: ajp13 listening on /0.0.0.0:8009
Oct 30, 2014 6:57:03 PM org.apache.jk.server.JkMain start
INFO: Jk running ID=0 time=0/18  config=null
Oct 30, 2014 6:57:03 PM org.apache.catalina.startup.Catalina start
INFO: Server startup in 1949 ms
Oct 30, 2014 7:08:37 PM org.apache.coyote.http11.Http11Protocol pause
INFO: Pausing Coyote HTTP/1.1 on http-16310
Oct 30, 2014 7:08:38 PM org.apache.catalina.core.StandardService stop
INFO: Stopping service Catalina
Oct 30, 2014 7:08:38 PM org.apache.coyote.http11.Http11Protocol destroy
INFO: Stopping Coyote HTTP/1.1 on http-16310
Oct 30, 2014 7:16:03 PM org.apache.catalina.core.AprLifecycleListener init
INFO: The APR based Apache Tomcat Native library which allows optimal performance in production environments was not found on the java.library.path: /usr/lib/jvm/java-6-openjdk-amd64/jre/lib/amd64/server:/usr/lib/jvm/java-6-openjdk-amd64/jre/lib/amd64:/usr/lib/jvm/java-6-openjdk-amd64/jre/../lib/amd64:/oracle/lib:/usr/java/packages/lib/amd64:/usr/lib/x86_64-linux-gnu/jni:/lib/x86_64-linux-gnu:/usr/lib/x86_64-linux-gnu:/usr/lib/jni:/lib:/usr/lib
Oct 30, 2014 7:16:03 PM org.apache.coyote.http11.Http11Protocol init
INFO: Initializing Coyote HTTP/1.1 on http-16310
Oct 30, 2014 7:16:03 PM org.apache.catalina.startup.Catalina load
INFO: Initialization processed in 634 ms
Oct 30, 2014 7:16:03 PM org.apache.catalina.core.StandardService start
INFO: Starting service Catalina
Oct 30, 2014 7:16:03 PM org.apache.catalina.core.StandardEngine start
INFO: Starting Servlet Engine: Apache Tomcat/6.0.35
Oct 30, 2014 7:16:03 PM org.apache.catalina.startup.HostConfig deployDirectory
INFO: Deploying web application directory ROOT
Oct 30, 2014 7:16:03 PM org.apache.catalina.startup.HostConfig deployDirectory
INFO: Deploying web application directory OnlineImageProcess
Oct 30, 2014 7:16:03 PM org.apache.catalina.startup.HostConfig deployDirectory
INFO: Deploying web application directory proj1
Oct 30, 2014 7:16:03 PM org.apache.coyote.http11.Http11Protocol start
INFO: Starting Coyote HTTP/1.1 on http-16310
Oct 30, 2014 7:16:03 PM org.apache.jk.common.ChannelSocket init
INFO: JK: ajp13 listening on /0.0.0.0:8009
Oct 30, 2014 7:16:03 PM org.apache.jk.server.JkMain start
INFO: Jk running ID=0 time=0/19  config=null
Oct 30, 2014 7:16:03 PM org.apache.catalina.startup.Catalina start
INFO: Server startup in 395 ms
Oct 30, 2014 7:19:18 PM org.apache.coyote.http11.Http11Protocol pause
INFO: Pausing Coyote HTTP/1.1 on http-16310
Oct 30, 2014 7:19:19 PM org.apache.catalina.core.StandardService stop
INFO: Stopping service Catalina
Oct 30, 2014 7:19:19 PM org.apache.catalina.loader.WebappClassLoader clearReferencesJdbc
SEVERE: The web application [/OnlineImageProcess] registered the JDBC driver [oracle.jdbc.OracleDriver] but failed to unregister it when the web application was stopped. To prevent a memory leak, the JDBC Driver has been forcibly unregistered.
Oct 30, 2014 7:19:20 PM org.apache.coyote.http11.Http11Protocol destroy
INFO: Stopping Coyote HTTP/1.1 on http-16310
Oct 30, 2014 7:19:24 PM org.apache.catalina.core.AprLifecycleListener init
INFO: The APR based Apache Tomcat Native library which allows optimal performance in production environments was not found on the java.library.path: /usr/lib/jvm/java-6-openjdk-amd64/jre/lib/amd64/server:/usr/lib/jvm/java-6-openjdk-amd64/jre/lib/amd64:/usr/lib/jvm/java-6-openjdk-amd64/jre/../lib/amd64:/oracle/lib:/usr/java/packages/lib/amd64:/usr/lib/x86_64-linux-gnu/jni:/lib/x86_64-linux-gnu:/usr/lib/x86_64-linux-gnu:/usr/lib/jni:/lib:/usr/lib
Oct 30, 2014 7:19:25 PM org.apache.coyote.http11.Http11Protocol init
INFO: Initializing Coyote HTTP/1.1 on http-16310
Oct 30, 2014 7:19:25 PM org.apache.catalina.startup.Catalina load
INFO: Initialization processed in 661 ms
Oct 30, 2014 7:19:25 PM org.apache.catalina.core.StandardService start
INFO: Starting service Catalina
Oct 30, 2014 7:19:25 PM org.apache.catalina.core.StandardEngine start
INFO: Starting Servlet Engine: Apache Tomcat/6.0.35
Oct 30, 2014 7:19:25 PM org.apache.catalina.startup.HostConfig deployDirectory
INFO: Deploying web application directory ROOT
Oct 30, 2014 7:19:25 PM org.apache.catalina.startup.HostConfig deployDirectory
INFO: Deploying web application directory OnlineImageProcess
Oct 30, 2014 7:19:25 PM org.apache.catalina.startup.HostConfig deployDirectory
INFO: Deploying web application directory proj1
Oct 30, 2014 7:19:25 PM org.apache.coyote.http11.Http11Protocol start
INFO: Starting Coyote HTTP/1.1 on http-16310
Oct 30, 2014 7:19:25 PM org.apache.jk.common.ChannelSocket init
INFO: JK: ajp13 listening on /0.0.0.0:8009
Oct 30, 2014 7:19:25 PM org.apache.jk.server.JkMain start
INFO: Jk running ID=0 time=0/19  config=null
Oct 30, 2014 7:19:25 PM org.apache.catalina.startup.Catalina start
INFO: Server startup in 451 ms
Oct 30, 2014 7:24:35 PM org.apache.catalina.startup.HostConfig checkResources
INFO: Reloading context [/proj1]
Oct 30, 2014 7:24:41 PM org.apache.coyote.http11.Http11Protocol pause
INFO: Pausing Coyote HTTP/1.1 on http-16310
Oct 30, 2014 7:24:42 PM org.apache.catalina.core.StandardService stop
INFO: Stopping service Catalina
Oct 30, 2014 7:24:42 PM org.apache.catalina.loader.WebappClassLoader clearReferencesJdbc
SEVERE: The web application [/OnlineImageProcess] registered the JDBC driver [oracle.jdbc.OracleDriver] but failed to unregister it when the web application was stopped. To prevent a memory leak, the JDBC Driver has been forcibly unregistered.
Oct 30, 2014 7:24:42 PM org.apache.coyote.http11.Http11Protocol destroy
INFO: Stopping Coyote HTTP/1.1 on http-16310
Oct 30, 2014 7:24:49 PM org.apache.catalina.core.AprLifecycleListener init
INFO: The APR based Apache Tomcat Native library which allows optimal performance in production environments was not found on the java.library.path: /usr/lib/jvm/java-6-openjdk-amd64/jre/lib/amd64/server:/usr/lib/jvm/java-6-openjdk-amd64/jre/lib/amd64:/usr/lib/jvm/java-6-openjdk-amd64/jre/../lib/amd64:/oracle/lib:/usr/java/packages/lib/amd64:/usr/lib/x86_64-linux-gnu/jni:/lib/x86_64-linux-gnu:/usr/lib/x86_64-linux-gnu:/usr/lib/jni:/lib:/usr/lib
Oct 30, 2014 7:24:49 PM org.apache.coyote.http11.Http11Protocol init
INFO: Initializing Coyote HTTP/1.1 on http-16310
Oct 30, 2014 7:24:49 PM org.apache.catalina.startup.Catalina load
INFO: Initialization processed in 672 ms
Oct 30, 2014 7:24:49 PM org.apache.catalina.core.StandardService start
INFO: Starting service Catalina
Oct 30, 2014 7:24:49 PM org.apache.catalina.core.StandardEngine start
INFO: Starting Servlet Engine: Apache Tomcat/6.0.35
Oct 30, 2014 7:24:49 PM org.apache.catalina.startup.HostConfig deployDirectory
INFO: Deploying web application directory ROOT
Oct 30, 2014 7:24:50 PM org.apache.catalina.startup.HostConfig deployDirectory
INFO: Deploying web application directory OnlineImageProcess
Oct 30, 2014 7:24:50 PM org.apache.catalina.startup.HostConfig deployDirectory
INFO: Deploying web application directory proj1
Oct 30, 2014 7:24:50 PM org.apache.coyote.http11.Http11Protocol start
INFO: Starting Coyote HTTP/1.1 on http-16310
Oct 30, 2014 7:24:50 PM org.apache.jk.common.ChannelSocket init
INFO: JK: ajp13 listening on /0.0.0.0:8009
Oct 30, 2014 7:24:50 PM org.apache.jk.server.JkMain start
INFO: Jk running ID=0 time=0/19  config=null
Oct 30, 2014 7:24:50 PM org.apache.catalina.startup.Catalina start
INFO: Server startup in 400 ms
Oct 30, 2014 7:26:41 PM org.apache.coyote.http11.Http11Protocol pause
INFO: Pausing Coyote HTTP/1.1 on http-16310
Oct 30, 2014 7:26:42 PM org.apache.catalina.core.StandardService stop
INFO: Stopping service Catalina
Oct 30, 2014 7:26:42 PM org.apache.coyote.http11.Http11Protocol destroy
INFO: Stopping Coyote HTTP/1.1 on http-16310
Oct 30, 2014 7:28:56 PM org.apache.catalina.core.AprLifecycleListener init
INFO: The APR based Apache Tomcat Native library which allows optimal performance in production environments was not found on the java.library.path: /usr/lib/jvm/java-6-openjdk-amd64/jre/lib/amd64/server:/usr/lib/jvm/java-6-openjdk-amd64/jre/lib/amd64:/usr/lib/jvm/java-6-openjdk-amd64/jre/../lib/amd64:/oracle/lib:/usr/java/packages/lib/amd64:/usr/lib/x86_64-linux-gnu/jni:/lib/x86_64-linux-gnu:/usr/lib/x86_64-linux-gnu:/usr/lib/jni:/lib:/usr/lib
Oct 30, 2014 7:28:56 PM org.apache.coyote.http11.Http11Protocol init
INFO: Initializing Coyote HTTP/1.1 on http-16310
Oct 30, 2014 7:28:56 PM org.apache.catalina.startup.Catalina load
INFO: Initialization processed in 640 ms
Oct 30, 2014 7:28:56 PM org.apache.catalina.core.StandardService start
INFO: Starting service Catalina
Oct 30, 2014 7:28:56 PM org.apache.catalina.core.StandardEngine start
INFO: Starting Servlet Engine: Apache Tomcat/6.0.35
Oct 30, 2014 7:28:56 PM org.apache.catalina.startup.HostConfig deployDirectory
INFO: Deploying web application directory ROOT
Oct 30, 2014 7:28:56 PM org.apache.catalina.startup.HostConfig deployDirectory
INFO: Deploying web application directory OnlineImageProcess
Oct 30, 2014 7:28:56 PM org.apache.catalina.startup.HostConfig deployDirectory
INFO: Deploying web application directory proj1
Oct 30, 2014 7:28:56 PM org.apache.coyote.http11.Http11Protocol start
INFO: Starting Coyote HTTP/1.1 on http-16310
Oct 30, 2014 7:28:56 PM org.apache.jk.common.ChannelSocket init
INFO: JK: ajp13 listening on /0.0.0.0:8009
Oct 30, 2014 7:28:56 PM org.apache.jk.server.JkMain start
INFO: Jk running ID=0 time=0/20  config=null
Oct 30, 2014 7:28:56 PM org.apache.catalina.startup.Catalina start
INFO: Server startup in 412 ms
Oct 30, 2014 7:42:38 PM org.apache.coyote.http11.Http11Protocol pause
INFO: Pausing Coyote HTTP/1.1 on http-16310
Oct 30, 2014 7:42:39 PM org.apache.catalina.core.StandardService stop
INFO: Stopping service Catalina
Oct 30, 2014 7:42:39 PM org.apache.catalina.loader.WebappClassLoader clearReferencesJdbc
SEVERE: The web application [/OnlineImageProcess] registered the JDBC driver [oracle.jdbc.OracleDriver] but failed to unregister it when the web application was stopped. To prevent a memory leak, the JDBC Driver has been forcibly unregistered.
Oct 30, 2014 7:42:39 PM org.apache.coyote.http11.Http11Protocol destroy
INFO: Stopping Coyote HTTP/1.1 on http-16310
Oct 30, 2014 7:44:14 PM org.apache.catalina.core.AprLifecycleListener init
INFO: The APR based Apache Tomcat Native library which allows optimal performance in production environments was not found on the java.library.path: /usr/lib/jvm/java-6-openjdk-amd64/jre/lib/amd64/server:/usr/lib/jvm/java-6-openjdk-amd64/jre/lib/amd64:/usr/lib/jvm/java-6-openjdk-amd64/jre/../lib/amd64:/oracle/lib:/usr/java/packages/lib/amd64:/usr/lib/x86_64-linux-gnu/jni:/lib/x86_64-linux-gnu:/usr/lib/x86_64-linux-gnu:/usr/lib/jni:/lib:/usr/lib
Oct 30, 2014 7:44:14 PM org.apache.coyote.http11.Http11Protocol init
INFO: Initializing Coyote HTTP/1.1 on http-16310
Oct 30, 2014 7:44:14 PM org.apache.catalina.startup.Catalina load
INFO: Initialization processed in 649 ms
Oct 30, 2014 7:44:15 PM org.apache.catalina.core.StandardService start
INFO: Starting service Catalina
Oct 30, 2014 7:44:15 PM org.apache.catalina.core.StandardEngine start
INFO: Starting Servlet Engine: Apache Tomcat/6.0.35
Oct 30, 2014 7:44:15 PM org.apache.catalina.startup.HostConfig deployDirectory
INFO: Deploying web application directory ROOT
Oct 30, 2014 7:44:15 PM org.apache.catalina.startup.HostConfig deployDirectory
INFO: Deploying web application directory OnlineImageProcess
Oct 30, 2014 7:44:15 PM org.apache.catalina.startup.HostConfig deployDirectory
INFO: Deploying web application directory proj1
Oct 30, 2014 7:44:15 PM org.apache.coyote.http11.Http11Protocol start
INFO: Starting Coyote HTTP/1.1 on http-16310
Oct 30, 2014 7:44:15 PM org.apache.jk.common.ChannelSocket init
INFO: JK: ajp13 listening on /0.0.0.0:8009
Oct 30, 2014 7:44:15 PM org.apache.jk.server.JkMain start
INFO: Jk running ID=0 time=0/18  config=null
Oct 30, 2014 7:44:15 PM org.apache.catalina.startup.Catalina start
INFO: Server startup in 426 ms
Oct 30, 2014 7:44:23 PM org.apache.coyote.http11.Http11Protocol pause
INFO: Pausing Coyote HTTP/1.1 on http-16310
Oct 30, 2014 7:44:24 PM org.apache.catalina.core.StandardService stop
INFO: Stopping service Catalina
Oct 30, 2014 7:44:24 PM org.apache.coyote.http11.Http11Protocol destroy
INFO: Stopping Coyote HTTP/1.1 on http-16310
Oct 30, 2014 7:45:11 PM org.apache.catalina.core.AprLifecycleListener init
INFO: The APR based Apache Tomcat Native library which allows optimal performance in production environments was not found on the java.library.path: /usr/lib/jvm/java-6-openjdk-amd64/jre/lib/amd64/server:/usr/lib/jvm/java-6-openjdk-amd64/jre/lib/amd64:/usr/lib/jvm/java-6-openjdk-amd64/jre/../lib/amd64:/oracle/lib:/usr/java/packages/lib/amd64:/usr/lib/x86_64-linux-gnu/jni:/lib/x86_64-linux-gnu:/usr/lib/x86_64-linux-gnu:/usr/lib/jni:/lib:/usr/lib
Oct 30, 2014 7:45:11 PM org.apache.coyote.http11.Http11Protocol init
INFO: Initializing Coyote HTTP/1.1 on http-16310
Oct 30, 2014 7:45:11 PM org.apache.catalina.startup.Catalina load
INFO: Initialization processed in 647 ms
Oct 30, 2014 7:45:11 PM org.apache.catalina.core.StandardService start
INFO: Starting service Catalina
Oct 30, 2014 7:45:11 PM org.apache.catalina.core.StandardEngine start
INFO: Starting Servlet Engine: Apache Tomcat/6.0.35
Oct 30, 2014 7:45:11 PM org.apache.catalina.startup.HostConfig deployDirectory
INFO: Deploying web application directory ROOT
Oct 30, 2014 7:45:12 PM org.apache.catalina.startup.HostConfig deployDirectory
INFO: Deploying web application directory OnlineImageProcess
Oct 30, 2014 7:45:12 PM org.apache.catalina.startup.HostConfig deployDirectory
INFO: Deploying web application directory proj1
Oct 30, 2014 7:45:12 PM org.apache.coyote.http11.Http11Protocol start
INFO: Starting Coyote HTTP/1.1 on http-16310
Oct 30, 2014 7:45:12 PM org.apache.jk.common.ChannelSocket init
INFO: JK: ajp13 listening on /0.0.0.0:8009
Oct 30, 2014 7:45:12 PM org.apache.jk.server.JkMain start
INFO: Jk running ID=0 time=0/20  config=null
Oct 30, 2014 7:45:12 PM org.apache.catalina.startup.Catalina start
INFO: Server startup in 411 ms
Oct 30, 2014 7:47:19 PM org.apache.coyote.http11.Http11Protocol pause
INFO: Pausing Coyote HTTP/1.1 on http-16310
Oct 30, 2014 7:47:20 PM org.apache.catalina.core.StandardService stop
INFO: Stopping service Catalina
Oct 30, 2014 7:47:20 PM org.apache.catalina.loader.WebappClassLoader clearReferencesJdbc
SEVERE: The web application [/proj1] registered the JDBC driver [oracle.jdbc.OracleDriver] but failed to unregister it when the web application was stopped. To prevent a memory leak, the JDBC Driver has been forcibly unregistered.
Oct 30, 2014 7:47:20 PM org.apache.coyote.http11.Http11Protocol destroy
INFO: Stopping Coyote HTTP/1.1 on http-16310
Oct 30, 2014 7:47:25 PM org.apache.catalina.core.AprLifecycleListener init
INFO: The APR based Apache Tomcat Native library which allows optimal performance in production environments was not found on the java.library.path: /usr/lib/jvm/java-6-openjdk-amd64/jre/lib/amd64/server:/usr/lib/jvm/java-6-openjdk-amd64/jre/lib/amd64:/usr/lib/jvm/java-6-openjdk-amd64/jre/../lib/amd64:/oracle/lib:/usr/java/packages/lib/amd64:/usr/lib/x86_64-linux-gnu/jni:/lib/x86_64-linux-gnu:/usr/lib/x86_64-linux-gnu:/usr/lib/jni:/lib:/usr/lib
Oct 30, 2014 7:47:25 PM org.apache.coyote.http11.Http11Protocol init
INFO: Initializing Coyote HTTP/1.1 on http-16310
Oct 30, 2014 7:47:25 PM org.apache.catalina.startup.Catalina load
INFO: Initialization processed in 635 ms
Oct 30, 2014 7:47:25 PM org.apache.catalina.core.StandardService start
INFO: Starting service Catalina
Oct 30, 2014 7:47:25 PM org.apache.catalina.core.StandardEngine start
INFO: Starting Servlet Engine: Apache Tomcat/6.0.35
Oct 30, 2014 7:47:25 PM org.apache.catalina.startup.HostConfig deployDirectory
INFO: Deploying web application directory ROOT
Oct 30, 2014 7:47:25 PM org.apache.catalina.startup.HostConfig deployDirectory
INFO: Deploying web application directory OnlineImageProcess
Oct 30, 2014 7:47:25 PM org.apache.catalina.startup.HostConfig deployDirectory
INFO: Deploying web application directory proj1
Oct 30, 2014 7:47:25 PM org.apache.coyote.http11.Http11Protocol start
INFO: Starting Coyote HTTP/1.1 on http-16310
Oct 30, 2014 7:47:25 PM org.apache.jk.common.ChannelSocket init
INFO: JK: ajp13 listening on /0.0.0.0:8009
Oct 30, 2014 7:47:25 PM org.apache.jk.server.JkMain start
INFO: Jk running ID=0 time=0/48  config=null
Oct 30, 2014 7:47:25 PM org.apache.catalina.startup.Catalina start
INFO: Server startup in 472 ms
Oct 30, 2014 7:47:49 PM org.apache.coyote.http11.Http11Protocol pause
INFO: Pausing Coyote HTTP/1.1 on http-16310
Oct 30, 2014 7:47:50 PM org.apache.catalina.core.StandardService stop
INFO: Stopping service Catalina
Oct 30, 2014 7:47:50 PM org.apache.catalina.loader.WebappClassLoader clearReferencesJdbc
SEVERE: The web application [/proj1] registered the JDBC driver [oracle.jdbc.OracleDriver] but failed to unregister it when the web application was stopped. To prevent a memory leak, the JDBC Driver has been forcibly unregistered.
Oct 30, 2014 7:47:50 PM org.apache.coyote.http11.Http11Protocol destroy
INFO: Stopping Coyote HTTP/1.1 on http-16310
