Oct 29, 2014 3:50:44 PM org.apache.catalina.core.AprLifecycleListener init
INFO: The APR based Apache Tomcat Native library which allows optimal performance in production environments was not found on the java.library.path: /usr/lib/jvm/java-6-openjdk-amd64/jre/lib/amd64/server:/usr/lib/jvm/java-6-openjdk-amd64/jre/lib/amd64:/usr/lib/jvm/java-6-openjdk-amd64/jre/../lib/amd64:/oracle/lib:/usr/java/packages/lib/amd64:/usr/lib/x86_64-linux-gnu/jni:/lib/x86_64-linux-gnu:/usr/lib/x86_64-linux-gnu:/usr/lib/jni:/lib:/usr/lib
Oct 29, 2014 3:50:45 PM org.apache.coyote.http11.Http11Protocol init
INFO: Initializing Coyote HTTP/1.1 on http-16310
Oct 29, 2014 3:50:45 PM org.apache.catalina.startup.Catalina load
INFO: Initialization processed in 682 ms
Oct 29, 2014 3:50:45 PM org.apache.catalina.core.StandardService start
INFO: Starting service Catalina
Oct 29, 2014 3:50:45 PM org.apache.catalina.core.StandardEngine start
INFO: Starting Servlet Engine: Apache Tomcat/6.0.35
Oct 29, 2014 3:50:45 PM org.apache.catalina.startup.HostConfig deployDirectory
INFO: Deploying web application directory ROOT
Oct 29, 2014 3:50:45 PM org.apache.catalina.startup.HostConfig deployDirectory
INFO: Deploying web application directory proj1
Oct 29, 2014 3:50:45 PM org.apache.coyote.http11.Http11Protocol start
INFO: Starting Coyote HTTP/1.1 on http-16310
Oct 29, 2014 3:50:45 PM org.apache.jk.common.ChannelSocket init
INFO: JK: ajp13 listening on /0.0.0.0:8009
Oct 29, 2014 3:50:45 PM org.apache.jk.server.JkMain start
INFO: Jk running ID=0 time=0/15  config=null
Oct 29, 2014 3:50:45 PM org.apache.catalina.startup.Catalina start
INFO: Server startup in 575 ms
Oct 29, 2014 3:53:15 PM org.apache.catalina.startup.HostConfig deployDirectory
INFO: Deploying web application directory OnlineImageProcess
Oct 29, 2014 3:53:35 PM org.apache.catalina.startup.HostConfig checkResources
INFO: Reloading context [/OnlineImageProcess]
Oct 29, 2014 4:43:38 PM org.apache.coyote.http11.Http11Protocol pause
INFO: Pausing Coyote HTTP/1.1 on http-16310
Oct 29, 2014 4:43:39 PM org.apache.catalina.core.StandardService stop
INFO: Stopping service Catalina
Oct 29, 2014 4:43:39 PM org.apache.catalina.loader.WebappClassLoader clearReferencesJdbc
SEVERE: The web application [/OnlineImageProcess] registered the JDBC driver [oracle.jdbc.OracleDriver] but failed to unregister it when the web application was stopped. To prevent a memory leak, the JDBC Driver has been forcibly unregistered.
Oct 29, 2014 4:43:39 PM org.apache.coyote.http11.Http11Protocol destroy
INFO: Stopping Coyote HTTP/1.1 on http-16310
Oct 29, 2014 5:16:46 PM org.apache.catalina.core.AprLifecycleListener init
INFO: The APR based Apache Tomcat Native library which allows optimal performance in production environments was not found on the java.library.path: /usr/lib/jvm/java-6-openjdk-amd64/jre/lib/amd64/server:/usr/lib/jvm/java-6-openjdk-amd64/jre/lib/amd64:/usr/lib/jvm/java-6-openjdk-amd64/jre/../lib/amd64:/oracle/lib:/usr/java/packages/lib/amd64:/usr/lib/x86_64-linux-gnu/jni:/lib/x86_64-linux-gnu:/usr/lib/x86_64-linux-gnu:/usr/lib/jni:/lib:/usr/lib
Oct 29, 2014 5:16:46 PM org.apache.coyote.http11.Http11Protocol init
INFO: Initializing Coyote HTTP/1.1 on http-16310
Oct 29, 2014 5:16:46 PM org.apache.catalina.startup.Catalina load
INFO: Initialization processed in 723 ms
Oct 29, 2014 5:16:46 PM org.apache.catalina.core.StandardService start
INFO: Starting service Catalina
Oct 29, 2014 5:16:46 PM org.apache.catalina.core.StandardEngine start
INFO: Starting Servlet Engine: Apache Tomcat/6.0.35
Oct 29, 2014 5:16:46 PM org.apache.catalina.startup.HostConfig deployDirectory
INFO: Deploying web application directory ROOT
Oct 29, 2014 5:16:47 PM org.apache.catalina.startup.HostConfig deployDirectory
INFO: Deploying web application directory OnlineImageProcess
Oct 29, 2014 5:16:47 PM org.apache.catalina.startup.HostConfig deployDirectory
INFO: Deploying web application directory proj1
Oct 29, 2014 5:16:47 PM org.apache.coyote.http11.Http11Protocol start
INFO: Starting Coyote HTTP/1.1 on http-16310
Oct 29, 2014 5:16:47 PM org.apache.jk.common.ChannelSocket init
INFO: JK: ajp13 listening on /0.0.0.0:8009
Oct 29, 2014 5:16:47 PM org.apache.jk.server.JkMain start
INFO: Jk running ID=0 time=0/17  config=null
Oct 29, 2014 5:16:47 PM org.apache.catalina.startup.Catalina start
INFO: Server startup in 747 ms
Oct 29, 2014 5:39:42 PM org.apache.coyote.http11.Http11Protocol pause
INFO: Pausing Coyote HTTP/1.1 on http-16310
Oct 29, 2014 5:39:43 PM org.apache.catalina.core.StandardService stop
INFO: Stopping service Catalina
Oct 29, 2014 5:39:43 PM org.apache.catalina.loader.WebappClassLoader clearReferencesJdbc
SEVERE: The web application [/OnlineImageProcess] registered the JDBC driver [oracle.jdbc.OracleDriver] but failed to unregister it when the web application was stopped. To prevent a memory leak, the JDBC Driver has been forcibly unregistered.
Oct 29, 2014 5:39:43 PM org.apache.coyote.http11.Http11Protocol destroy
INFO: Stopping Coyote HTTP/1.1 on http-16310
