Nov 1, 2014 10:43:21 AM org.apache.catalina.core.AprLifecycleListener init
INFO: The APR based Apache Tomcat Native library which allows optimal performance in production environments was not found on the java.library.path: /usr/lib/jvm/java-6-openjdk-amd64/jre/lib/amd64/server:/usr/lib/jvm/java-6-openjdk-amd64/jre/lib/amd64:/usr/lib/jvm/java-6-openjdk-amd64/jre/../lib/amd64:/oracle/lib:/usr/java/packages/lib/amd64:/usr/lib/x86_64-linux-gnu/jni:/lib/x86_64-linux-gnu:/usr/lib/x86_64-linux-gnu:/usr/lib/jni:/lib:/usr/lib
Nov 1, 2014 10:43:22 AM org.apache.coyote.http11.Http11Protocol init
INFO: Initializing Coyote HTTP/1.1 on http-16310
Nov 1, 2014 10:43:22 AM org.apache.catalina.startup.Catalina load
INFO: Initialization processed in 1520 ms
Nov 1, 2014 10:43:22 AM org.apache.catalina.core.StandardService start
INFO: Starting service Catalina
Nov 1, 2014 10:43:22 AM org.apache.catalina.core.StandardEngine start
INFO: Starting Servlet Engine: Apache Tomcat/6.0.35
Nov 1, 2014 10:43:22 AM org.apache.catalina.startup.HostConfig deployDirectory
INFO: Deploying web application directory ROOT
Nov 1, 2014 10:43:22 AM org.apache.catalina.startup.HostConfig deployDirectory
INFO: Deploying web application directory OnlineImageProcess
Nov 1, 2014 10:43:23 AM org.apache.catalina.startup.HostConfig deployDirectory
INFO: Deploying web application directory proj1
Nov 1, 2014 10:43:23 AM org.apache.coyote.http11.Http11Protocol start
INFO: Starting Coyote HTTP/1.1 on http-16310
Nov 1, 2014 10:43:23 AM org.apache.jk.common.ChannelSocket init
INFO: JK: ajp13 listening on /0.0.0.0:8009
Nov 1, 2014 10:43:23 AM org.apache.jk.server.JkMain start
INFO: Jk running ID=0 time=0/28  config=null
Nov 1, 2014 10:43:23 AM org.apache.catalina.startup.Catalina start
INFO: Server startup in 1539 ms
Nov 1, 2014 11:20:47 AM org.apache.coyote.http11.Http11Protocol pause
INFO: Pausing Coyote HTTP/1.1 on http-16310
Nov 1, 2014 11:20:48 AM org.apache.catalina.core.StandardService stop
INFO: Stopping service Catalina
Nov 1, 2014 11:20:48 AM org.apache.coyote.http11.Http11Protocol destroy
INFO: Stopping Coyote HTTP/1.1 on http-16310
Nov 1, 2014 11:21:18 AM org.apache.catalina.core.AprLifecycleListener init
INFO: The APR based Apache Tomcat Native library which allows optimal performance in production environments was not found on the java.library.path: /usr/lib/jvm/java-6-openjdk-amd64/jre/lib/amd64/server:/usr/lib/jvm/java-6-openjdk-amd64/jre/lib/amd64:/usr/lib/jvm/java-6-openjdk-amd64/jre/../lib/amd64:/oracle/lib:/usr/java/packages/lib/amd64:/usr/lib/x86_64-linux-gnu/jni:/lib/x86_64-linux-gnu:/usr/lib/x86_64-linux-gnu:/usr/lib/jni:/lib:/usr/lib
Nov 1, 2014 11:21:19 AM org.apache.coyote.http11.Http11Protocol init
INFO: Initializing Coyote HTTP/1.1 on http-16310
Nov 1, 2014 11:21:19 AM org.apache.catalina.startup.Catalina load
INFO: Initialization processed in 725 ms
Nov 1, 2014 11:21:19 AM org.apache.catalina.core.StandardService start
INFO: Starting service Catalina
Nov 1, 2014 11:21:19 AM org.apache.catalina.core.StandardEngine start
INFO: Starting Servlet Engine: Apache Tomcat/6.0.35
Nov 1, 2014 11:21:19 AM org.apache.catalina.startup.HostConfig deployDirectory
INFO: Deploying web application directory ROOT
Nov 1, 2014 11:21:19 AM org.apache.catalina.startup.HostConfig deployDirectory
INFO: Deploying web application directory OnlineImageProcess
Nov 1, 2014 11:21:19 AM org.apache.catalina.startup.HostConfig deployDirectory
INFO: Deploying web application directory proj1
Nov 1, 2014 11:21:19 AM org.apache.coyote.http11.Http11Protocol start
INFO: Starting Coyote HTTP/1.1 on http-16310
Nov 1, 2014 11:21:19 AM org.apache.jk.common.ChannelSocket init
INFO: JK: ajp13 listening on /0.0.0.0:8009
Nov 1, 2014 11:21:19 AM org.apache.jk.server.JkMain start
INFO: Jk running ID=0 time=0/69  config=null
Nov 1, 2014 11:21:19 AM org.apache.catalina.startup.Catalina start
INFO: Server startup in 478 ms
Nov 1, 2014 11:31:02 AM org.apache.coyote.http11.Http11Protocol pause
INFO: Pausing Coyote HTTP/1.1 on http-16310
Nov 1, 2014 11:31:03 AM org.apache.catalina.core.StandardService stop
INFO: Stopping service Catalina
Nov 1, 2014 11:31:03 AM org.apache.coyote.http11.Http11Protocol destroy
INFO: Stopping Coyote HTTP/1.1 on http-16310
Nov 1, 2014 2:52:57 PM org.apache.catalina.core.AprLifecycleListener init
INFO: The APR based Apache Tomcat Native library which allows optimal performance in production environments was not found on the java.library.path: /usr/lib/jvm/java-6-openjdk-amd64/jre/lib/amd64/server:/usr/lib/jvm/java-6-openjdk-amd64/jre/lib/amd64:/usr/lib/jvm/java-6-openjdk-amd64/jre/../lib/amd64:/oracle/lib:/usr/java/packages/lib/amd64:/usr/lib/x86_64-linux-gnu/jni:/lib/x86_64-linux-gnu:/usr/lib/x86_64-linux-gnu:/usr/lib/jni:/lib:/usr/lib
Nov 1, 2014 2:52:58 PM org.apache.coyote.http11.Http11Protocol init
INFO: Initializing Coyote HTTP/1.1 on http-16310
Nov 1, 2014 2:52:58 PM org.apache.catalina.startup.Catalina load
INFO: Initialization processed in 1363 ms
Nov 1, 2014 2:52:58 PM org.apache.catalina.core.StandardService start
INFO: Starting service Catalina
Nov 1, 2014 2:52:58 PM org.apache.catalina.core.StandardEngine start
INFO: Starting Servlet Engine: Apache Tomcat/6.0.35
Nov 1, 2014 2:52:58 PM org.apache.catalina.startup.HostConfig deployDirectory
INFO: Deploying web application directory ROOT
Nov 1, 2014 2:52:58 PM org.apache.catalina.startup.HostConfig deployDirectory
INFO: Deploying web application directory OnlineImageProcess
Nov 1, 2014 2:52:59 PM org.apache.catalina.startup.HostConfig deployDirectory
INFO: Deploying web application directory proj1
Nov 1, 2014 2:52:59 PM org.apache.coyote.http11.Http11Protocol start
INFO: Starting Coyote HTTP/1.1 on http-16310
Nov 1, 2014 2:52:59 PM org.apache.jk.common.ChannelSocket init
INFO: JK: ajp13 listening on /0.0.0.0:8009
Nov 1, 2014 2:52:59 PM org.apache.jk.server.JkMain start
INFO: Jk running ID=0 time=0/24  config=null
Nov 1, 2014 2:52:59 PM org.apache.catalina.startup.Catalina start
INFO: Server startup in 1050 ms
Nov 1, 2014 2:55:44 PM org.apache.coyote.http11.Http11Protocol pause
INFO: Pausing Coyote HTTP/1.1 on http-16310
Nov 1, 2014 2:55:45 PM org.apache.catalina.core.StandardService stop
INFO: Stopping service Catalina
Nov 1, 2014 2:55:45 PM org.apache.catalina.loader.WebappClassLoader clearReferencesJdbc
SEVERE: The web application [/OnlineImageProcess] registered the JDBC driver [oracle.jdbc.OracleDriver] but failed to unregister it when the web application was stopped. To prevent a memory leak, the JDBC Driver has been forcibly unregistered.
Nov 1, 2014 2:55:45 PM org.apache.coyote.http11.Http11Protocol destroy
INFO: Stopping Coyote HTTP/1.1 on http-16310
Nov 1, 2014 3:58:44 PM org.apache.catalina.core.AprLifecycleListener init
INFO: The APR based Apache Tomcat Native library which allows optimal performance in production environments was not found on the java.library.path: /usr/lib/jvm/java-6-openjdk-amd64/jre/lib/amd64/server:/usr/lib/jvm/java-6-openjdk-amd64/jre/lib/amd64:/usr/lib/jvm/java-6-openjdk-amd64/jre/../lib/amd64:/oracle/lib:/usr/java/packages/lib/amd64:/usr/lib/x86_64-linux-gnu/jni:/lib/x86_64-linux-gnu:/usr/lib/x86_64-linux-gnu:/usr/lib/jni:/lib:/usr/lib
Nov 1, 2014 3:58:45 PM org.apache.coyote.http11.Http11Protocol init
INFO: Initializing Coyote HTTP/1.1 on http-16310
Nov 1, 2014 3:58:45 PM org.apache.catalina.startup.Catalina load
INFO: Initialization processed in 1551 ms
Nov 1, 2014 3:58:45 PM org.apache.catalina.core.StandardService start
INFO: Starting service Catalina
Nov 1, 2014 3:58:45 PM org.apache.catalina.core.StandardEngine start
INFO: Starting Servlet Engine: Apache Tomcat/6.0.35
Nov 1, 2014 3:58:45 PM org.apache.catalina.startup.HostConfig deployDirectory
INFO: Deploying web application directory ROOT
Nov 1, 2014 3:58:46 PM org.apache.catalina.startup.HostConfig deployDirectory
INFO: Deploying web application directory OnlineImageProcess
Nov 1, 2014 3:58:46 PM org.apache.catalina.startup.HostConfig deployDirectory
INFO: Deploying web application directory proj1
Nov 1, 2014 3:58:46 PM org.apache.coyote.http11.Http11Protocol start
INFO: Starting Coyote HTTP/1.1 on http-16310
Nov 1, 2014 3:58:46 PM org.apache.jk.common.ChannelSocket init
INFO: JK: ajp13 listening on /0.0.0.0:8009
Nov 1, 2014 3:58:46 PM org.apache.jk.server.JkMain start
INFO: Jk running ID=0 time=0/31  config=null
Nov 1, 2014 3:58:46 PM org.apache.catalina.startup.Catalina start
INFO: Server startup in 1169 ms
Nov 1, 2014 4:02:35 PM org.apache.coyote.http11.Http11Protocol pause
INFO: Pausing Coyote HTTP/1.1 on http-16310
Nov 1, 2014 4:02:36 PM org.apache.catalina.core.StandardService stop
INFO: Stopping service Catalina
Nov 1, 2014 4:02:36 PM org.apache.catalina.loader.WebappClassLoader clearReferencesJdbc
SEVERE: The web application [/OnlineImageProcess] registered the JDBC driver [oracle.jdbc.OracleDriver] but failed to unregister it when the web application was stopped. To prevent a memory leak, the JDBC Driver has been forcibly unregistered.
Nov 1, 2014 4:02:36 PM org.apache.coyote.http11.Http11Protocol destroy
INFO: Stopping Coyote HTTP/1.1 on http-16310
