Nov 12, 2014 2:13:46 PM org.apache.catalina.core.AprLifecycleListener init
INFO: The APR based Apache Tomcat Native library which allows optimal performance in production environments was not found on the java.library.path: /usr/lib/jvm/java-6-openjdk-amd64/jre/lib/amd64/server:/usr/lib/jvm/java-6-openjdk-amd64/jre/lib/amd64:/usr/lib/jvm/java-6-openjdk-amd64/jre/../lib/amd64:/oracle/lib:/usr/java/packages/lib/amd64:/usr/lib/x86_64-linux-gnu/jni:/lib/x86_64-linux-gnu:/usr/lib/x86_64-linux-gnu:/usr/lib/jni:/lib:/usr/lib
Nov 12, 2014 2:13:47 PM org.apache.coyote.http11.Http11Protocol init
INFO: Initializing Coyote HTTP/1.1 on http-16310
Nov 12, 2014 2:13:47 PM org.apache.catalina.startup.Catalina load
INFO: Initialization processed in 1251 ms
Nov 12, 2014 2:13:47 PM org.apache.catalina.core.StandardService start
INFO: Starting service Catalina
Nov 12, 2014 2:13:47 PM org.apache.catalina.core.StandardEngine start
INFO: Starting Servlet Engine: Apache Tomcat/6.0.35
Nov 12, 2014 2:13:47 PM org.apache.catalina.startup.HostConfig deployDirectory
INFO: Deploying web application directory Concur
Nov 12, 2014 2:13:47 PM org.apache.catalina.startup.HostConfig deployDirectory
INFO: Deploying web application directory ROOT
Nov 12, 2014 2:13:47 PM org.apache.catalina.startup.HostConfig deployDirectory
INFO: Deploying web application directory OnlineImageProcess
Nov 12, 2014 2:13:48 PM org.apache.catalina.startup.HostConfig deployDirectory
INFO: Deploying web application directory File Upload Applet_files
Nov 12, 2014 2:13:48 PM org.apache.catalina.startup.HostConfig deployDirectory
INFO: Deploying web application directory proj1
Nov 12, 2014 2:13:48 PM org.apache.catalina.startup.HostConfig deployDirectory
INFO: Deploying web application directory Banff Park_files
Nov 12, 2014 2:13:48 PM org.apache.catalina.startup.HostConfig deployDirectory
INFO: Deploying web application directory OnlineInformationSystem
Nov 12, 2014 2:13:48 PM org.apache.coyote.http11.Http11Protocol start
INFO: Starting Coyote HTTP/1.1 on http-16310
Nov 12, 2014 2:13:48 PM org.apache.jk.common.ChannelSocket init
INFO: JK: ajp13 listening on /0.0.0.0:8009
Nov 12, 2014 2:13:48 PM org.apache.jk.server.JkMain start
INFO: Jk running ID=0 time=0/34  config=null
Nov 12, 2014 2:13:48 PM org.apache.catalina.startup.Catalina start
INFO: Server startup in 1878 ms
Nov 12, 2014 2:17:35 PM org.apache.coyote.http11.Http11Protocol pause
INFO: Pausing Coyote HTTP/1.1 on http-16310
Nov 12, 2014 2:17:36 PM org.apache.catalina.core.StandardService stop
INFO: Stopping service Catalina
Nov 12, 2014 2:17:36 PM org.apache.catalina.loader.WebappClassLoader clearReferencesJdbc
SEVERE: The web application [/OnlineImageProcess] registered the JDBC driver [oracle.jdbc.OracleDriver] but failed to unregister it when the web application was stopped. To prevent a memory leak, the JDBC Driver has been forcibly unregistered.
Nov 12, 2014 2:17:36 PM org.apache.coyote.http11.Http11Protocol destroy
INFO: Stopping Coyote HTTP/1.1 on http-16310
Nov 12, 2014 3:29:46 PM org.apache.catalina.core.AprLifecycleListener init
INFO: The APR based Apache Tomcat Native library which allows optimal performance in production environments was not found on the java.library.path: /usr/lib/jvm/java-6-openjdk-amd64/jre/lib/amd64/server:/usr/lib/jvm/java-6-openjdk-amd64/jre/lib/amd64:/usr/lib/jvm/java-6-openjdk-amd64/jre/../lib/amd64:/oracle/lib:/usr/java/packages/lib/amd64:/usr/lib/x86_64-linux-gnu/jni:/lib/x86_64-linux-gnu:/usr/lib/x86_64-linux-gnu:/usr/lib/jni:/lib:/usr/lib
Nov 12, 2014 3:29:47 PM org.apache.coyote.http11.Http11Protocol init
INFO: Initializing Coyote HTTP/1.1 on http-16310
Nov 12, 2014 3:29:47 PM org.apache.catalina.startup.Catalina load
INFO: Initialization processed in 1500 ms
Nov 12, 2014 3:29:47 PM org.apache.catalina.core.StandardService start
INFO: Starting service Catalina
Nov 12, 2014 3:29:47 PM org.apache.catalina.core.StandardEngine start
INFO: Starting Servlet Engine: Apache Tomcat/6.0.35
Nov 12, 2014 3:29:47 PM org.apache.catalina.startup.HostConfig deployDirectory
INFO: Deploying web application directory Concur
Nov 12, 2014 3:29:47 PM org.apache.catalina.startup.HostConfig deployDirectory
INFO: Deploying web application directory ROOT
Nov 12, 2014 3:29:47 PM org.apache.catalina.startup.HostConfig deployDirectory
INFO: Deploying web application directory OnlineImageProcess
Nov 12, 2014 3:29:47 PM org.apache.catalina.startup.HostConfig deployDirectory
INFO: Deploying web application directory File Upload Applet_files
Nov 12, 2014 3:29:48 PM org.apache.catalina.startup.HostConfig deployDirectory
INFO: Deploying web application directory proj1
Nov 12, 2014 3:29:48 PM org.apache.catalina.startup.HostConfig deployDirectory
INFO: Deploying web application directory Banff Park_files
Nov 12, 2014 3:29:48 PM org.apache.catalina.startup.HostConfig deployDirectory
INFO: Deploying web application directory OnlineInformationSystem
Nov 12, 2014 3:29:48 PM org.apache.coyote.http11.Http11Protocol start
INFO: Starting Coyote HTTP/1.1 on http-16310
Nov 12, 2014 3:29:48 PM org.apache.jk.common.ChannelSocket init
INFO: JK: ajp13 listening on /0.0.0.0:8009
Nov 12, 2014 3:29:48 PM org.apache.jk.server.JkMain start
INFO: Jk running ID=0 time=0/33  config=null
Nov 12, 2014 3:29:48 PM org.apache.catalina.startup.Catalina start
INFO: Server startup in 1488 ms
Nov 12, 2014 4:55:47 PM org.apache.coyote.http11.Http11Protocol pause
INFO: Pausing Coyote HTTP/1.1 on http-16310
Nov 12, 2014 4:55:48 PM org.apache.catalina.core.StandardService stop
INFO: Stopping service Catalina
Nov 12, 2014 4:55:48 PM org.apache.catalina.loader.WebappClassLoader clearReferencesJdbc
SEVERE: The web application [/OnlineImageProcess] registered the JDBC driver [oracle.jdbc.OracleDriver] but failed to unregister it when the web application was stopped. To prevent a memory leak, the JDBC Driver has been forcibly unregistered.
Nov 12, 2014 4:55:48 PM org.apache.coyote.http11.Http11Protocol destroy
INFO: Stopping Coyote HTTP/1.1 on http-16310
Nov 12, 2014 4:55:54 PM org.apache.catalina.core.AprLifecycleListener init
INFO: The APR based Apache Tomcat Native library which allows optimal performance in production environments was not found on the java.library.path: /usr/lib/jvm/java-6-openjdk-amd64/jre/lib/amd64/server:/usr/lib/jvm/java-6-openjdk-amd64/jre/lib/amd64:/usr/lib/jvm/java-6-openjdk-amd64/jre/../lib/amd64:/oracle/lib:/usr/java/packages/lib/amd64:/usr/lib/x86_64-linux-gnu/jni:/lib/x86_64-linux-gnu:/usr/lib/x86_64-linux-gnu:/usr/lib/jni:/lib:/usr/lib
Nov 12, 2014 4:55:54 PM org.apache.coyote.http11.Http11Protocol init
INFO: Initializing Coyote HTTP/1.1 on http-16310
Nov 12, 2014 4:55:54 PM org.apache.catalina.startup.Catalina load
INFO: Initialization processed in 712 ms
Nov 12, 2014 4:55:54 PM org.apache.catalina.core.StandardService start
INFO: Starting service Catalina
Nov 12, 2014 4:55:54 PM org.apache.catalina.core.StandardEngine start
INFO: Starting Servlet Engine: Apache Tomcat/6.0.35
Nov 12, 2014 4:55:54 PM org.apache.catalina.startup.HostConfig deployDirectory
INFO: Deploying web application directory Concur
Nov 12, 2014 4:55:54 PM org.apache.catalina.startup.HostConfig deployDirectory
INFO: Deploying web application directory ROOT
Nov 12, 2014 4:55:54 PM org.apache.catalina.startup.HostConfig deployDirectory
INFO: Deploying web application directory OnlineImageProcess
Nov 12, 2014 4:55:55 PM org.apache.catalina.startup.HostConfig deployDirectory
INFO: Deploying web application directory File Upload Applet_files
Nov 12, 2014 4:55:55 PM org.apache.catalina.startup.HostConfig deployDirectory
INFO: Deploying web application directory proj1
Nov 12, 2014 4:55:55 PM org.apache.catalina.startup.HostConfig deployDirectory
INFO: Deploying web application directory Banff Park_files
Nov 12, 2014 4:55:55 PM org.apache.catalina.startup.HostConfig deployDirectory
INFO: Deploying web application directory OnlineInformationSystem
Nov 12, 2014 4:55:55 PM org.apache.coyote.http11.Http11Protocol start
INFO: Starting Coyote HTTP/1.1 on http-16310
Nov 12, 2014 4:55:55 PM org.apache.jk.common.ChannelSocket init
INFO: JK: ajp13 listening on /0.0.0.0:8009
Nov 12, 2014 4:55:55 PM org.apache.jk.server.JkMain start
INFO: Jk running ID=0 time=0/26  config=null
Nov 12, 2014 4:55:55 PM org.apache.catalina.startup.Catalina start
INFO: Server startup in 702 ms
Nov 12, 2014 6:01:57 PM org.apache.coyote.http11.Http11Protocol pause
INFO: Pausing Coyote HTTP/1.1 on http-16310
Nov 12, 2014 6:01:58 PM org.apache.catalina.core.StandardService stop
INFO: Stopping service Catalina
Nov 12, 2014 6:01:58 PM org.apache.catalina.loader.WebappClassLoader clearReferencesJdbc
SEVERE: The web application [/OnlineImageProcess] registered the JDBC driver [oracle.jdbc.OracleDriver] but failed to unregister it when the web application was stopped. To prevent a memory leak, the JDBC Driver has been forcibly unregistered.
Nov 12, 2014 6:01:59 PM org.apache.coyote.http11.Http11Protocol destroy
INFO: Stopping Coyote HTTP/1.1 on http-16310
Nov 12, 2014 7:21:29 PM org.apache.catalina.core.AprLifecycleListener init
INFO: The APR based Apache Tomcat Native library which allows optimal performance in production environments was not found on the java.library.path: /usr/lib/jvm/java-6-openjdk-amd64/jre/lib/amd64/server:/usr/lib/jvm/java-6-openjdk-amd64/jre/lib/amd64:/usr/lib/jvm/java-6-openjdk-amd64/jre/../lib/amd64:/oracle/lib:/usr/java/packages/lib/amd64:/usr/lib/x86_64-linux-gnu/jni:/lib/x86_64-linux-gnu:/usr/lib/x86_64-linux-gnu:/usr/lib/jni:/lib:/usr/lib
Nov 12, 2014 7:21:29 PM org.apache.coyote.http11.Http11Protocol init
INFO: Initializing Coyote HTTP/1.1 on http-16310
Nov 12, 2014 7:21:29 PM org.apache.catalina.startup.Catalina load
INFO: Initialization processed in 870 ms
Nov 12, 2014 7:21:29 PM org.apache.catalina.core.StandardService start
INFO: Starting service Catalina
Nov 12, 2014 7:21:29 PM org.apache.catalina.core.StandardEngine start
INFO: Starting Servlet Engine: Apache Tomcat/6.0.35
Nov 12, 2014 7:21:29 PM org.apache.catalina.startup.HostConfig deployDirectory
INFO: Deploying web application directory Concur
Nov 12, 2014 7:21:30 PM org.apache.catalina.startup.HostConfig deployDirectory
INFO: Deploying web application directory ROOT
Nov 12, 2014 7:21:30 PM org.apache.catalina.startup.HostConfig deployDirectory
INFO: Deploying web application directory OnlineImageProcess
Nov 12, 2014 7:21:30 PM org.apache.catalina.startup.HostConfig deployDirectory
INFO: Deploying web application directory File Upload Applet_files
Nov 12, 2014 7:21:30 PM org.apache.catalina.startup.HostConfig deployDirectory
INFO: Deploying web application directory proj1
Nov 12, 2014 7:21:30 PM org.apache.catalina.startup.HostConfig deployDirectory
INFO: Deploying web application directory Banff Park_files
Nov 12, 2014 7:21:31 PM org.apache.catalina.startup.HostConfig deployDirectory
INFO: Deploying web application directory OnlineInformationSystem
Nov 12, 2014 7:21:31 PM org.apache.coyote.http11.Http11Protocol start
INFO: Starting Coyote HTTP/1.1 on http-16310
Nov 12, 2014 7:21:31 PM org.apache.jk.common.ChannelSocket init
INFO: JK: ajp13 listening on /0.0.0.0:8009
Nov 12, 2014 7:21:31 PM org.apache.jk.server.JkMain start
INFO: Jk running ID=0 time=0/47  config=null
Nov 12, 2014 7:21:31 PM org.apache.catalina.startup.Catalina start
INFO: Server startup in 1410 ms
Nov 12, 2014 8:38:50 PM org.apache.coyote.http11.Http11Protocol pause
INFO: Pausing Coyote HTTP/1.1 on http-16310
Nov 12, 2014 8:38:51 PM org.apache.catalina.core.StandardService stop
INFO: Stopping service Catalina
Nov 12, 2014 8:38:51 PM org.apache.catalina.loader.WebappClassLoader clearReferencesJdbc
SEVERE: The web application [/OnlineImageProcess] registered the JDBC driver [oracle.jdbc.OracleDriver] but failed to unregister it when the web application was stopped. To prevent a memory leak, the JDBC Driver has been forcibly unregistered.
Nov 12, 2014 8:38:51 PM org.apache.coyote.http11.Http11Protocol destroy
INFO: Stopping Coyote HTTP/1.1 on http-16310
