Nov 22, 2014 8:57:39 PM org.apache.catalina.core.StandardWrapperValve invoke
SEVERE: Servlet.service() for servlet GetOnePic threw exception
java.lang.IllegalStateException: Cannot forward after response has been committed
	at org.apache.catalina.core.ApplicationDispatcher.doForward(ApplicationDispatcher.java:312)
	at org.apache.catalina.core.ApplicationDispatcher.forward(ApplicationDispatcher.java:302)
	at GetOnePic.doGet(GetOnePic.java:107)
	at javax.servlet.http.HttpServlet.service(HttpServlet.java:617)
	at javax.servlet.http.HttpServlet.service(HttpServlet.java:717)
	at org.apache.catalina.core.ApplicationFilterChain.internalDoFilter(ApplicationFilterChain.java:290)
	at org.apache.catalina.core.ApplicationFilterChain.doFilter(ApplicationFilterChain.java:206)
	at org.apache.catalina.core.StandardWrapperValve.invoke(StandardWrapperValve.java:233)
	at org.apache.catalina.core.StandardContextValve.invoke(StandardContextValve.java:191)
	at org.apache.catalina.core.StandardHostValve.invoke(StandardHostValve.java:127)
	at org.apache.catalina.valves.ErrorReportValve.invoke(ErrorReportValve.java:102)
	at org.apache.catalina.core.StandardEngineValve.invoke(StandardEngineValve.java:109)
	at org.apache.catalina.connector.CoyoteAdapter.service(CoyoteAdapter.java:293)
	at org.apache.coyote.http11.Http11Processor.process(Http11Processor.java:859)
	at org.apache.coyote.http11.Http11Protocol$Http11ConnectionHandler.process(Http11Protocol.java:602)
	at org.apache.tomcat.util.net.JIoEndpoint$Worker.run(JIoEndpoint.java:489)
	at java.lang.Thread.run(Thread.java:701)
Nov 22, 2014 9:01:22 PM org.apache.catalina.core.StandardWrapperValve invoke
SEVERE: Servlet.service() for servlet jsp threw exception
java.sql.SQLIntegrityConstraintViolationException: ORA-00001: unique constraint (BTRINH.SYS_C00499081) violated

	at oracle.jdbc.driver.T4CTTIoer.processError(T4CTTIoer.java:439)
	at oracle.jdbc.driver.T4CTTIoer.processError(T4CTTIoer.java:395)
	at oracle.jdbc.driver.T4C8Oall.processError(T4C8Oall.java:802)
	at oracle.jdbc.driver.T4CTTIfun.receive(T4CTTIfun.java:436)
	at oracle.jdbc.driver.T4CTTIfun.doRPC(T4CTTIfun.java:186)
	at oracle.jdbc.driver.T4C8Oall.doOALL(T4C8Oall.java:521)
	at oracle.jdbc.driver.T4CStatement.doOall8(T4CStatement.java:194)
	at oracle.jdbc.driver.T4CStatement.executeForRows(T4CStatement.java:1000)
	at oracle.jdbc.driver.OracleStatement.doExecuteWithTimeout(OracleStatement.java:1307)
	at oracle.jdbc.driver.OracleStatement.executeQuery(OracleStatement.java:1469)
	at oracle.jdbc.driver.OracleStatementWrapper.executeQuery(OracleStatementWrapper.java:389)
	at org.apache.jsp.signup_jsp._jspService(signup_jsp.java:186)
	at org.apache.jasper.runtime.HttpJspBase.service(HttpJspBase.java:70)
	at javax.servlet.http.HttpServlet.service(HttpServlet.java:717)
	at org.apache.jasper.servlet.JspServletWrapper.service(JspServletWrapper.java:388)
	at org.apache.jasper.servlet.JspServlet.serviceJspFile(JspServlet.java:313)
	at org.apache.jasper.servlet.JspServlet.service(JspServlet.java:260)
	at javax.servlet.http.HttpServlet.service(HttpServlet.java:717)
	at org.apache.catalina.core.ApplicationFilterChain.internalDoFilter(ApplicationFilterChain.java:290)
	at org.apache.catalina.core.ApplicationFilterChain.doFilter(ApplicationFilterChain.java:206)
	at org.apache.catalina.core.StandardWrapperValve.invoke(StandardWrapperValve.java:233)
	at org.apache.catalina.core.StandardContextValve.invoke(StandardContextValve.java:191)
	at org.apache.catalina.core.StandardHostValve.invoke(StandardHostValve.java:127)
	at org.apache.catalina.valves.ErrorReportValve.invoke(ErrorReportValve.java:102)
	at org.apache.catalina.core.StandardEngineValve.invoke(StandardEngineValve.java:109)
	at org.apache.catalina.connector.CoyoteAdapter.service(CoyoteAdapter.java:293)
	at org.apache.coyote.http11.Http11Processor.process(Http11Processor.java:859)
	at org.apache.coyote.http11.Http11Protocol$Http11ConnectionHandler.process(Http11Protocol.java:602)
	at org.apache.tomcat.util.net.JIoEndpoint$Worker.run(JIoEndpoint.java:489)
	at java.lang.Thread.run(Thread.java:701)
Nov 22, 2014 9:02:44 PM org.apache.catalina.core.StandardWrapperValve invoke
SEVERE: Servlet.service() for servlet jsp threw exception
java.sql.SQLIntegrityConstraintViolationException: ORA-00001: unique constraint (BTRINH.SYS_C00499081) violated

	at oracle.jdbc.driver.T4CTTIoer.processError(T4CTTIoer.java:439)
	at oracle.jdbc.driver.T4CTTIoer.processError(T4CTTIoer.java:395)
	at oracle.jdbc.driver.T4C8Oall.processError(T4C8Oall.java:802)
	at oracle.jdbc.driver.T4CTTIfun.receive(T4CTTIfun.java:436)
	at oracle.jdbc.driver.T4CTTIfun.doRPC(T4CTTIfun.java:186)
	at oracle.jdbc.driver.T4C8Oall.doOALL(T4C8Oall.java:521)
	at oracle.jdbc.driver.T4CStatement.doOall8(T4CStatement.java:194)
	at oracle.jdbc.driver.T4CStatement.executeForRows(T4CStatement.java:1000)
	at oracle.jdbc.driver.OracleStatement.doExecuteWithTimeout(OracleStatement.java:1307)
	at oracle.jdbc.driver.OracleStatement.executeQuery(OracleStatement.java:1469)
	at oracle.jdbc.driver.OracleStatementWrapper.executeQuery(OracleStatementWrapper.java:389)
	at org.apache.jsp.signup_jsp._jspService(signup_jsp.java:186)
	at org.apache.jasper.runtime.HttpJspBase.service(HttpJspBase.java:70)
	at javax.servlet.http.HttpServlet.service(HttpServlet.java:717)
	at org.apache.jasper.servlet.JspServletWrapper.service(JspServletWrapper.java:388)
	at org.apache.jasper.servlet.JspServlet.serviceJspFile(JspServlet.java:313)
	at org.apache.jasper.servlet.JspServlet.service(JspServlet.java:260)
	at javax.servlet.http.HttpServlet.service(HttpServlet.java:717)
	at org.apache.catalina.core.ApplicationFilterChain.internalDoFilter(ApplicationFilterChain.java:290)
	at org.apache.catalina.core.ApplicationFilterChain.doFilter(ApplicationFilterChain.java:206)
	at org.apache.catalina.core.StandardWrapperValve.invoke(StandardWrapperValve.java:233)
	at org.apache.catalina.core.StandardContextValve.invoke(StandardContextValve.java:191)
	at org.apache.catalina.core.StandardHostValve.invoke(StandardHostValve.java:127)
	at org.apache.catalina.valves.ErrorReportValve.invoke(ErrorReportValve.java:102)
	at org.apache.catalina.core.StandardEngineValve.invoke(StandardEngineValve.java:109)
	at org.apache.catalina.connector.CoyoteAdapter.service(CoyoteAdapter.java:293)
	at org.apache.coyote.http11.Http11Processor.process(Http11Processor.java:859)
	at org.apache.coyote.http11.Http11Protocol$Http11ConnectionHandler.process(Http11Protocol.java:602)
	at org.apache.tomcat.util.net.JIoEndpoint$Worker.run(JIoEndpoint.java:489)
	at java.lang.Thread.run(Thread.java:701)
Nov 22, 2014 9:04:02 PM org.apache.catalina.core.StandardWrapperValve invoke
SEVERE: Servlet.service() for servlet jsp threw exception
java.sql.SQLIntegrityConstraintViolationException: ORA-00001: unique constraint (BTRINH.SYS_C00499081) violated

	at oracle.jdbc.driver.T4CTTIoer.processError(T4CTTIoer.java:439)
	at oracle.jdbc.driver.T4CTTIoer.processError(T4CTTIoer.java:395)
	at oracle.jdbc.driver.T4C8Oall.processError(T4C8Oall.java:802)
	at oracle.jdbc.driver.T4CTTIfun.receive(T4CTTIfun.java:436)
	at oracle.jdbc.driver.T4CTTIfun.doRPC(T4CTTIfun.java:186)
	at oracle.jdbc.driver.T4C8Oall.doOALL(T4C8Oall.java:521)
	at oracle.jdbc.driver.T4CStatement.doOall8(T4CStatement.java:194)
	at oracle.jdbc.driver.T4CStatement.executeForRows(T4CStatement.java:1000)
	at oracle.jdbc.driver.OracleStatement.doExecuteWithTimeout(OracleStatement.java:1307)
	at oracle.jdbc.driver.OracleStatement.executeQuery(OracleStatement.java:1469)
	at oracle.jdbc.driver.OracleStatementWrapper.executeQuery(OracleStatementWrapper.java:389)
	at org.apache.jsp.signup_jsp._jspService(signup_jsp.java:186)
	at org.apache.jasper.runtime.HttpJspBase.service(HttpJspBase.java:70)
	at javax.servlet.http.HttpServlet.service(HttpServlet.java:717)
	at org.apache.jasper.servlet.JspServletWrapper.service(JspServletWrapper.java:388)
	at org.apache.jasper.servlet.JspServlet.serviceJspFile(JspServlet.java:313)
	at org.apache.jasper.servlet.JspServlet.service(JspServlet.java:260)
	at javax.servlet.http.HttpServlet.service(HttpServlet.java:717)
	at org.apache.catalina.core.ApplicationFilterChain.internalDoFilter(ApplicationFilterChain.java:290)
	at org.apache.catalina.core.ApplicationFilterChain.doFilter(ApplicationFilterChain.java:206)
	at org.apache.catalina.core.StandardWrapperValve.invoke(StandardWrapperValve.java:233)
	at org.apache.catalina.core.StandardContextValve.invoke(StandardContextValve.java:191)
	at org.apache.catalina.core.StandardHostValve.invoke(StandardHostValve.java:127)
	at org.apache.catalina.valves.ErrorReportValve.invoke(ErrorReportValve.java:102)
	at org.apache.catalina.core.StandardEngineValve.invoke(StandardEngineValve.java:109)
	at org.apache.catalina.connector.CoyoteAdapter.service(CoyoteAdapter.java:293)
	at org.apache.coyote.http11.Http11Processor.process(Http11Processor.java:859)
	at org.apache.coyote.http11.Http11Protocol$Http11ConnectionHandler.process(Http11Protocol.java:602)
	at org.apache.tomcat.util.net.JIoEndpoint$Worker.run(JIoEndpoint.java:489)
	at java.lang.Thread.run(Thread.java:701)
Nov 22, 2014 9:04:38 PM org.apache.catalina.core.StandardWrapperValve invoke
SEVERE: Servlet.service() for servlet jsp threw exception
java.sql.SQLIntegrityConstraintViolationException: ORA-00001: unique constraint (BTRINH.SYS_C00499081) violated

	at oracle.jdbc.driver.T4CTTIoer.processError(T4CTTIoer.java:439)
	at oracle.jdbc.driver.T4CTTIoer.processError(T4CTTIoer.java:395)
	at oracle.jdbc.driver.T4C8Oall.processError(T4C8Oall.java:802)
	at oracle.jdbc.driver.T4CTTIfun.receive(T4CTTIfun.java:436)
	at oracle.jdbc.driver.T4CTTIfun.doRPC(T4CTTIfun.java:186)
	at oracle.jdbc.driver.T4C8Oall.doOALL(T4C8Oall.java:521)
	at oracle.jdbc.driver.T4CStatement.doOall8(T4CStatement.java:194)
	at oracle.jdbc.driver.T4CStatement.executeForRows(T4CStatement.java:1000)
	at oracle.jdbc.driver.OracleStatement.doExecuteWithTimeout(OracleStatement.java:1307)
	at oracle.jdbc.driver.OracleStatement.executeQuery(OracleStatement.java:1469)
	at oracle.jdbc.driver.OracleStatementWrapper.executeQuery(OracleStatementWrapper.java:389)
	at org.apache.jsp.signup_jsp._jspService(signup_jsp.java:186)
	at org.apache.jasper.runtime.HttpJspBase.service(HttpJspBase.java:70)
	at javax.servlet.http.HttpServlet.service(HttpServlet.java:717)
	at org.apache.jasper.servlet.JspServletWrapper.service(JspServletWrapper.java:388)
	at org.apache.jasper.servlet.JspServlet.serviceJspFile(JspServlet.java:313)
	at org.apache.jasper.servlet.JspServlet.service(JspServlet.java:260)
	at javax.servlet.http.HttpServlet.service(HttpServlet.java:717)
	at org.apache.catalina.core.ApplicationFilterChain.internalDoFilter(ApplicationFilterChain.java:290)
	at org.apache.catalina.core.ApplicationFilterChain.doFilter(ApplicationFilterChain.java:206)
	at org.apache.catalina.core.StandardWrapperValve.invoke(StandardWrapperValve.java:233)
	at org.apache.catalina.core.StandardContextValve.invoke(StandardContextValve.java:191)
	at org.apache.catalina.core.StandardHostValve.invoke(StandardHostValve.java:127)
	at org.apache.catalina.valves.ErrorReportValve.invoke(ErrorReportValve.java:102)
	at org.apache.catalina.core.StandardEngineValve.invoke(StandardEngineValve.java:109)
	at org.apache.catalina.connector.CoyoteAdapter.service(CoyoteAdapter.java:293)
	at org.apache.coyote.http11.Http11Processor.process(Http11Processor.java:859)
	at org.apache.coyote.http11.Http11Protocol$Http11ConnectionHandler.process(Http11Protocol.java:602)
	at org.apache.tomcat.util.net.JIoEndpoint$Worker.run(JIoEndpoint.java:489)
	at java.lang.Thread.run(Thread.java:701)
